[ 2018-11-05T09:51:03+08:00 ] 127.0.0.1 /admin
INFO: [ app_init ] --START--
INFO: Run Behavior\BuildLiteBehavior [ RunTime:0.000013s ]
INFO: [ app_init ] --END-- [ RunTime:0.000629s ]
INFO: [ app_begin ] --START--
INFO: Run Behavior\ReadHtmlCacheBehavior [ RunTime:0.000814s ]
INFO: [ app_begin ] --END-- [ RunTime:0.000861s ]
INFO: [ view_parse ] --START--
INFO: [ template_filter ] --START--
INFO: Run Behavior\ContentReplaceBehavior [ RunTime:0.000071s ]
INFO: [ template_filter ] --END-- [ RunTime:0.000118s ]
INFO: Run Behavior\ParseTemplateBehavior [ RunTime:0.012612s ]
INFO: [ view_parse ] --END-- [ RunTime:0.012673s ]
INFO: [ view_filter ] --START--
INFO: Run Behavior\WriteHtmlCacheBehavior [ RunTime:0.000608s ]
INFO: [ view_filter ] --END-- [ RunTime:0.000641s ]
INFO: [ app_end ] --START--
INFO: Run Behavior\ShowPageTraceBehavior [ RunTime:0.000855s ]
INFO: [ app_end ] --END-- [ RunTime:0.000895s ]

[ 2018-11-05T09:51:26+08:00 ] 127.0.0.1 /Admin/Index/login
INFO: [ app_init ] --START--
INFO: Run Behavior\BuildLiteBehavior [ RunTime:0.000012s ]
INFO: [ app_init ] --END-- [ RunTime:0.000549s ]
INFO: [ app_begin ] --START--
INFO: Run Behavior\ReadHtmlCacheBehavior [ RunTime:0.000771s ]
INFO: [ app_begin ] --END-- [ RunTime:0.000827s ]
ERR: SQLSTATE[HY000] [1045] Access denied for user 'root'@'localhost' (using password: YES)

[ 2018-11-05T09:54:00+08:00 ] 127.0.0.1 /admin
INFO: [ app_init ] --START--
INFO: Run Behavior\BuildLiteBehavior [ RunTime:0.000014s ]
INFO: [ app_init ] --END-- [ RunTime:0.000464s ]
INFO: [ app_begin ] --START--
INFO: Run Behavior\ReadHtmlCacheBehavior [ RunTime:0.001017s ]
INFO: [ app_begin ] --END-- [ RunTime:0.001066s ]
INFO: [ view_parse ] --START--
INFO: [ template_filter ] --START--
INFO: Run Behavior\ContentReplaceBehavior [ RunTime:0.000072s ]
INFO: [ template_filter ] --END-- [ RunTime:0.000123s ]
INFO: Run Behavior\ParseTemplateBehavior [ RunTime:0.006807s ]
INFO: [ view_parse ] --END-- [ RunTime:0.006855s ]
INFO: [ view_filter ] --START--
INFO: Run Behavior\WriteHtmlCacheBehavior [ RunTime:0.000503s ]
INFO: [ view_filter ] --END-- [ RunTime:0.000537s ]
INFO: [ app_end ] --START--
INFO: Run Behavior\ShowPageTraceBehavior [ RunTime:0.000835s ]
INFO: [ app_end ] --END-- [ RunTime:0.000879s ]

[ 2018-11-05T09:54:19+08:00 ] 127.0.0.1 /Admin/Index/login
INFO: [ app_init ] --START--
INFO: Run Behavior\BuildLiteBehavior [ RunTime:0.000012s ]
INFO: [ app_init ] --END-- [ RunTime:0.000635s ]
INFO: [ app_begin ] --START--
INFO: Run Behavior\ReadHtmlCacheBehavior [ RunTime:0.000965s ]
INFO: [ app_begin ] --END-- [ RunTime:0.001021s ]
ERR: SQLSTATE[HY000] [1045] Access denied for user 'root'@'localhost' (using password: YES)

[ 2018-11-05T09:54:45+08:00 ] 127.0.0.1 /admin
INFO: [ app_init ] --START--
INFO: Run Behavior\BuildLiteBehavior [ RunTime:0.000013s ]
INFO: [ app_init ] --END-- [ RunTime:0.000428s ]
INFO: [ app_begin ] --START--
INFO: Run Behavior\ReadHtmlCacheBehavior [ RunTime:0.000816s ]
INFO: [ app_begin ] --END-- [ RunTime:0.000869s ]
INFO: [ view_parse ] --START--
INFO: [ template_filter ] --START--
INFO: Run Behavior\ContentReplaceBehavior [ RunTime:0.000072s ]
INFO: [ template_filter ] --END-- [ RunTime:0.000118s ]
INFO: Run Behavior\ParseTemplateBehavior [ RunTime:0.007547s ]
INFO: [ view_parse ] --END-- [ RunTime:0.007605s ]
INFO: [ view_filter ] --START--
INFO: Run Behavior\WriteHtmlCacheBehavior [ RunTime:0.000485s ]
INFO: [ view_filter ] --END-- [ RunTime:0.000516s ]
INFO: [ app_end ] --START--
INFO: Run Behavior\ShowPageTraceBehavior [ RunTime:0.000716s ]
INFO: [ app_end ] --END-- [ RunTime:0.000751s ]

[ 2018-11-05T09:54:54+08:00 ] 127.0.0.1 /Admin/Index/login
INFO: [ app_init ] --START--
INFO: Run Behavior\BuildLiteBehavior [ RunTime:0.000015s ]
INFO: [ app_init ] --END-- [ RunTime:0.000662s ]
INFO: [ app_begin ] --START--
INFO: Run Behavior\ReadHtmlCacheBehavior [ RunTime:0.000656s ]
INFO: [ app_begin ] --END-- [ RunTime:0.000708s ]
ERR: SQLSTATE[HY000] [1045] Access denied for user 'root'@'localhost' (using password: YES)

[ 2018-11-05T09:55:46+08:00 ] 127.0.0.1 /admin
INFO: [ app_init ] --START--
INFO: Run Behavior\BuildLiteBehavior [ RunTime:0.000013s ]
INFO: [ app_init ] --END-- [ RunTime:0.000407s ]
INFO: [ app_begin ] --START--
INFO: Run Behavior\ReadHtmlCacheBehavior [ RunTime:0.000719s ]
INFO: [ app_begin ] --END-- [ RunTime:0.000761s ]
INFO: [ view_parse ] --START--
INFO: [ template_filter ] --START--
INFO: Run Behavior\ContentReplaceBehavior [ RunTime:0.000072s ]
INFO: [ template_filter ] --END-- [ RunTime:0.000124s ]
INFO: Run Behavior\ParseTemplateBehavior [ RunTime:0.007296s ]
INFO: [ view_parse ] --END-- [ RunTime:0.007348s ]
INFO: [ view_filter ] --START--
INFO: Run Behavior\WriteHtmlCacheBehavior [ RunTime:0.000527s ]
INFO: [ view_filter ] --END-- [ RunTime:0.000562s ]
INFO: [ app_end ] --START--
INFO: Run Behavior\ShowPageTraceBehavior [ RunTime:0.000778s ]
INFO: [ app_end ] --END-- [ RunTime:0.000850s ]

[ 2018-11-05T09:55:54+08:00 ] 127.0.0.1 /Admin/Index/login
INFO: [ app_init ] --START--
INFO: Run Behavior\BuildLiteBehavior [ RunTime:0.000012s ]
INFO: [ app_init ] --END-- [ RunTime:0.000466s ]
INFO: [ app_begin ] --START--
INFO: Run Behavior\ReadHtmlCacheBehavior [ RunTime:0.000729s ]
INFO: [ app_begin ] --END-- [ RunTime:0.000770s ]
ERR: SQLSTATE[HY000] [1045] Access denied for user 'root'@'localhost' (using password: YES)

[ 2018-11-05T09:56:37+08:00 ] 127.0.0.1 /Admin/Index/login
INFO: [ app_init ] --START--
INFO: Run Behavior\BuildLiteBehavior [ RunTime:0.000012s ]
INFO: [ app_init ] --END-- [ RunTime:0.000554s ]
INFO: [ app_begin ] --START--
INFO: Run Behavior\ReadHtmlCacheBehavior [ RunTime:0.001103s ]
INFO: [ app_begin ] --END-- [ RunTime:0.001147s ]

[ 2018-11-05T09:57:27+08:00 ] 127.0.0.1 /Admin/Index/login
INFO: [ app_init ] --START--
INFO: Run Behavior\BuildLiteBehavior [ RunTime:0.000013s ]
INFO: [ app_init ] --END-- [ RunTime:0.000493s ]
INFO: [ app_begin ] --START--
INFO: Run Behavior\ReadHtmlCacheBehavior [ RunTime:0.000678s ]
INFO: [ app_begin ] --END-- [ RunTime:0.000724s ]

[ 2018-11-05T09:58:45+08:00 ] 127.0.0.1 /Admin/Index/login
INFO: [ app_init ] --START--
INFO: Run Behavior\BuildLiteBehavior [ RunTime:0.000015s ]
INFO: [ app_init ] --END-- [ RunTime:0.000505s ]
INFO: [ app_begin ] --START--
INFO: Run Behavior\ReadHtmlCacheBehavior [ RunTime:0.001055s ]
INFO: [ app_begin ] --END-- [ RunTime:0.001102s ]
ERR: SQLSTATE[HY000] [1045] Access denied for user 'root'@'localhost' (using password: YES)

[ 2018-11-05T09:59:01+08:00 ] 127.0.0.1 /Admin/Index/login
INFO: [ app_init ] --START--
INFO: Run Behavior\BuildLiteBehavior [ RunTime:0.000013s ]
INFO: [ app_init ] --END-- [ RunTime:0.000442s ]
INFO: [ app_begin ] --START--
INFO: Run Behavior\ReadHtmlCacheBehavior [ RunTime:0.000743s ]
INFO: [ app_begin ] --END-- [ RunTime:0.000797s ]

[ 2018-11-05T10:03:23+08:00 ] 127.0.0.1 /admin
INFO: [ app_init ] --START--
INFO: Run Behavior\BuildLiteBehavior [ RunTime:0.000014s ]
INFO: [ app_init ] --END-- [ RunTime:0.000501s ]
INFO: [ app_begin ] --START--
INFO: Run Behavior\ReadHtmlCacheBehavior [ RunTime:0.000845s ]
INFO: [ app_begin ] --END-- [ RunTime:0.000896s ]
INFO: [ view_parse ] --START--
INFO: [ template_filter ] --START--
INFO: Run Behavior\ContentReplaceBehavior [ RunTime:0.000066s ]
INFO: [ template_filter ] --END-- [ RunTime:0.000105s ]
INFO: Run Behavior\ParseTemplateBehavior [ RunTime:0.006264s ]
INFO: [ view_parse ] --END-- [ RunTime:0.006309s ]
INFO: [ view_filter ] --START--
INFO: Run Behavior\WriteHtmlCacheBehavior [ RunTime:0.000553s ]
INFO: [ view_filter ] --END-- [ RunTime:0.000583s ]
INFO: [ app_end ] --START--
INFO: Run Behavior\ShowPageTraceBehavior [ RunTime:0.000746s ]
INFO: [ app_end ] --END-- [ RunTime:0.000780s ]

[ 2018-11-05T10:03:23+08:00 ] 127.0.0.1 /admin
INFO: [ app_init ] --START--
INFO: Run Behavior\BuildLiteBehavior [ RunTime:0.000014s ]
INFO: [ app_init ] --END-- [ RunTime:0.000639s ]
INFO: [ app_begin ] --START--
INFO: Run Behavior\ReadHtmlCacheBehavior [ RunTime:0.000756s ]
INFO: [ app_begin ] --END-- [ RunTime:0.000803s ]
INFO: [ view_parse ] --START--
INFO: [ template_filter ] --START--
INFO: Run Behavior\ContentReplaceBehavior [ RunTime:0.000069s ]
INFO: [ template_filter ] --END-- [ RunTime:0.000113s ]
INFO: Run Behavior\ParseTemplateBehavior [ RunTime:0.006663s ]
INFO: [ view_parse ] --END-- [ RunTime:0.006735s ]
INFO: [ view_filter ] --START--
INFO: Run Behavior\WriteHtmlCacheBehavior [ RunTime:0.000571s ]
INFO: [ view_filter ] --END-- [ RunTime:0.000607s ]
INFO: [ app_end ] --START--
INFO: Run Behavior\ShowPageTraceBehavior [ RunTime:0.000740s ]
INFO: [ app_end ] --END-- [ RunTime:0.000778s ]

[ 2018-11-05T10:03:23+08:00 ] 127.0.0.1 /admin
INFO: [ app_init ] --START--
INFO: Run Behavior\BuildLiteBehavior [ RunTime:0.000014s ]
INFO: [ app_init ] --END-- [ RunTime:0.000457s ]
INFO: [ app_begin ] --START--
INFO: Run Behavior\ReadHtmlCacheBehavior [ RunTime:0.000608s ]
INFO: [ app_begin ] --END-- [ RunTime:0.000663s ]
INFO: [ view_parse ] --START--
INFO: [ template_filter ] --START--
INFO: Run Behavior\ContentReplaceBehavior [ RunTime:0.000093s ]
INFO: [ template_filter ] --END-- [ RunTime:0.000158s ]
INFO: Run Behavior\ParseTemplateBehavior [ RunTime:0.007148s ]
INFO: [ view_parse ] --END-- [ RunTime:0.007201s ]
INFO: [ view_filter ] --START--
INFO: Run Behavior\WriteHtmlCacheBehavior [ RunTime:0.000495s ]
INFO: [ view_filter ] --END-- [ RunTime:0.000569s ]
INFO: [ app_end ] --START--
INFO: Run Behavior\ShowPageTraceBehavior [ RunTime:0.000666s ]
INFO: [ app_end ] --END-- [ RunTime:0.000703s ]

[ 2018-11-05T10:03:28+08:00 ] 127.0.0.1 /Admin/Index/login
INFO: [ app_init ] --START--
INFO: Run Behavior\BuildLiteBehavior [ RunTime:0.000011s ]
INFO: [ app_init ] --END-- [ RunTime:0.000554s ]
INFO: [ app_begin ] --START--
INFO: Run Behavior\ReadHtmlCacheBehavior [ RunTime:0.000715s ]
INFO: [ app_begin ] --END-- [ RunTime:0.000756s ]

[ 2018-11-05T10:03:59+08:00 ] 127.0.0.1 /Admin/Index/login
INFO: [ app_init ] --START--
INFO: Run Behavior\BuildLiteBehavior [ RunTime:0.000011s ]
INFO: [ app_init ] --END-- [ RunTime:0.000526s ]
INFO: [ app_begin ] --START--
INFO: Run Behavior\ReadHtmlCacheBehavior [ RunTime:0.000715s ]
INFO: [ app_begin ] --END-- [ RunTime:0.000759s ]
SQL: SHOW COLUMNS FROM `user` [ RunTime:0.0035s ]
SQL: select name, password from user where name ='admin' and password = '14e1b600b1fd579f47433b88e8d85291' [ RunTime:0.0005s ]
INFO: [ view_parse ] --START--
INFO: [ template_filter ] --START--
INFO: Run Behavior\ContentReplaceBehavior [ RunTime:0.000058s ]
INFO: [ template_filter ] --END-- [ RunTime:0.000134s ]
INFO: Run Behavior\ParseTemplateBehavior [ RunTime:0.006821s ]
INFO: [ view_parse ] --END-- [ RunTime:0.006874s ]
INFO: [ view_filter ] --START--
INFO: Run Behavior\WriteHtmlCacheBehavior [ RunTime:0.000549s ]
INFO: [ view_filter ] --END-- [ RunTime:0.000585s ]

[ 2018-11-05T10:04:07+08:00 ] 127.0.0.1 /Admin/Index/login
INFO: [ app_init ] --START--
INFO: Run Behavior\BuildLiteBehavior [ RunTime:0.000012s ]
INFO: [ app_init ] --END-- [ RunTime:0.000480s ]
INFO: [ app_begin ] --START--
INFO: Run Behavior\ReadHtmlCacheBehavior [ RunTime:0.000905s ]
INFO: [ app_begin ] --END-- [ RunTime:0.000948s ]
SQL: SHOW COLUMNS FROM `user` [ RunTime:0.0034s ]
SQL: select name, password from user where name ='admin' and password = '14e1b600b1fd579f47433b88e8d85291' [ RunTime:0.0005s ]
INFO: [ view_parse ] --START--
INFO: [ template_filter ] --START--
INFO: Run Behavior\ContentReplaceBehavior [ RunTime:0.000102s ]
INFO: [ template_filter ] --END-- [ RunTime:0.000170s ]
INFO: Run Behavior\ParseTemplateBehavior [ RunTime:0.006664s ]
INFO: [ view_parse ] --END-- [ RunTime:0.006710s ]
INFO: [ view_filter ] --START--
INFO: Run Behavior\WriteHtmlCacheBehavior [ RunTime:0.000618s ]
INFO: [ view_filter ] --END-- [ RunTime:0.000652s ]

[ 2018-11-05T10:04:11+08:00 ] 127.0.0.1 /admin
INFO: [ app_init ] --START--
INFO: Run Behavior\BuildLiteBehavior [ RunTime:0.000018s ]
INFO: [ app_init ] --END-- [ RunTime:0.000498s ]
INFO: [ app_begin ] --START--
INFO: Run Behavior\ReadHtmlCacheBehavior [ RunTime:0.000842s ]
INFO: [ app_begin ] --END-- [ RunTime:0.000889s ]
INFO: [ view_parse ] --START--
INFO: [ template_filter ] --START--
INFO: Run Behavior\ContentReplaceBehavior [ RunTime:0.000059s ]
INFO: [ template_filter ] --END-- [ RunTime:0.000098s ]
INFO: Run Behavior\ParseTemplateBehavior [ RunTime:0.006938s ]
INFO: [ view_parse ] --END-- [ RunTime:0.006984s ]
INFO: [ view_filter ] --START--
INFO: Run Behavior\WriteHtmlCacheBehavior [ RunTime:0.000526s ]
INFO: [ view_filter ] --END-- [ RunTime:0.000569s ]
INFO: [ app_end ] --START--
INFO: Run Behavior\ShowPageTraceBehavior [ RunTime:0.000870s ]
INFO: [ app_end ] --END-- [ RunTime:0.000903s ]

[ 2018-11-05T10:04:12+08:00 ] 127.0.0.1 /admin
INFO: [ app_init ] --START--
INFO: Run Behavior\BuildLiteBehavior [ RunTime:0.000013s ]
INFO: [ app_init ] --END-- [ RunTime:0.000566s ]
INFO: [ app_begin ] --START--
INFO: Run Behavior\ReadHtmlCacheBehavior [ RunTime:0.000642s ]
INFO: [ app_begin ] --END-- [ RunTime:0.000682s ]
INFO: [ view_parse ] --START--
INFO: [ template_filter ] --START--
INFO: Run Behavior\ContentReplaceBehavior [ RunTime:0.000069s ]
INFO: [ template_filter ] --END-- [ RunTime:0.000114s ]
INFO: Run Behavior\ParseTemplateBehavior [ RunTime:0.006139s ]
INFO: [ view_parse ] --END-- [ RunTime:0.006185s ]
INFO: [ view_filter ] --START--
INFO: Run Behavior\WriteHtmlCacheBehavior [ RunTime:0.000448s ]
INFO: [ view_filter ] --END-- [ RunTime:0.000486s ]
INFO: [ app_end ] --START--
INFO: Run Behavior\ShowPageTraceBehavior [ RunTime:0.000942s ]
INFO: [ app_end ] --END-- [ RunTime:0.001000s ]

[ 2018-11-05T10:04:17+08:00 ] 127.0.0.1 /Admin/Index/login
INFO: [ app_init ] --START--
INFO: Run Behavior\BuildLiteBehavior [ RunTime:0.000013s ]
INFO: [ app_init ] --END-- [ RunTime:0.000433s ]
INFO: [ app_begin ] --START--
INFO: Run Behavior\ReadHtmlCacheBehavior [ RunTime:0.000666s ]
INFO: [ app_begin ] --END-- [ RunTime:0.000710s ]
SQL: SHOW COLUMNS FROM `user` [ RunTime:0.0034s ]
SQL: select name, password from user where name ='admin' and password = '14e1b600b1fd579f47433b88e8d85291' [ RunTime:0.0003s ]
INFO: [ view_parse ] --START--
INFO: [ template_filter ] --START--
INFO: Run Behavior\ContentReplaceBehavior [ RunTime:0.000047s ]
INFO: [ template_filter ] --END-- [ RunTime:0.000094s ]
INFO: Run Behavior\ParseTemplateBehavior [ RunTime:0.006368s ]
INFO: [ view_parse ] --END-- [ RunTime:0.006413s ]
INFO: [ view_filter ] --START--
INFO: Run Behavior\WriteHtmlCacheBehavior [ RunTime:0.000441s ]
INFO: [ view_filter ] --END-- [ RunTime:0.000473s ]

[ 2018-11-05T10:05:08+08:00 ] 127.0.0.1 /Admin/Index/login
INFO: [ app_init ] --START--
INFO: Run Behavior\BuildLiteBehavior [ RunTime:0.000012s ]
INFO: [ app_init ] --END-- [ RunTime:0.000562s ]
INFO: [ app_begin ] --START--
INFO: Run Behavior\ReadHtmlCacheBehavior [ RunTime:0.000764s ]
INFO: [ app_begin ] --END-- [ RunTime:0.000813s ]
SQL: SHOW COLUMNS FROM `user` [ RunTime:0.0035s ]
SQL: select name, password from user where name ='admin' and password = '14e1b600b1fd579f47433b88e8d85291' [ RunTime:0.0004s ]
INFO: [ view_parse ] --START--
INFO: [ template_filter ] --START--
INFO: Run Behavior\ContentReplaceBehavior [ RunTime:0.000048s ]
INFO: [ template_filter ] --END-- [ RunTime:0.000091s ]
INFO: Run Behavior\ParseTemplateBehavior [ RunTime:0.006828s ]
INFO: [ view_parse ] --END-- [ RunTime:0.006873s ]
INFO: [ view_filter ] --START--
INFO: Run Behavior\WriteHtmlCacheBehavior [ RunTime:0.000479s ]
INFO: [ view_filter ] --END-- [ RunTime:0.000512s ]
INFO: [ app_end ] --START--
INFO: Run Behavior\ShowPageTraceBehavior [ RunTime:0.000892s ]
INFO: [ app_end ] --END-- [ RunTime:0.000929s ]

[ 2018-11-05T10:05:09+08:00 ] 127.0.0.1 /Admin/Index/main
INFO: [ app_init ] --START--
INFO: Run Behavior\BuildLiteBehavior [ RunTime:0.000012s ]
INFO: [ app_init ] --END-- [ RunTime:0.000454s ]
INFO: [ app_begin ] --START--
INFO: Run Behavior\ReadHtmlCacheBehavior [ RunTime:0.000865s ]
INFO: [ app_begin ] --END-- [ RunTime:0.000933s ]
INFO: [ view_parse ] --START--
INFO: [ template_filter ] --START--
INFO: Run Behavior\ContentReplaceBehavior [ RunTime:0.000046s ]
INFO: [ template_filter ] --END-- [ RunTime:0.000089s ]
INFO: Run Behavior\ParseTemplateBehavior [ RunTime:0.007670s ]
INFO: [ view_parse ] --END-- [ RunTime:0.007768s ]
INFO: [ view_filter ] --START--
INFO: Run Behavior\WriteHtmlCacheBehavior [ RunTime:0.000652s ]
INFO: [ view_filter ] --END-- [ RunTime:0.000683s ]
INFO: [ app_end ] --START--
INFO: Run Behavior\ShowPageTraceBehavior [ RunTime:0.000988s ]
INFO: [ app_end ] --END-- [ RunTime:0.001026s ]

[ 2018-11-05T10:05:09+08:00 ] 127.0.0.1 /Admin/Index/sayHello
INFO: [ app_init ] --START--
INFO: Run Behavior\BuildLiteBehavior [ RunTime:0.000014s ]
INFO: [ app_init ] --END-- [ RunTime:0.000455s ]
INFO: [ app_begin ] --START--
INFO: Run Behavior\ReadHtmlCacheBehavior [ RunTime:0.000819s ]
INFO: [ app_begin ] --END-- [ RunTime:0.000872s ]
NOTIC: [2] mysql_get_server_info(): Access denied for user ''@'localhost' (using password: NO) C:\phpStudy\PHPTutorial\WWW\php-admin\wwwroot\Application\Admin\Controller\IndexController.class.php 第 14 行.
NOTIC: [2] mysql_get_server_info(): A link to the server could not be established C:\phpStudy\PHPTutorial\WWW\php-admin\wwwroot\Application\Admin\Controller\IndexController.class.php 第 14 行.
NOTIC: [8] Undefined variable: count C:\phpStudy\PHPTutorial\WWW\php-admin\wwwroot\Application\Admin\Controller\IndexController.class.php 第 24 行.
NOTIC: [8] Undefined variable: hostip C:\phpStudy\PHPTutorial\WWW\php-admin\wwwroot\Application\Admin\Controller\IndexController.class.php 第 27 行.
INFO: [ view_parse ] --START--
INFO: [ template_filter ] --START--
INFO: Run Behavior\ContentReplaceBehavior [ RunTime:0.000042s ]
INFO: [ template_filter ] --END-- [ RunTime:0.000088s ]
INFO: Run Behavior\ParseTemplateBehavior [ RunTime:0.006478s ]
INFO: [ view_parse ] --END-- [ RunTime:0.006532s ]
INFO: [ view_filter ] --START--
INFO: Run Behavior\WriteHtmlCacheBehavior [ RunTime:0.000474s ]
INFO: [ view_filter ] --END-- [ RunTime:0.000507s ]
INFO: [ app_end ] --START--
INFO: Run Behavior\ShowPageTraceBehavior [ RunTime:0.000708s ]
INFO: [ app_end ] --END-- [ RunTime:0.000744s ]

[ 2018-11-05T10:05:11+08:00 ] 127.0.0.1 /Admin/Index/sayHello
INFO: [ app_init ] --START--
INFO: Run Behavior\BuildLiteBehavior [ RunTime:0.000011s ]
INFO: [ app_init ] --END-- [ RunTime:0.000468s ]
INFO: [ app_begin ] --START--
INFO: Run Behavior\ReadHtmlCacheBehavior [ RunTime:0.000647s ]
INFO: [ app_begin ] --END-- [ RunTime:0.000686s ]
NOTIC: [2] mysql_get_server_info(): Access denied for user ''@'localhost' (using password: NO) C:\phpStudy\PHPTutorial\WWW\php-admin\wwwroot\Application\Admin\Controller\IndexController.class.php 第 14 行.
NOTIC: [2] mysql_get_server_info(): A link to the server could not be established C:\phpStudy\PHPTutorial\WWW\php-admin\wwwroot\Application\Admin\Controller\IndexController.class.php 第 14 行.
NOTIC: [8] Undefined variable: count C:\phpStudy\PHPTutorial\WWW\php-admin\wwwroot\Application\Admin\Controller\IndexController.class.php 第 24 行.
NOTIC: [8] Undefined variable: hostip C:\phpStudy\PHPTutorial\WWW\php-admin\wwwroot\Application\Admin\Controller\IndexController.class.php 第 27 行.
INFO: [ view_parse ] --START--
INFO: [ template_filter ] --START--
INFO: Run Behavior\ContentReplaceBehavior [ RunTime:0.000037s ]
INFO: [ template_filter ] --END-- [ RunTime:0.000076s ]
INFO: Run Behavior\ParseTemplateBehavior [ RunTime:0.006155s ]
INFO: [ view_parse ] --END-- [ RunTime:0.006200s ]
INFO: [ view_filter ] --START--
INFO: Run Behavior\WriteHtmlCacheBehavior [ RunTime:0.000490s ]
INFO: [ view_filter ] --END-- [ RunTime:0.000537s ]
INFO: [ app_end ] --START--
INFO: Run Behavior\ShowPageTraceBehavior [ RunTime:0.000983s ]
INFO: [ app_end ] --END-- [ RunTime:0.001016s ]

[ 2018-11-05T10:05:14+08:00 ] 127.0.0.1 /Admin/Guestbook/initGuestbookList
INFO: [ app_init ] --START--
INFO: Run Behavior\BuildLiteBehavior [ RunTime:0.000011s ]
INFO: [ app_init ] --END-- [ RunTime:0.000402s ]
INFO: [ app_begin ] --START--
INFO: Run Behavior\ReadHtmlCacheBehavior [ RunTime:0.000612s ]
INFO: [ app_begin ] --END-- [ RunTime:0.000678s ]
NOTIC: [8] Undefined index: fromtime C:\phpStudy\PHPTutorial\WWW\php-admin\wwwroot\Application\Admin\Controller\GuestbookController.class.php 第 13 行.
NOTIC: [8] Undefined index: totime C:\phpStudy\PHPTutorial\WWW\php-admin\wwwroot\Application\Admin\Controller\GuestbookController.class.php 第 14 行.
NOTIC: [8] Undefined index: field C:\phpStudy\PHPTutorial\WWW\php-admin\wwwroot\Application\Admin\Controller\GuestbookController.class.php 第 15 行.
NOTIC: [8] Undefined index: field C:\phpStudy\PHPTutorial\WWW\php-admin\wwwroot\Application\Admin\Controller\GuestbookController.class.php 第 24 行.
NOTIC: [8] Undefined index: field C:\phpStudy\PHPTutorial\WWW\php-admin\wwwroot\Application\Admin\Controller\GuestbookController.class.php 第 29 行.
NOTIC: [8] Undefined index: field C:\phpStudy\PHPTutorial\WWW\php-admin\wwwroot\Application\Admin\Controller\GuestbookController.class.php 第 34 行.
NOTIC: [8] Undefined index: field C:\phpStudy\PHPTutorial\WWW\php-admin\wwwroot\Application\Admin\Controller\GuestbookController.class.php 第 43 行.
SQL: SHOW COLUMNS FROM `guestbook` [ RunTime:0.0033s ]
SQL: SELECT COUNT(*) AS tp_count FROM `guestbook` LIMIT 1   [ RunTime:0.0003s ]
SQL: SELECT * FROM `guestbook` ORDER BY create_time desc LIMIT 0,13   [ RunTime:0.0006s ]
INFO: [ view_parse ] --START--
INFO: [ template_filter ] --START--
INFO: Run Behavior\ContentReplaceBehavior [ RunTime:0.000083s ]
INFO: [ template_filter ] --END-- [ RunTime:0.000137s ]
INFO: Run Behavior\ParseTemplateBehavior [ RunTime:0.007840s ]
INFO: [ view_parse ] --END-- [ RunTime:0.007881s ]
INFO: [ view_filter ] --START--
INFO: Run Behavior\WriteHtmlCacheBehavior [ RunTime:0.000403s ]
INFO: [ view_filter ] --END-- [ RunTime:0.000432s ]
INFO: [ app_end ] --START--
INFO: Run Behavior\ShowPageTraceBehavior [ RunTime:0.001645s ]
INFO: [ app_end ] --END-- [ RunTime:0.001695s ]

[ 2018-11-05T10:05:16+08:00 ] 127.0.0.1 /Admin/Guestbook/initexportList
INFO: [ app_init ] --START--
INFO: Run Behavior\BuildLiteBehavior [ RunTime:0.000013s ]
INFO: [ app_init ] --END-- [ RunTime:0.000406s ]
INFO: [ app_begin ] --START--
INFO: Run Behavior\ReadHtmlCacheBehavior [ RunTime:0.000599s ]
INFO: [ app_begin ] --END-- [ RunTime:0.000638s ]
INFO: [ view_parse ] --START--
INFO: [ template_filter ] --START--
INFO: Run Behavior\ContentReplaceBehavior [ RunTime:0.000099s ]
INFO: [ template_filter ] --END-- [ RunTime:0.000176s ]
INFO: Run Behavior\ParseTemplateBehavior [ RunTime:0.006271s ]
INFO: [ view_parse ] --END-- [ RunTime:0.006318s ]
INFO: [ view_filter ] --START--
INFO: Run Behavior\WriteHtmlCacheBehavior [ RunTime:0.000452s ]
INFO: [ view_filter ] --END-- [ RunTime:0.000483s ]
INFO: [ app_end ] --START--
INFO: Run Behavior\ShowPageTraceBehavior [ RunTime:0.000700s ]
INFO: [ app_end ] --END-- [ RunTime:0.000736s ]

[ 2018-11-05T10:05:17+08:00 ] 127.0.0.1 /Admin/Guestbook/initGuestbookList
INFO: [ app_init ] --START--
INFO: Run Behavior\BuildLiteBehavior [ RunTime:0.000013s ]
INFO: [ app_init ] --END-- [ RunTime:0.000392s ]
INFO: [ app_begin ] --START--
INFO: Run Behavior\ReadHtmlCacheBehavior [ RunTime:0.000583s ]
INFO: [ app_begin ] --END-- [ RunTime:0.000623s ]
NOTIC: [8] Undefined index: fromtime C:\phpStudy\PHPTutorial\WWW\php-admin\wwwroot\Application\Admin\Controller\GuestbookController.class.php 第 13 行.
NOTIC: [8] Undefined index: totime C:\phpStudy\PHPTutorial\WWW\php-admin\wwwroot\Application\Admin\Controller\GuestbookController.class.php 第 14 行.
NOTIC: [8] Undefined index: field C:\phpStudy\PHPTutorial\WWW\php-admin\wwwroot\Application\Admin\Controller\GuestbookController.class.php 第 15 行.
NOTIC: [8] Undefined index: field C:\phpStudy\PHPTutorial\WWW\php-admin\wwwroot\Application\Admin\Controller\GuestbookController.class.php 第 24 行.
NOTIC: [8] Undefined index: field C:\phpStudy\PHPTutorial\WWW\php-admin\wwwroot\Application\Admin\Controller\GuestbookController.class.php 第 29 行.
NOTIC: [8] Undefined index: field C:\phpStudy\PHPTutorial\WWW\php-admin\wwwroot\Application\Admin\Controller\GuestbookController.class.php 第 34 行.
NOTIC: [8] Undefined index: field C:\phpStudy\PHPTutorial\WWW\php-admin\wwwroot\Application\Admin\Controller\GuestbookController.class.php 第 43 行.
SQL: SHOW COLUMNS FROM `guestbook` [ RunTime:0.0031s ]
SQL: SELECT COUNT(*) AS tp_count FROM `guestbook` LIMIT 1   [ RunTime:0.0002s ]
SQL: SELECT * FROM `guestbook` ORDER BY create_time desc LIMIT 0,13   [ RunTime:0.0007s ]
INFO: [ view_parse ] --START--
INFO: [ template_filter ] --START--
INFO: Run Behavior\ContentReplaceBehavior [ RunTime:0.000087s ]
INFO: [ template_filter ] --END-- [ RunTime:0.000131s ]
INFO: Run Behavior\ParseTemplateBehavior [ RunTime:0.007949s ]
INFO: [ view_parse ] --END-- [ RunTime:0.007998s ]
INFO: [ view_filter ] --START--
INFO: Run Behavior\WriteHtmlCacheBehavior [ RunTime:0.000535s ]
INFO: [ view_filter ] --END-- [ RunTime:0.000566s ]
INFO: [ app_end ] --START--
INFO: Run Behavior\ShowPageTraceBehavior [ RunTime:0.001094s ]
INFO: [ app_end ] --END-- [ RunTime:0.001155s ]

[ 2018-11-05T10:05:18+08:00 ] 127.0.0.1 /Admin/Guestbook/initexportList
INFO: [ app_init ] --START--
INFO: Run Behavior\BuildLiteBehavior [ RunTime:0.000013s ]
INFO: [ app_init ] --END-- [ RunTime:0.000408s ]
INFO: [ app_begin ] --START--
INFO: Run Behavior\ReadHtmlCacheBehavior [ RunTime:0.000601s ]
INFO: [ app_begin ] --END-- [ RunTime:0.000646s ]
INFO: [ view_parse ] --START--
INFO: [ template_filter ] --START--
INFO: Run Behavior\ContentReplaceBehavior [ RunTime:0.000065s ]
INFO: [ template_filter ] --END-- [ RunTime:0.000122s ]
INFO: Run Behavior\ParseTemplateBehavior [ RunTime:0.006810s ]
INFO: [ view_parse ] --END-- [ RunTime:0.006855s ]
INFO: [ view_filter ] --START--
INFO: Run Behavior\WriteHtmlCacheBehavior [ RunTime:0.000530s ]
INFO: [ view_filter ] --END-- [ RunTime:0.000573s ]
INFO: [ app_end ] --START--
INFO: Run Behavior\ShowPageTraceBehavior [ RunTime:0.000677s ]
INFO: [ app_end ] --END-- [ RunTime:0.000711s ]

[ 2018-11-05T10:05:19+08:00 ] 127.0.0.1 /Admin/Guestbook/initGuestbookList
INFO: [ app_init ] --START--
INFO: Run Behavior\BuildLiteBehavior [ RunTime:0.000011s ]
INFO: [ app_init ] --END-- [ RunTime:0.000421s ]
INFO: [ app_begin ] --START--
INFO: Run Behavior\ReadHtmlCacheBehavior [ RunTime:0.000767s ]
INFO: [ app_begin ] --END-- [ RunTime:0.000807s ]
NOTIC: [8] Undefined index: fromtime C:\phpStudy\PHPTutorial\WWW\php-admin\wwwroot\Application\Admin\Controller\GuestbookController.class.php 第 13 行.
NOTIC: [8] Undefined index: totime C:\phpStudy\PHPTutorial\WWW\php-admin\wwwroot\Application\Admin\Controller\GuestbookController.class.php 第 14 行.
NOTIC: [8] Undefined index: field C:\phpStudy\PHPTutorial\WWW\php-admin\wwwroot\Application\Admin\Controller\GuestbookController.class.php 第 15 行.
NOTIC: [8] Undefined index: field C:\phpStudy\PHPTutorial\WWW\php-admin\wwwroot\Application\Admin\Controller\GuestbookController.class.php 第 24 行.
NOTIC: [8] Undefined index: field C:\phpStudy\PHPTutorial\WWW\php-admin\wwwroot\Application\Admin\Controller\GuestbookController.class.php 第 29 行.
NOTIC: [8] Undefined index: field C:\phpStudy\PHPTutorial\WWW\php-admin\wwwroot\Application\Admin\Controller\GuestbookController.class.php 第 34 行.
NOTIC: [8] Undefined index: field C:\phpStudy\PHPTutorial\WWW\php-admin\wwwroot\Application\Admin\Controller\GuestbookController.class.php 第 43 行.
SQL: SHOW COLUMNS FROM `guestbook` [ RunTime:0.0037s ]
SQL: SELECT COUNT(*) AS tp_count FROM `guestbook` LIMIT 1   [ RunTime:0.0003s ]
SQL: SELECT * FROM `guestbook` ORDER BY create_time desc LIMIT 0,13   [ RunTime:0.0005s ]
INFO: [ view_parse ] --START--
INFO: [ template_filter ] --START--
INFO: Run Behavior\ContentReplaceBehavior [ RunTime:0.000078s ]
INFO: [ template_filter ] --END-- [ RunTime:0.000112s ]
INFO: Run Behavior\ParseTemplateBehavior [ RunTime:0.007602s ]
INFO: [ view_parse ] --END-- [ RunTime:0.007641s ]
INFO: [ view_filter ] --START--
INFO: Run Behavior\WriteHtmlCacheBehavior [ RunTime:0.000579s ]
INFO: [ view_filter ] --END-- [ RunTime:0.000622s ]
INFO: [ app_end ] --START--
INFO: Run Behavior\ShowPageTraceBehavior [ RunTime:0.000992s ]
INFO: [ app_end ] --END-- [ RunTime:0.001032s ]

[ 2018-11-05T10:05:26+08:00 ] 127.0.0.1 /Admin/Guestbook/initGuestbookList
INFO: [ app_init ] --START--
INFO: Run Behavior\BuildLiteBehavior [ RunTime:0.000013s ]
INFO: [ app_init ] --END-- [ RunTime:0.000406s ]
INFO: [ app_begin ] --START--
INFO: Run Behavior\ReadHtmlCacheBehavior [ RunTime:0.000678s ]
INFO: [ app_begin ] --END-- [ RunTime:0.000716s ]
NOTIC: [8] Undefined index: fromtime C:\phpStudy\PHPTutorial\WWW\php-admin\wwwroot\Application\Admin\Controller\GuestbookController.class.php 第 13 行.
NOTIC: [8] Undefined index: totime C:\phpStudy\PHPTutorial\WWW\php-admin\wwwroot\Application\Admin\Controller\GuestbookController.class.php 第 14 行.
NOTIC: [8] Undefined index: field C:\phpStudy\PHPTutorial\WWW\php-admin\wwwroot\Application\Admin\Controller\GuestbookController.class.php 第 15 行.
NOTIC: [8] Undefined index: field C:\phpStudy\PHPTutorial\WWW\php-admin\wwwroot\Application\Admin\Controller\GuestbookController.class.php 第 24 行.
NOTIC: [8] Undefined index: field C:\phpStudy\PHPTutorial\WWW\php-admin\wwwroot\Application\Admin\Controller\GuestbookController.class.php 第 29 行.
NOTIC: [8] Undefined index: field C:\phpStudy\PHPTutorial\WWW\php-admin\wwwroot\Application\Admin\Controller\GuestbookController.class.php 第 34 行.
NOTIC: [8] Undefined index: field C:\phpStudy\PHPTutorial\WWW\php-admin\wwwroot\Application\Admin\Controller\GuestbookController.class.php 第 43 行.
SQL: SHOW COLUMNS FROM `guestbook` [ RunTime:0.0033s ]
SQL: SELECT COUNT(*) AS tp_count FROM `guestbook` LIMIT 1   [ RunTime:0.0002s ]
SQL: SELECT * FROM `guestbook` ORDER BY create_time desc LIMIT 0,13   [ RunTime:0.0005s ]
INFO: [ view_parse ] --START--
INFO: [ template_filter ] --START--
INFO: Run Behavior\ContentReplaceBehavior [ RunTime:0.000082s ]
INFO: [ template_filter ] --END-- [ RunTime:0.000123s ]
INFO: Run Behavior\ParseTemplateBehavior [ RunTime:0.007739s ]
INFO: [ view_parse ] --END-- [ RunTime:0.007782s ]
INFO: [ view_filter ] --START--
INFO: Run Behavior\WriteHtmlCacheBehavior [ RunTime:0.000492s ]
INFO: [ view_filter ] --END-- [ RunTime:0.000525s ]
INFO: [ app_end ] --START--
INFO: Run Behavior\ShowPageTraceBehavior [ RunTime:0.000822s ]
INFO: [ app_end ] --END-- [ RunTime:0.000864s ]

[ 2018-11-05T10:05:26+08:00 ] 127.0.0.1 /Admin/Guestbook/initexportList
INFO: [ app_init ] --START--
INFO: Run Behavior\BuildLiteBehavior [ RunTime:0.000012s ]
INFO: [ app_init ] --END-- [ RunTime:0.000473s ]
INFO: [ app_begin ] --START--
INFO: Run Behavior\ReadHtmlCacheBehavior [ RunTime:0.000622s ]
INFO: [ app_begin ] --END-- [ RunTime:0.000659s ]
INFO: [ view_parse ] --START--
INFO: [ template_filter ] --START--
INFO: Run Behavior\ContentReplaceBehavior [ RunTime:0.000065s ]
INFO: [ template_filter ] --END-- [ RunTime:0.000108s ]
INFO: Run Behavior\ParseTemplateBehavior [ RunTime:0.006942s ]
INFO: [ view_parse ] --END-- [ RunTime:0.006987s ]
INFO: [ view_filter ] --START--
INFO: Run Behavior\WriteHtmlCacheBehavior [ RunTime:0.000518s ]
INFO: [ view_filter ] --END-- [ RunTime:0.000561s ]
INFO: [ app_end ] --START--
INFO: Run Behavior\ShowPageTraceBehavior [ RunTime:0.000718s ]
INFO: [ app_end ] --END-- [ RunTime:0.000751s ]

[ 2018-11-05T10:05:29+08:00 ] 127.0.0.1 /Admin/Guestbook/initGuestbookList
INFO: [ app_init ] --START--
INFO: Run Behavior\BuildLiteBehavior [ RunTime:0.000011s ]
INFO: [ app_init ] --END-- [ RunTime:0.000378s ]
INFO: [ app_begin ] --START--
INFO: Run Behavior\ReadHtmlCacheBehavior [ RunTime:0.000656s ]
INFO: [ app_begin ] --END-- [ RunTime:0.000695s ]
NOTIC: [8] Undefined index: fromtime C:\phpStudy\PHPTutorial\WWW\php-admin\wwwroot\Application\Admin\Controller\GuestbookController.class.php 第 13 行.
NOTIC: [8] Undefined index: totime C:\phpStudy\PHPTutorial\WWW\php-admin\wwwroot\Application\Admin\Controller\GuestbookController.class.php 第 14 行.
NOTIC: [8] Undefined index: field C:\phpStudy\PHPTutorial\WWW\php-admin\wwwroot\Application\Admin\Controller\GuestbookController.class.php 第 15 行.
NOTIC: [8] Undefined index: field C:\phpStudy\PHPTutorial\WWW\php-admin\wwwroot\Application\Admin\Controller\GuestbookController.class.php 第 24 行.
NOTIC: [8] Undefined index: field C:\phpStudy\PHPTutorial\WWW\php-admin\wwwroot\Application\Admin\Controller\GuestbookController.class.php 第 29 行.
NOTIC: [8] Undefined index: field C:\phpStudy\PHPTutorial\WWW\php-admin\wwwroot\Application\Admin\Controller\GuestbookController.class.php 第 34 行.
NOTIC: [8] Undefined index: field C:\phpStudy\PHPTutorial\WWW\php-admin\wwwroot\Application\Admin\Controller\GuestbookController.class.php 第 43 行.
SQL: SHOW COLUMNS FROM `guestbook` [ RunTime:0.0037s ]
SQL: SELECT COUNT(*) AS tp_count FROM `guestbook` LIMIT 1   [ RunTime:0.0003s ]
SQL: SELECT * FROM `guestbook` ORDER BY create_time desc LIMIT 0,13   [ RunTime:0.0005s ]
INFO: [ view_parse ] --START--
INFO: [ template_filter ] --START--
INFO: Run Behavior\ContentReplaceBehavior [ RunTime:0.000078s ]
INFO: [ template_filter ] --END-- [ RunTime:0.000112s ]
INFO: Run Behavior\ParseTemplateBehavior [ RunTime:0.007788s ]
INFO: [ view_parse ] --END-- [ RunTime:0.007871s ]
INFO: [ view_filter ] --START--
INFO: Run Behavior\WriteHtmlCacheBehavior [ RunTime:0.000611s ]
INFO: [ view_filter ] --END-- [ RunTime:0.000757s ]
INFO: [ app_end ] --START--
INFO: Run Behavior\ShowPageTraceBehavior [ RunTime:0.000859s ]
INFO: [ app_end ] --END-- [ RunTime:0.000905s ]

[ 2018-11-05T10:05:38+08:00 ] 127.0.0.1 /Admin/Guestbook/initGuestbookList/p/2.html
INFO: [ app_init ] --START--
INFO: Run Behavior\BuildLiteBehavior [ RunTime:0.000012s ]
INFO: [ app_init ] --END-- [ RunTime:0.000486s ]
INFO: [ app_begin ] --START--
INFO: Run Behavior\ReadHtmlCacheBehavior [ RunTime:0.000652s ]
INFO: [ app_begin ] --END-- [ RunTime:0.000693s ]
NOTIC: [8] Undefined index: fromtime C:\phpStudy\PHPTutorial\WWW\php-admin\wwwroot\Application\Admin\Controller\GuestbookController.class.php 第 13 行.
NOTIC: [8] Undefined index: totime C:\phpStudy\PHPTutorial\WWW\php-admin\wwwroot\Application\Admin\Controller\GuestbookController.class.php 第 14 行.
NOTIC: [8] Undefined index: field C:\phpStudy\PHPTutorial\WWW\php-admin\wwwroot\Application\Admin\Controller\GuestbookController.class.php 第 15 行.
NOTIC: [8] Undefined index: field C:\phpStudy\PHPTutorial\WWW\php-admin\wwwroot\Application\Admin\Controller\GuestbookController.class.php 第 24 行.
NOTIC: [8] Undefined index: field C:\phpStudy\PHPTutorial\WWW\php-admin\wwwroot\Application\Admin\Controller\GuestbookController.class.php 第 29 行.
NOTIC: [8] Undefined index: field C:\phpStudy\PHPTutorial\WWW\php-admin\wwwroot\Application\Admin\Controller\GuestbookController.class.php 第 34 行.
NOTIC: [8] Undefined index: field C:\phpStudy\PHPTutorial\WWW\php-admin\wwwroot\Application\Admin\Controller\GuestbookController.class.php 第 43 行.
SQL: SHOW COLUMNS FROM `guestbook` [ RunTime:0.0034s ]
SQL: SELECT COUNT(*) AS tp_count FROM `guestbook` LIMIT 1   [ RunTime:0.0003s ]
SQL: SELECT * FROM `guestbook` ORDER BY create_time desc LIMIT 13,13   [ RunTime:0.0005s ]
INFO: [ view_parse ] --START--
INFO: [ template_filter ] --START--
INFO: Run Behavior\ContentReplaceBehavior [ RunTime:0.000080s ]
INFO: [ template_filter ] --END-- [ RunTime:0.000116s ]
INFO: Run Behavior\ParseTemplateBehavior [ RunTime:0.008179s ]
INFO: [ view_parse ] --END-- [ RunTime:0.008228s ]
INFO: [ view_filter ] --START--
INFO: Run Behavior\WriteHtmlCacheBehavior [ RunTime:0.000493s ]
INFO: [ view_filter ] --END-- [ RunTime:0.000526s ]
INFO: [ app_end ] --START--
INFO: Run Behavior\ShowPageTraceBehavior [ RunTime:0.000978s ]
INFO: [ app_end ] --END-- [ RunTime:0.001026s ]

[ 2018-11-05T10:05:40+08:00 ] 127.0.0.1 /Admin/Guestbook/initGuestbookList/p/3.html
INFO: [ app_init ] --START--
INFO: Run Behavior\BuildLiteBehavior [ RunTime:0.000014s ]
INFO: [ app_init ] --END-- [ RunTime:0.000488s ]
INFO: [ app_begin ] --START--
INFO: Run Behavior\ReadHtmlCacheBehavior [ RunTime:0.000616s ]
INFO: [ app_begin ] --END-- [ RunTime:0.000661s ]
NOTIC: [8] Undefined index: fromtime C:\phpStudy\PHPTutorial\WWW\php-admin\wwwroot\Application\Admin\Controller\GuestbookController.class.php 第 13 行.
NOTIC: [8] Undefined index: totime C:\phpStudy\PHPTutorial\WWW\php-admin\wwwroot\Application\Admin\Controller\GuestbookController.class.php 第 14 行.
NOTIC: [8] Undefined index: field C:\phpStudy\PHPTutorial\WWW\php-admin\wwwroot\Application\Admin\Controller\GuestbookController.class.php 第 15 行.
NOTIC: [8] Undefined index: field C:\phpStudy\PHPTutorial\WWW\php-admin\wwwroot\Application\Admin\Controller\GuestbookController.class.php 第 24 行.
NOTIC: [8] Undefined index: field C:\phpStudy\PHPTutorial\WWW\php-admin\wwwroot\Application\Admin\Controller\GuestbookController.class.php 第 29 行.
NOTIC: [8] Undefined index: field C:\phpStudy\PHPTutorial\WWW\php-admin\wwwroot\Application\Admin\Controller\GuestbookController.class.php 第 34 行.
NOTIC: [8] Undefined index: field C:\phpStudy\PHPTutorial\WWW\php-admin\wwwroot\Application\Admin\Controller\GuestbookController.class.php 第 43 行.
SQL: SHOW COLUMNS FROM `guestbook` [ RunTime:0.0034s ]
SQL: SELECT COUNT(*) AS tp_count FROM `guestbook` LIMIT 1   [ RunTime:0.0004s ]
SQL: SELECT * FROM `guestbook` ORDER BY create_time desc LIMIT 26,13   [ RunTime:0.0006s ]
INFO: [ view_parse ] --START--
INFO: [ template_filter ] --START--
INFO: Run Behavior\ContentReplaceBehavior [ RunTime:0.000077s ]
INFO: [ template_filter ] --END-- [ RunTime:0.000114s ]
INFO: Run Behavior\ParseTemplateBehavior [ RunTime:0.007634s ]
INFO: [ view_parse ] --END-- [ RunTime:0.007676s ]
INFO: [ view_filter ] --START--
INFO: Run Behavior\WriteHtmlCacheBehavior [ RunTime:0.000569s ]
INFO: [ view_filter ] --END-- [ RunTime:0.000601s ]
INFO: [ app_end ] --START--
INFO: Run Behavior\ShowPageTraceBehavior [ RunTime:0.000871s ]
INFO: [ app_end ] --END-- [ RunTime:0.000918s ]

[ 2018-11-05T10:05:40+08:00 ] 127.0.0.1 /Admin/Guestbook/initGuestbookList/p/4.html
INFO: [ app_init ] --START--
INFO: Run Behavior\BuildLiteBehavior [ RunTime:0.000011s ]
INFO: [ app_init ] --END-- [ RunTime:0.000529s ]
INFO: [ app_begin ] --START--
INFO: Run Behavior\ReadHtmlCacheBehavior [ RunTime:0.000679s ]
INFO: [ app_begin ] --END-- [ RunTime:0.000720s ]
NOTIC: [8] Undefined index: fromtime C:\phpStudy\PHPTutorial\WWW\php-admin\wwwroot\Application\Admin\Controller\GuestbookController.class.php 第 13 行.
NOTIC: [8] Undefined index: totime C:\phpStudy\PHPTutorial\WWW\php-admin\wwwroot\Application\Admin\Controller\GuestbookController.class.php 第 14 行.
NOTIC: [8] Undefined index: field C:\phpStudy\PHPTutorial\WWW\php-admin\wwwroot\Application\Admin\Controller\GuestbookController.class.php 第 15 行.
NOTIC: [8] Undefined index: field C:\phpStudy\PHPTutorial\WWW\php-admin\wwwroot\Application\Admin\Controller\GuestbookController.class.php 第 24 行.
NOTIC: [8] Undefined index: field C:\phpStudy\PHPTutorial\WWW\php-admin\wwwroot\Application\Admin\Controller\GuestbookController.class.php 第 29 行.
NOTIC: [8] Undefined index: field C:\phpStudy\PHPTutorial\WWW\php-admin\wwwroot\Application\Admin\Controller\GuestbookController.class.php 第 34 行.
NOTIC: [8] Undefined index: field C:\phpStudy\PHPTutorial\WWW\php-admin\wwwroot\Application\Admin\Controller\GuestbookController.class.php 第 43 行.
SQL: SHOW COLUMNS FROM `guestbook` [ RunTime:0.0035s ]
SQL: SELECT COUNT(*) AS tp_count FROM `guestbook` LIMIT 1   [ RunTime:0.0003s ]
SQL: SELECT * FROM `guestbook` ORDER BY create_time desc LIMIT 39,13   [ RunTime:0.0007s ]
INFO: [ view_parse ] --START--
INFO: [ template_filter ] --START--
INFO: Run Behavior\ContentReplaceBehavior [ RunTime:0.000079s ]
INFO: [ template_filter ] --END-- [ RunTime:0.000115s ]
INFO: Run Behavior\ParseTemplateBehavior [ RunTime:0.007579s ]
INFO: [ view_parse ] --END-- [ RunTime:0.007618s ]
INFO: [ view_filter ] --START--
INFO: Run Behavior\WriteHtmlCacheBehavior [ RunTime:0.000474s ]
INFO: [ view_filter ] --END-- [ RunTime:0.000505s ]
INFO: [ app_end ] --START--
INFO: Run Behavior\ShowPageTraceBehavior [ RunTime:0.000876s ]
INFO: [ app_end ] --END-- [ RunTime:0.000922s ]

[ 2018-11-05T10:05:41+08:00 ] 127.0.0.1 /Admin/Guestbook/initGuestbookList/p/5.html
INFO: [ app_init ] --START--
INFO: Run Behavior\BuildLiteBehavior [ RunTime:0.000011s ]
INFO: [ app_init ] --END-- [ RunTime:0.000497s ]
INFO: [ app_begin ] --START--
INFO: Run Behavior\ReadHtmlCacheBehavior [ RunTime:0.000651s ]
INFO: [ app_begin ] --END-- [ RunTime:0.000693s ]
NOTIC: [8] Undefined index: fromtime C:\phpStudy\PHPTutorial\WWW\php-admin\wwwroot\Application\Admin\Controller\GuestbookController.class.php 第 13 行.
NOTIC: [8] Undefined index: totime C:\phpStudy\PHPTutorial\WWW\php-admin\wwwroot\Application\Admin\Controller\GuestbookController.class.php 第 14 行.
NOTIC: [8] Undefined index: field C:\phpStudy\PHPTutorial\WWW\php-admin\wwwroot\Application\Admin\Controller\GuestbookController.class.php 第 15 行.
NOTIC: [8] Undefined index: field C:\phpStudy\PHPTutorial\WWW\php-admin\wwwroot\Application\Admin\Controller\GuestbookController.class.php 第 24 行.
NOTIC: [8] Undefined index: field C:\phpStudy\PHPTutorial\WWW\php-admin\wwwroot\Application\Admin\Controller\GuestbookController.class.php 第 29 行.
NOTIC: [8] Undefined index: field C:\phpStudy\PHPTutorial\WWW\php-admin\wwwroot\Application\Admin\Controller\GuestbookController.class.php 第 34 行.
NOTIC: [8] Undefined index: field C:\phpStudy\PHPTutorial\WWW\php-admin\wwwroot\Application\Admin\Controller\GuestbookController.class.php 第 43 行.
SQL: SHOW COLUMNS FROM `guestbook` [ RunTime:0.0035s ]
SQL: SELECT COUNT(*) AS tp_count FROM `guestbook` LIMIT 1   [ RunTime:0.0003s ]
SQL: SELECT * FROM `guestbook` ORDER BY create_time desc LIMIT 52,13   [ RunTime:0.0009s ]
INFO: [ view_parse ] --START--
INFO: [ template_filter ] --START--
INFO: Run Behavior\ContentReplaceBehavior [ RunTime:0.000078s ]
INFO: [ template_filter ] --END-- [ RunTime:0.000114s ]
INFO: Run Behavior\ParseTemplateBehavior [ RunTime:0.007452s ]
INFO: [ view_parse ] --END-- [ RunTime:0.007494s ]
INFO: [ view_filter ] --START--
INFO: Run Behavior\WriteHtmlCacheBehavior [ RunTime:0.000534s ]
INFO: [ view_filter ] --END-- [ RunTime:0.000566s ]
INFO: [ app_end ] --START--
INFO: Run Behavior\ShowPageTraceBehavior [ RunTime:0.000926s ]
INFO: [ app_end ] --END-- [ RunTime:0.000972s ]

[ 2018-11-05T10:05:41+08:00 ] 127.0.0.1 /Admin/Guestbook/initGuestbookList/p/6.html
INFO: [ app_init ] --START--
INFO: Run Behavior\BuildLiteBehavior [ RunTime:0.000012s ]
INFO: [ app_init ] --END-- [ RunTime:0.000476s ]
INFO: [ app_begin ] --START--
INFO: Run Behavior\ReadHtmlCacheBehavior [ RunTime:0.000765s ]
INFO: [ app_begin ] --END-- [ RunTime:0.000821s ]
NOTIC: [8] Undefined index: fromtime C:\phpStudy\PHPTutorial\WWW\php-admin\wwwroot\Application\Admin\Controller\GuestbookController.class.php 第 13 行.
NOTIC: [8] Undefined index: totime C:\phpStudy\PHPTutorial\WWW\php-admin\wwwroot\Application\Admin\Controller\GuestbookController.class.php 第 14 行.
NOTIC: [8] Undefined index: field C:\phpStudy\PHPTutorial\WWW\php-admin\wwwroot\Application\Admin\Controller\GuestbookController.class.php 第 15 行.
NOTIC: [8] Undefined index: field C:\phpStudy\PHPTutorial\WWW\php-admin\wwwroot\Application\Admin\Controller\GuestbookController.class.php 第 24 行.
NOTIC: [8] Undefined index: field C:\phpStudy\PHPTutorial\WWW\php-admin\wwwroot\Application\Admin\Controller\GuestbookController.class.php 第 29 行.
NOTIC: [8] Undefined index: field C:\phpStudy\PHPTutorial\WWW\php-admin\wwwroot\Application\Admin\Controller\GuestbookController.class.php 第 34 行.
NOTIC: [8] Undefined index: field C:\phpStudy\PHPTutorial\WWW\php-admin\wwwroot\Application\Admin\Controller\GuestbookController.class.php 第 43 行.
SQL: SHOW COLUMNS FROM `guestbook` [ RunTime:0.0035s ]
SQL: SELECT COUNT(*) AS tp_count FROM `guestbook` LIMIT 1   [ RunTime:0.0002s ]
SQL: SELECT * FROM `guestbook` ORDER BY create_time desc LIMIT 65,13   [ RunTime:0.0007s ]
INFO: [ view_parse ] --START--
INFO: [ template_filter ] --START--
INFO: Run Behavior\ContentReplaceBehavior [ RunTime:0.000096s ]
INFO: [ template_filter ] --END-- [ RunTime:0.000137s ]
INFO: Run Behavior\ParseTemplateBehavior [ RunTime:0.007668s ]
INFO: [ view_parse ] --END-- [ RunTime:0.007717s ]
INFO: [ view_filter ] --START--
INFO: Run Behavior\WriteHtmlCacheBehavior [ RunTime:0.000508s ]
INFO: [ view_filter ] --END-- [ RunTime:0.000542s ]
INFO: [ app_end ] --START--
INFO: Run Behavior\ShowPageTraceBehavior [ RunTime:0.000955s ]
INFO: [ app_end ] --END-- [ RunTime:0.001004s ]

[ 2018-11-05T10:05:42+08:00 ] 127.0.0.1 /Admin/Guestbook/initGuestbookList/p/7.html
INFO: [ app_init ] --START--
INFO: Run Behavior\BuildLiteBehavior [ RunTime:0.000012s ]
INFO: [ app_init ] --END-- [ RunTime:0.000378s ]
INFO: [ app_begin ] --START--
INFO: Run Behavior\ReadHtmlCacheBehavior [ RunTime:0.000598s ]
INFO: [ app_begin ] --END-- [ RunTime:0.000639s ]
NOTIC: [8] Undefined index: fromtime C:\phpStudy\PHPTutorial\WWW\php-admin\wwwroot\Application\Admin\Controller\GuestbookController.class.php 第 13 行.
NOTIC: [8] Undefined index: totime C:\phpStudy\PHPTutorial\WWW\php-admin\wwwroot\Application\Admin\Controller\GuestbookController.class.php 第 14 行.
NOTIC: [8] Undefined index: field C:\phpStudy\PHPTutorial\WWW\php-admin\wwwroot\Application\Admin\Controller\GuestbookController.class.php 第 15 行.
NOTIC: [8] Undefined index: field C:\phpStudy\PHPTutorial\WWW\php-admin\wwwroot\Application\Admin\Controller\GuestbookController.class.php 第 24 行.
NOTIC: [8] Undefined index: field C:\phpStudy\PHPTutorial\WWW\php-admin\wwwroot\Application\Admin\Controller\GuestbookController.class.php 第 29 行.
NOTIC: [8] Undefined index: field C:\phpStudy\PHPTutorial\WWW\php-admin\wwwroot\Application\Admin\Controller\GuestbookController.class.php 第 34 行.
NOTIC: [8] Undefined index: field C:\phpStudy\PHPTutorial\WWW\php-admin\wwwroot\Application\Admin\Controller\GuestbookController.class.php 第 43 行.
SQL: SHOW COLUMNS FROM `guestbook` [ RunTime:0.0032s ]
SQL: SELECT COUNT(*) AS tp_count FROM `guestbook` LIMIT 1   [ RunTime:0.0003s ]
SQL: SELECT * FROM `guestbook` ORDER BY create_time desc LIMIT 78,13   [ RunTime:0.0007s ]
INFO: [ view_parse ] --START--
INFO: [ template_filter ] --START--
INFO: Run Behavior\ContentReplaceBehavior [ RunTime:0.000080s ]
INFO: [ template_filter ] --END-- [ RunTime:0.000121s ]
INFO: Run Behavior\ParseTemplateBehavior [ RunTime:0.008496s ]
INFO: [ view_parse ] --END-- [ RunTime:0.008536s ]
INFO: [ view_filter ] --START--
INFO: Run Behavior\WriteHtmlCacheBehavior [ RunTime:0.000565s ]
INFO: [ view_filter ] --END-- [ RunTime:0.000595s ]
INFO: [ app_end ] --START--
INFO: Run Behavior\ShowPageTraceBehavior [ RunTime:0.000943s ]
INFO: [ app_end ] --END-- [ RunTime:0.000985s ]

[ 2018-11-05T10:05:43+08:00 ] 127.0.0.1 /Admin/Index/main
INFO: [ app_init ] --START--
INFO: Run Behavior\BuildLiteBehavior [ RunTime:0.000013s ]
INFO: [ app_init ] --END-- [ RunTime:0.000503s ]
INFO: [ app_begin ] --START--
INFO: Run Behavior\ReadHtmlCacheBehavior [ RunTime:0.000701s ]
INFO: [ app_begin ] --END-- [ RunTime:0.000743s ]
INFO: [ view_parse ] --START--
INFO: [ template_filter ] --START--
INFO: Run Behavior\ContentReplaceBehavior [ RunTime:0.000076s ]
INFO: [ template_filter ] --END-- [ RunTime:0.000224s ]
INFO: Run Behavior\ParseTemplateBehavior [ RunTime:0.006551s ]
INFO: [ view_parse ] --END-- [ RunTime:0.006597s ]
INFO: [ view_filter ] --START--
INFO: Run Behavior\WriteHtmlCacheBehavior [ RunTime:0.000479s ]
INFO: [ view_filter ] --END-- [ RunTime:0.000515s ]
INFO: [ app_end ] --START--
INFO: Run Behavior\ShowPageTraceBehavior [ RunTime:0.001002s ]
INFO: [ app_end ] --END-- [ RunTime:0.001039s ]

[ 2018-11-05T10:05:43+08:00 ] 127.0.0.1 /Admin/Index/sayHello
INFO: [ app_init ] --START--
INFO: Run Behavior\BuildLiteBehavior [ RunTime:0.000014s ]
INFO: [ app_init ] --END-- [ RunTime:0.000433s ]
INFO: [ app_begin ] --START--
INFO: Run Behavior\ReadHtmlCacheBehavior [ RunTime:0.000594s ]
INFO: [ app_begin ] --END-- [ RunTime:0.000636s ]
NOTIC: [2] mysql_get_server_info(): Access denied for user ''@'localhost' (using password: NO) C:\phpStudy\PHPTutorial\WWW\php-admin\wwwroot\Application\Admin\Controller\IndexController.class.php 第 14 行.
NOTIC: [2] mysql_get_server_info(): A link to the server could not be established C:\phpStudy\PHPTutorial\WWW\php-admin\wwwroot\Application\Admin\Controller\IndexController.class.php 第 14 行.
NOTIC: [8] Undefined variable: count C:\phpStudy\PHPTutorial\WWW\php-admin\wwwroot\Application\Admin\Controller\IndexController.class.php 第 24 行.
NOTIC: [8] Undefined variable: hostip C:\phpStudy\PHPTutorial\WWW\php-admin\wwwroot\Application\Admin\Controller\IndexController.class.php 第 27 行.
INFO: [ view_parse ] --START--
INFO: [ template_filter ] --START--
INFO: Run Behavior\ContentReplaceBehavior [ RunTime:0.000040s ]
INFO: [ template_filter ] --END-- [ RunTime:0.000084s ]
INFO: Run Behavior\ParseTemplateBehavior [ RunTime:0.005851s ]
INFO: [ view_parse ] --END-- [ RunTime:0.005899s ]
INFO: [ view_filter ] --START--
INFO: Run Behavior\WriteHtmlCacheBehavior [ RunTime:0.000838s ]
INFO: [ view_filter ] --END-- [ RunTime:0.000879s ]
INFO: [ app_end ] --START--
INFO: Run Behavior\ShowPageTraceBehavior [ RunTime:0.000782s ]
INFO: [ app_end ] --END-- [ RunTime:0.000819s ]

[ 2018-11-05T10:05:44+08:00 ] 127.0.0.1 /Admin/Index/main
INFO: [ app_init ] --START--
INFO: Run Behavior\BuildLiteBehavior [ RunTime:0.000011s ]
INFO: [ app_init ] --END-- [ RunTime:0.000475s ]
INFO: [ app_begin ] --START--
INFO: Run Behavior\ReadHtmlCacheBehavior [ RunTime:0.000667s ]
INFO: [ app_begin ] --END-- [ RunTime:0.000723s ]
INFO: [ view_parse ] --START--
INFO: [ template_filter ] --START--
INFO: Run Behavior\ContentReplaceBehavior [ RunTime:0.000051s ]
INFO: [ template_filter ] --END-- [ RunTime:0.000097s ]
INFO: Run Behavior\ParseTemplateBehavior [ RunTime:0.006190s ]
INFO: [ view_parse ] --END-- [ RunTime:0.006235s ]
INFO: [ view_filter ] --START--
INFO: Run Behavior\WriteHtmlCacheBehavior [ RunTime:0.000574s ]
INFO: [ view_filter ] --END-- [ RunTime:0.000602s ]
INFO: [ app_end ] --START--
INFO: Run Behavior\ShowPageTraceBehavior [ RunTime:0.000971s ]
INFO: [ app_end ] --END-- [ RunTime:0.001029s ]

[ 2018-11-05T10:05:44+08:00 ] 127.0.0.1 /Admin/Index/sayHello
INFO: [ app_init ] --START--
INFO: Run Behavior\BuildLiteBehavior [ RunTime:0.000015s ]
INFO: [ app_init ] --END-- [ RunTime:0.000555s ]
INFO: [ app_begin ] --START--
INFO: Run Behavior\ReadHtmlCacheBehavior [ RunTime:0.000681s ]
INFO: [ app_begin ] --END-- [ RunTime:0.000732s ]
NOTIC: [2] mysql_get_server_info(): Access denied for user ''@'localhost' (using password: NO) C:\phpStudy\PHPTutorial\WWW\php-admin\wwwroot\Application\Admin\Controller\IndexController.class.php 第 14 行.
NOTIC: [2] mysql_get_server_info(): A link to the server could not be established C:\phpStudy\PHPTutorial\WWW\php-admin\wwwroot\Application\Admin\Controller\IndexController.class.php 第 14 行.
NOTIC: [8] Undefined variable: count C:\phpStudy\PHPTutorial\WWW\php-admin\wwwroot\Application\Admin\Controller\IndexController.class.php 第 24 行.
NOTIC: [8] Undefined variable: hostip C:\phpStudy\PHPTutorial\WWW\php-admin\wwwroot\Application\Admin\Controller\IndexController.class.php 第 27 行.
INFO: [ view_parse ] --START--
INFO: [ template_filter ] --START--
INFO: Run Behavior\ContentReplaceBehavior [ RunTime:0.000062s ]
INFO: [ template_filter ] --END-- [ RunTime:0.000122s ]
INFO: Run Behavior\ParseTemplateBehavior [ RunTime:0.006606s ]
INFO: [ view_parse ] --END-- [ RunTime:0.006665s ]
INFO: [ view_filter ] --START--
INFO: Run Behavior\WriteHtmlCacheBehavior [ RunTime:0.000539s ]
INFO: [ view_filter ] --END-- [ RunTime:0.000580s ]
INFO: [ app_end ] --START--
INFO: Run Behavior\ShowPageTraceBehavior [ RunTime:0.000835s ]
INFO: [ app_end ] --END-- [ RunTime:0.000875s ]

[ 2018-11-05T10:05:55+08:00 ] 127.0.0.1 /Admin/Index/sayHello
INFO: [ app_init ] --START--
INFO: Run Behavior\BuildLiteBehavior [ RunTime:0.000013s ]
INFO: [ app_init ] --END-- [ RunTime:0.000515s ]
INFO: [ app_begin ] --START--
INFO: Run Behavior\ReadHtmlCacheBehavior [ RunTime:0.000678s ]
INFO: [ app_begin ] --END-- [ RunTime:0.000720s ]
NOTIC: [2] mysql_get_server_info(): Access denied for user ''@'localhost' (using password: NO) C:\phpStudy\PHPTutorial\WWW\php-admin\wwwroot\Application\Admin\Controller\IndexController.class.php 第 14 行.
NOTIC: [2] mysql_get_server_info(): A link to the server could not be established C:\phpStudy\PHPTutorial\WWW\php-admin\wwwroot\Application\Admin\Controller\IndexController.class.php 第 14 行.
NOTIC: [8] Undefined variable: count C:\phpStudy\PHPTutorial\WWW\php-admin\wwwroot\Application\Admin\Controller\IndexController.class.php 第 24 行.
NOTIC: [8] Undefined variable: hostip C:\phpStudy\PHPTutorial\WWW\php-admin\wwwroot\Application\Admin\Controller\IndexController.class.php 第 27 行.
INFO: [ view_parse ] --START--
INFO: [ template_filter ] --START--
INFO: Run Behavior\ContentReplaceBehavior [ RunTime:0.000055s ]
INFO: [ template_filter ] --END-- [ RunTime:0.000134s ]
INFO: Run Behavior\ParseTemplateBehavior [ RunTime:0.005874s ]
INFO: [ view_parse ] --END-- [ RunTime:0.005921s ]
INFO: [ view_filter ] --START--
INFO: Run Behavior\WriteHtmlCacheBehavior [ RunTime:0.000476s ]
INFO: [ view_filter ] --END-- [ RunTime:0.000508s ]
INFO: [ app_end ] --START--
INFO: Run Behavior\ShowPageTraceBehavior [ RunTime:0.000803s ]
INFO: [ app_end ] --END-- [ RunTime:0.000836s ]

[ 2018-11-05T10:06:05+08:00 ] 127.0.0.1 /Admin/Option/param
INFO: [ app_init ] --START--
INFO: Run Behavior\BuildLiteBehavior [ RunTime:0.000013s ]
INFO: [ app_init ] --END-- [ RunTime:0.000378s ]
INFO: [ app_begin ] --START--
INFO: Run Behavior\ReadHtmlCacheBehavior [ RunTime:0.000691s ]
INFO: [ app_begin ] --END-- [ RunTime:0.000732s ]
SQL: SHOW COLUMNS FROM `info` [ RunTime:0.0037s ]
SQL: SELECT * FROM `info` WHERE ( id = '1' )  [ RunTime:0.0003s ]
INFO: [ view_parse ] --START--
INFO: [ template_filter ] --START--
INFO: Run Behavior\ContentReplaceBehavior [ RunTime:0.000054s ]
INFO: [ template_filter ] --END-- [ RunTime:0.000096s ]
INFO: Run Behavior\ParseTemplateBehavior [ RunTime:0.007126s ]
INFO: [ view_parse ] --END-- [ RunTime:0.007190s ]
INFO: [ view_filter ] --START--
INFO: Run Behavior\WriteHtmlCacheBehavior [ RunTime:0.000424s ]
INFO: [ view_filter ] --END-- [ RunTime:0.000456s ]
INFO: [ app_end ] --START--
INFO: Run Behavior\ShowPageTraceBehavior [ RunTime:0.000793s ]
INFO: [ app_end ] --END-- [ RunTime:0.000833s ]

[ 2018-11-05T10:06:13+08:00 ] 127.0.0.1 /Admin/Guestbook/initGuestbookList
INFO: [ app_init ] --START--
INFO: Run Behavior\BuildLiteBehavior [ RunTime:0.000019s ]
INFO: [ app_init ] --END-- [ RunTime:0.000577s ]
INFO: [ app_begin ] --START--
INFO: Run Behavior\ReadHtmlCacheBehavior [ RunTime:0.000762s ]
INFO: [ app_begin ] --END-- [ RunTime:0.000806s ]
NOTIC: [8] Undefined index: fromtime C:\phpStudy\PHPTutorial\WWW\php-admin\wwwroot\Application\Admin\Controller\GuestbookController.class.php 第 13 行.
NOTIC: [8] Undefined index: totime C:\phpStudy\PHPTutorial\WWW\php-admin\wwwroot\Application\Admin\Controller\GuestbookController.class.php 第 14 行.
NOTIC: [8] Undefined index: field C:\phpStudy\PHPTutorial\WWW\php-admin\wwwroot\Application\Admin\Controller\GuestbookController.class.php 第 15 行.
NOTIC: [8] Undefined index: field C:\phpStudy\PHPTutorial\WWW\php-admin\wwwroot\Application\Admin\Controller\GuestbookController.class.php 第 24 行.
NOTIC: [8] Undefined index: field C:\phpStudy\PHPTutorial\WWW\php-admin\wwwroot\Application\Admin\Controller\GuestbookController.class.php 第 29 行.
NOTIC: [8] Undefined index: field C:\phpStudy\PHPTutorial\WWW\php-admin\wwwroot\Application\Admin\Controller\GuestbookController.class.php 第 34 行.
NOTIC: [8] Undefined index: field C:\phpStudy\PHPTutorial\WWW\php-admin\wwwroot\Application\Admin\Controller\GuestbookController.class.php 第 43 行.
SQL: SHOW COLUMNS FROM `guestbook` [ RunTime:0.0039s ]
SQL: SELECT COUNT(*) AS tp_count FROM `guestbook` LIMIT 1   [ RunTime:0.0004s ]
SQL: SELECT * FROM `guestbook` ORDER BY create_time desc LIMIT 0,13   [ RunTime:0.0005s ]
INFO: [ view_parse ] --START--
INFO: [ template_filter ] --START--
INFO: Run Behavior\ContentReplaceBehavior [ RunTime:0.000124s ]
INFO: [ template_filter ] --END-- [ RunTime:0.000159s ]
INFO: Run Behavior\ParseTemplateBehavior [ RunTime:0.008365s ]
INFO: [ view_parse ] --END-- [ RunTime:0.008420s ]
INFO: [ view_filter ] --START--
INFO: Run Behavior\WriteHtmlCacheBehavior [ RunTime:0.000608s ]
INFO: [ view_filter ] --END-- [ RunTime:0.000637s ]
INFO: [ app_end ] --START--
INFO: Run Behavior\ShowPageTraceBehavior [ RunTime:0.001054s ]
INFO: [ app_end ] --END-- [ RunTime:0.001123s ]

[ 2018-11-05T10:06:15+08:00 ] 127.0.0.1 /Admin/Guestbook/initexportList
INFO: [ app_init ] --START--
INFO: Run Behavior\BuildLiteBehavior [ RunTime:0.000014s ]
INFO: [ app_init ] --END-- [ RunTime:0.000562s ]
INFO: [ app_begin ] --START--
INFO: Run Behavior\ReadHtmlCacheBehavior [ RunTime:0.001007s ]
INFO: [ app_begin ] --END-- [ RunTime:0.001057s ]
INFO: [ view_parse ] --START--
INFO: [ template_filter ] --START--
INFO: Run Behavior\ContentReplaceBehavior [ RunTime:0.000075s ]
INFO: [ template_filter ] --END-- [ RunTime:0.000127s ]
INFO: Run Behavior\ParseTemplateBehavior [ RunTime:0.007022s ]
INFO: [ view_parse ] --END-- [ RunTime:0.007093s ]
INFO: [ view_filter ] --START--
INFO: Run Behavior\WriteHtmlCacheBehavior [ RunTime:0.000546s ]
INFO: [ view_filter ] --END-- [ RunTime:0.000575s ]
INFO: [ app_end ] --START--
INFO: Run Behavior\ShowPageTraceBehavior [ RunTime:0.001093s ]
INFO: [ app_end ] --END-- [ RunTime:0.001125s ]

[ 2018-11-05T10:18:20+08:00 ] 127.0.0.1 /admin
INFO: [ app_init ] --START--
INFO: Run Behavior\BuildLiteBehavior [ RunTime:0.000016s ]
INFO: [ app_init ] --END-- [ RunTime:0.000599s ]
INFO: [ app_begin ] --START--
INFO: Run Behavior\ReadHtmlCacheBehavior [ RunTime:0.000790s ]
INFO: [ app_begin ] --END-- [ RunTime:0.000848s ]
INFO: [ view_parse ] --START--
INFO: [ template_filter ] --START--
INFO: Run Behavior\ContentReplaceBehavior [ RunTime:0.000068s ]
INFO: [ template_filter ] --END-- [ RunTime:0.000117s ]
INFO: Run Behavior\ParseTemplateBehavior [ RunTime:0.006553s ]
INFO: [ view_parse ] --END-- [ RunTime:0.006604s ]
INFO: [ view_filter ] --START--
INFO: Run Behavior\WriteHtmlCacheBehavior [ RunTime:0.000477s ]
INFO: [ view_filter ] --END-- [ RunTime:0.000509s ]
INFO: [ app_end ] --START--
INFO: Run Behavior\ShowPageTraceBehavior [ RunTime:0.000708s ]
INFO: [ app_end ] --END-- [ RunTime:0.000746s ]

