[ 2018-11-04T20:46:43+08:00 ] 127.0.0.1 /
INFO: [ app_init ] --START--
INFO: Run Behavior\BuildLiteBehavior [ RunTime:0.000000s ]
INFO: [ app_init ] --END-- [ RunTime:0.003000s ]
INFO: [ app_begin ] --START--
INFO: Run Behavior\ReadHtmlCacheBehavior [ RunTime:0.000000s ]
INFO: [ app_begin ] --END-- [ RunTime:0.001000s ]
NOTIC: [8] Undefined index: keyword D:\phpStudy\WWW\vip2dlsqrlacn\wwwroot\Application\Home\Controller\IndexController.class.php 第 9 行.
NOTIC: [8] Undefined index: plan D:\phpStudy\WWW\vip2dlsqrlacn\wwwroot\Application\Home\Controller\IndexController.class.php 第 10 行.
NOTIC: [8] Undefined index: unit D:\phpStudy\WWW\vip2dlsqrlacn\wwwroot\Application\Home\Controller\IndexController.class.php 第 11 行.
SQL: SHOW COLUMNS FROM `info` [ RunTime:0.0100s ]
SQL: SELECT `phone` FROM `info` WHERE ( id = '1' ) LIMIT 1   [ RunTime:0.0010s ]
SQL: SELECT `code` FROM `info` WHERE ( id = '1' ) LIMIT 1   [ RunTime:0.0000s ]
INFO: [ view_parse ] --START--
INFO: [ template_filter ] --START--
INFO: Run Behavior\ContentReplaceBehavior [ RunTime:0.001000s ]
INFO: [ template_filter ] --END-- [ RunTime:0.001000s ]
NOTIC: [8] A session had already been started - ignoring session_start() D:\phpStudy\WWW\vip2dlsqrlacn\wwwroot\Application\Runtime\Cache\Home\2a94b8bda04ff446dcedd42276fc99ee.php 第 1 行.
INFO: Run Behavior\ParseTemplateBehavior [ RunTime:0.026001s ]
INFO: [ view_parse ] --END-- [ RunTime:0.026001s ]
INFO: [ view_filter ] --START--
INFO: Run Behavior\WriteHtmlCacheBehavior [ RunTime:0.000000s ]
INFO: [ view_filter ] --END-- [ RunTime:0.000000s ]
INFO: [ app_end ] --START--
INFO: Run Behavior\ShowPageTraceBehavior [ RunTime:0.002000s ]
INFO: [ app_end ] --END-- [ RunTime:0.002000s ]

[ 2018-11-04T20:48:03+08:00 ] 127.0.0.1 /
INFO: [ app_init ] --START--
INFO: Run Behavior\BuildLiteBehavior [ RunTime:0.000000s ]
INFO: [ app_init ] --END-- [ RunTime:0.001000s ]
INFO: [ app_begin ] --START--
INFO: Run Behavior\ReadHtmlCacheBehavior [ RunTime:0.001000s ]
INFO: [ app_begin ] --END-- [ RunTime:0.001000s ]
NOTIC: [8] Undefined index: keyword D:\phpStudy\WWW\vip2dlsqrlacn\wwwroot\Application\Home\Controller\IndexController.class.php 第 9 行.
NOTIC: [8] Undefined index: plan D:\phpStudy\WWW\vip2dlsqrlacn\wwwroot\Application\Home\Controller\IndexController.class.php 第 10 行.
NOTIC: [8] Undefined index: unit D:\phpStudy\WWW\vip2dlsqrlacn\wwwroot\Application\Home\Controller\IndexController.class.php 第 11 行.
SQL: SHOW COLUMNS FROM `info` [ RunTime:0.0120s ]
SQL: SELECT `phone` FROM `info` WHERE ( id = '1' ) LIMIT 1   [ RunTime:0.0010s ]
SQL: SELECT `code` FROM `info` WHERE ( id = '1' ) LIMIT 1   [ RunTime:0.0010s ]
INFO: [ view_parse ] --START--
INFO: [ template_filter ] --START--
INFO: Run Behavior\ContentReplaceBehavior [ RunTime:0.001000s ]
INFO: [ template_filter ] --END-- [ RunTime:0.001000s ]
NOTIC: [8] A session had already been started - ignoring session_start() D:\phpStudy\WWW\vip2dlsqrlacn\wwwroot\Application\Runtime\Cache\Home\2a94b8bda04ff446dcedd42276fc99ee.php 第 1 行.
INFO: Run Behavior\ParseTemplateBehavior [ RunTime:0.022001s ]
INFO: [ view_parse ] --END-- [ RunTime:0.022001s ]
INFO: [ view_filter ] --START--
INFO: Run Behavior\WriteHtmlCacheBehavior [ RunTime:0.001000s ]
INFO: [ view_filter ] --END-- [ RunTime:0.001000s ]
INFO: [ app_end ] --START--
INFO: Run Behavior\ShowPageTraceBehavior [ RunTime:0.001000s ]
INFO: [ app_end ] --END-- [ RunTime:0.001000s ]

[ 2018-11-04T20:49:04+08:00 ] 127.0.0.1 /
INFO: [ app_init ] --START--
INFO: Run Behavior\BuildLiteBehavior [ RunTime:0.000000s ]
INFO: [ app_init ] --END-- [ RunTime:0.001000s ]
INFO: [ app_begin ] --START--
INFO: Run Behavior\ReadHtmlCacheBehavior [ RunTime:0.001000s ]
INFO: [ app_begin ] --END-- [ RunTime:0.001000s ]
NOTIC: [8] Undefined index: keyword D:\phpStudy\WWW\vip2dlsqrlacn\wwwroot\Application\Home\Controller\IndexController.class.php 第 9 行.
NOTIC: [8] Undefined index: plan D:\phpStudy\WWW\vip2dlsqrlacn\wwwroot\Application\Home\Controller\IndexController.class.php 第 10 行.
NOTIC: [8] Undefined index: unit D:\phpStudy\WWW\vip2dlsqrlacn\wwwroot\Application\Home\Controller\IndexController.class.php 第 11 行.
SQL: SHOW COLUMNS FROM `info` [ RunTime:0.0210s ]
SQL: SELECT `phone` FROM `info` WHERE ( id = '1' ) LIMIT 1   [ RunTime:0.0020s ]
SQL: SELECT `code` FROM `info` WHERE ( id = '1' ) LIMIT 1   [ RunTime:0.0010s ]
INFO: [ view_parse ] --START--
INFO: [ template_filter ] --START--
INFO: Run Behavior\ContentReplaceBehavior [ RunTime:0.002000s ]
INFO: [ template_filter ] --END-- [ RunTime:0.003000s ]
NOTIC: [8] A session had already been started - ignoring session_start() D:\phpStudy\WWW\vip2dlsqrlacn\wwwroot\Application\Runtime\Cache\Home\2a94b8bda04ff446dcedd42276fc99ee.php 第 1 行.
INFO: Run Behavior\ParseTemplateBehavior [ RunTime:0.036002s ]
INFO: [ view_parse ] --END-- [ RunTime:0.036002s ]
INFO: [ view_filter ] --START--
INFO: Run Behavior\WriteHtmlCacheBehavior [ RunTime:0.000000s ]
INFO: [ view_filter ] --END-- [ RunTime:0.001000s ]
INFO: [ app_end ] --START--
INFO: Run Behavior\ShowPageTraceBehavior [ RunTime:0.001000s ]
INFO: [ app_end ] --END-- [ RunTime:0.001000s ]

[ 2018-11-04T20:49:34+08:00 ] 127.0.0.1 /
INFO: [ app_init ] --START--
INFO: Run Behavior\BuildLiteBehavior [ RunTime:0.000000s ]
INFO: [ app_init ] --END-- [ RunTime:0.000000s ]
INFO: [ app_begin ] --START--
INFO: Run Behavior\ReadHtmlCacheBehavior [ RunTime:0.001000s ]
INFO: [ app_begin ] --END-- [ RunTime:0.002000s ]
NOTIC: [8] Undefined index: keyword D:\phpStudy\WWW\vip2dlsqrlacn\wwwroot\Application\Home\Controller\IndexController.class.php 第 9 行.
NOTIC: [8] Undefined index: plan D:\phpStudy\WWW\vip2dlsqrlacn\wwwroot\Application\Home\Controller\IndexController.class.php 第 10 行.
NOTIC: [8] Undefined index: unit D:\phpStudy\WWW\vip2dlsqrlacn\wwwroot\Application\Home\Controller\IndexController.class.php 第 11 行.
SQL: SHOW COLUMNS FROM `info` [ RunTime:0.0180s ]
SQL: SELECT `phone` FROM `info` WHERE ( id = '1' ) LIMIT 1   [ RunTime:0.0020s ]
SQL: SELECT `code` FROM `info` WHERE ( id = '1' ) LIMIT 1   [ RunTime:0.0010s ]
INFO: [ view_parse ] --START--
INFO: [ template_filter ] --START--
INFO: Run Behavior\ContentReplaceBehavior [ RunTime:0.002001s ]
INFO: [ template_filter ] --END-- [ RunTime:0.003001s ]
NOTIC: [8] A session had already been started - ignoring session_start() D:\phpStudy\WWW\vip2dlsqrlacn\wwwroot\Application\Runtime\Cache\Home\2a94b8bda04ff446dcedd42276fc99ee.php 第 1 行.
INFO: Run Behavior\ParseTemplateBehavior [ RunTime:0.036002s ]
INFO: [ view_parse ] --END-- [ RunTime:0.036002s ]
INFO: [ view_filter ] --START--
INFO: Run Behavior\WriteHtmlCacheBehavior [ RunTime:0.000000s ]
INFO: [ view_filter ] --END-- [ RunTime:0.000000s ]
INFO: [ app_end ] --START--
INFO: Run Behavior\ShowPageTraceBehavior [ RunTime:0.000000s ]
INFO: [ app_end ] --END-- [ RunTime:0.000000s ]

[ 2018-11-04T20:50:00+08:00 ] 127.0.0.1 /
INFO: [ app_init ] --START--
INFO: Run Behavior\BuildLiteBehavior [ RunTime:0.000000s ]
INFO: [ app_init ] --END-- [ RunTime:0.002000s ]
INFO: [ app_begin ] --START--
INFO: Run Behavior\ReadHtmlCacheBehavior [ RunTime:0.002000s ]
INFO: [ app_begin ] --END-- [ RunTime:0.002000s ]
NOTIC: [8] Undefined index: keyword D:\phpStudy\WWW\vip2dlsqrlacn\wwwroot\Application\Home\Controller\IndexController.class.php 第 9 行.
NOTIC: [8] Undefined index: plan D:\phpStudy\WWW\vip2dlsqrlacn\wwwroot\Application\Home\Controller\IndexController.class.php 第 10 行.
NOTIC: [8] Undefined index: unit D:\phpStudy\WWW\vip2dlsqrlacn\wwwroot\Application\Home\Controller\IndexController.class.php 第 11 行.
SQL: SHOW COLUMNS FROM `info` [ RunTime:0.0230s ]
SQL: SELECT `phone` FROM `info` WHERE ( id = '1' ) LIMIT 1   [ RunTime:0.0020s ]
SQL: SELECT `code` FROM `info` WHERE ( id = '1' ) LIMIT 1   [ RunTime:0.0020s ]
INFO: [ view_parse ] --START--
INFO: [ template_filter ] --START--
INFO: Run Behavior\ContentReplaceBehavior [ RunTime:0.000000s ]
INFO: [ template_filter ] --END-- [ RunTime:0.000000s ]
NOTIC: [8] A session had already been started - ignoring session_start() D:\phpStudy\WWW\vip2dlsqrlacn\wwwroot\Application\Runtime\Cache\Home\2a94b8bda04ff446dcedd42276fc99ee.php 第 1 行.
INFO: Run Behavior\ParseTemplateBehavior [ RunTime:0.017001s ]
INFO: [ view_parse ] --END-- [ RunTime:0.017001s ]
INFO: [ view_filter ] --START--
INFO: Run Behavior\WriteHtmlCacheBehavior [ RunTime:0.000000s ]
INFO: [ view_filter ] --END-- [ RunTime:0.000000s ]
INFO: [ app_end ] --START--
INFO: Run Behavior\ShowPageTraceBehavior [ RunTime:0.000000s ]
INFO: [ app_end ] --END-- [ RunTime:0.000000s ]

[ 2018-11-04T20:50:46+08:00 ] 127.0.0.1 /
INFO: [ app_init ] --START--
INFO: Run Behavior\BuildLiteBehavior [ RunTime:0.000000s ]
INFO: [ app_init ] --END-- [ RunTime:0.001000s ]
INFO: [ app_begin ] --START--
INFO: Run Behavior\ReadHtmlCacheBehavior [ RunTime:0.001000s ]
INFO: [ app_begin ] --END-- [ RunTime:0.001000s ]
NOTIC: [8] Undefined index: keyword D:\phpStudy\WWW\vip2dlsqrlacn\wwwroot\Application\Home\Controller\IndexController.class.php 第 9 行.
NOTIC: [8] Undefined index: plan D:\phpStudy\WWW\vip2dlsqrlacn\wwwroot\Application\Home\Controller\IndexController.class.php 第 10 行.
NOTIC: [8] Undefined index: unit D:\phpStudy\WWW\vip2dlsqrlacn\wwwroot\Application\Home\Controller\IndexController.class.php 第 11 行.
SQL: SHOW COLUMNS FROM `info` [ RunTime:0.0110s ]
SQL: SELECT `phone` FROM `info` WHERE ( id = '1' ) LIMIT 1   [ RunTime:0.0020s ]
SQL: SELECT `code` FROM `info` WHERE ( id = '1' ) LIMIT 1   [ RunTime:0.0010s ]
INFO: [ view_parse ] --START--
INFO: [ template_filter ] --START--
INFO: Run Behavior\ContentReplaceBehavior [ RunTime:0.001000s ]
INFO: [ template_filter ] --END-- [ RunTime:0.001000s ]
NOTIC: [8] A session had already been started - ignoring session_start() D:\phpStudy\WWW\vip2dlsqrlacn\wwwroot\Application\Runtime\Cache\Home\2a94b8bda04ff446dcedd42276fc99ee.php 第 1 行.
INFO: Run Behavior\ParseTemplateBehavior [ RunTime:0.026001s ]
INFO: [ view_parse ] --END-- [ RunTime:0.026001s ]
INFO: [ view_filter ] --START--
INFO: Run Behavior\WriteHtmlCacheBehavior [ RunTime:0.001000s ]
INFO: [ view_filter ] --END-- [ RunTime:0.001000s ]
INFO: [ app_end ] --START--
INFO: Run Behavior\ShowPageTraceBehavior [ RunTime:0.000000s ]
INFO: [ app_end ] --END-- [ RunTime:0.001000s ]

[ 2018-11-04T20:51:28+08:00 ] 127.0.0.1 /
INFO: [ app_init ] --START--
INFO: Run Behavior\BuildLiteBehavior [ RunTime:0.000000s ]
INFO: [ app_init ] --END-- [ RunTime:0.001000s ]
INFO: [ app_begin ] --START--
INFO: Run Behavior\ReadHtmlCacheBehavior [ RunTime:0.000000s ]
INFO: [ app_begin ] --END-- [ RunTime:0.000000s ]
NOTIC: [8] Undefined index: keyword D:\phpStudy\WWW\vip2dlsqrlacn\wwwroot\Application\Home\Controller\IndexController.class.php 第 9 行.
NOTIC: [8] Undefined index: plan D:\phpStudy\WWW\vip2dlsqrlacn\wwwroot\Application\Home\Controller\IndexController.class.php 第 10 行.
NOTIC: [8] Undefined index: unit D:\phpStudy\WWW\vip2dlsqrlacn\wwwroot\Application\Home\Controller\IndexController.class.php 第 11 行.
SQL: SHOW COLUMNS FROM `info` [ RunTime:0.0040s ]
SQL: SELECT `phone` FROM `info` WHERE ( id = '1' ) LIMIT 1   [ RunTime:0.0010s ]
SQL: SELECT `code` FROM `info` WHERE ( id = '1' ) LIMIT 1   [ RunTime:0.0010s ]
INFO: [ view_parse ] --START--
INFO: [ template_filter ] --START--
INFO: Run Behavior\ContentReplaceBehavior [ RunTime:0.001000s ]
INFO: [ template_filter ] --END-- [ RunTime:0.001000s ]
NOTIC: [8] A session had already been started - ignoring session_start() D:\phpStudy\WWW\vip2dlsqrlacn\wwwroot\Application\Runtime\Cache\Home\2a94b8bda04ff446dcedd42276fc99ee.php 第 1 行.
INFO: Run Behavior\ParseTemplateBehavior [ RunTime:0.034002s ]
INFO: [ view_parse ] --END-- [ RunTime:0.034002s ]
INFO: [ view_filter ] --START--
INFO: Run Behavior\WriteHtmlCacheBehavior [ RunTime:0.000000s ]
INFO: [ view_filter ] --END-- [ RunTime:0.000000s ]
INFO: [ app_end ] --START--
INFO: Run Behavior\ShowPageTraceBehavior [ RunTime:0.000000s ]
INFO: [ app_end ] --END-- [ RunTime:0.000000s ]

[ 2018-11-04T20:52:50+08:00 ] 127.0.0.1 /
INFO: [ app_init ] --START--
INFO: Run Behavior\BuildLiteBehavior [ RunTime:0.000000s ]
INFO: [ app_init ] --END-- [ RunTime:0.000000s ]
INFO: [ app_begin ] --START--
INFO: Run Behavior\ReadHtmlCacheBehavior [ RunTime:0.001000s ]
INFO: [ app_begin ] --END-- [ RunTime:0.001000s ]
NOTIC: [8] Undefined index: keyword D:\phpStudy\WWW\vip2dlsqrlacn\wwwroot\Application\Home\Controller\IndexController.class.php 第 9 行.
NOTIC: [8] Undefined index: plan D:\phpStudy\WWW\vip2dlsqrlacn\wwwroot\Application\Home\Controller\IndexController.class.php 第 10 行.
NOTIC: [8] Undefined index: unit D:\phpStudy\WWW\vip2dlsqrlacn\wwwroot\Application\Home\Controller\IndexController.class.php 第 11 行.
SQL: SHOW COLUMNS FROM `info` [ RunTime:0.0160s ]
SQL: SELECT `phone` FROM `info` WHERE ( id = '1' ) LIMIT 1   [ RunTime:0.0020s ]
SQL: SELECT `code` FROM `info` WHERE ( id = '1' ) LIMIT 1   [ RunTime:0.0010s ]
INFO: [ view_parse ] --START--
INFO: [ template_filter ] --START--
INFO: Run Behavior\ContentReplaceBehavior [ RunTime:0.000000s ]
INFO: [ template_filter ] --END-- [ RunTime:0.000000s ]
NOTIC: [8] A session had already been started - ignoring session_start() D:\phpStudy\WWW\vip2dlsqrlacn\wwwroot\Application\Runtime\Cache\Home\2a94b8bda04ff446dcedd42276fc99ee.php 第 1 行.
INFO: Run Behavior\ParseTemplateBehavior [ RunTime:0.017001s ]
INFO: [ view_parse ] --END-- [ RunTime:0.017001s ]
INFO: [ view_filter ] --START--
INFO: Run Behavior\WriteHtmlCacheBehavior [ RunTime:0.000000s ]
INFO: [ view_filter ] --END-- [ RunTime:0.000000s ]
INFO: [ app_end ] --START--
INFO: Run Behavior\ShowPageTraceBehavior [ RunTime:0.001000s ]
INFO: [ app_end ] --END-- [ RunTime:0.002000s ]

[ 2018-11-04T20:53:12+08:00 ] 127.0.0.1 /
INFO: [ app_init ] --START--
INFO: Run Behavior\BuildLiteBehavior [ RunTime:0.000000s ]
INFO: [ app_init ] --END-- [ RunTime:0.000000s ]
INFO: [ app_begin ] --START--
INFO: Run Behavior\ReadHtmlCacheBehavior [ RunTime:0.000000s ]
INFO: [ app_begin ] --END-- [ RunTime:0.000000s ]
NOTIC: [8] Undefined index: keyword D:\phpStudy\WWW\vip2dlsqrlacn\wwwroot\Application\Home\Controller\IndexController.class.php 第 9 行.
NOTIC: [8] Undefined index: plan D:\phpStudy\WWW\vip2dlsqrlacn\wwwroot\Application\Home\Controller\IndexController.class.php 第 10 行.
NOTIC: [8] Undefined index: unit D:\phpStudy\WWW\vip2dlsqrlacn\wwwroot\Application\Home\Controller\IndexController.class.php 第 11 行.
SQL: SHOW COLUMNS FROM `info` [ RunTime:0.0130s ]
SQL: SELECT `phone` FROM `info` WHERE ( id = '1' ) LIMIT 1   [ RunTime:0.0000s ]
SQL: SELECT `code` FROM `info` WHERE ( id = '1' ) LIMIT 1   [ RunTime:0.0010s ]
INFO: [ view_parse ] --START--
INFO: [ template_filter ] --START--
INFO: Run Behavior\ContentReplaceBehavior [ RunTime:0.000000s ]
INFO: [ template_filter ] --END-- [ RunTime:0.000000s ]
NOTIC: [8] A session had already been started - ignoring session_start() D:\phpStudy\WWW\vip2dlsqrlacn\wwwroot\Application\Runtime\Cache\Home\2a94b8bda04ff446dcedd42276fc99ee.php 第 1 行.
INFO: Run Behavior\ParseTemplateBehavior [ RunTime:0.019001s ]
INFO: [ view_parse ] --END-- [ RunTime:0.019001s ]
INFO: [ view_filter ] --START--
INFO: Run Behavior\WriteHtmlCacheBehavior [ RunTime:0.000000s ]
INFO: [ view_filter ] --END-- [ RunTime:0.000000s ]
INFO: [ app_end ] --START--
INFO: Run Behavior\ShowPageTraceBehavior [ RunTime:0.001000s ]
INFO: [ app_end ] --END-- [ RunTime:0.002001s ]

[ 2018-11-04T20:55:20+08:00 ] 127.0.0.1 /
INFO: [ app_init ] --START--
INFO: Run Behavior\BuildLiteBehavior [ RunTime:0.000000s ]
INFO: [ app_init ] --END-- [ RunTime:0.001000s ]
INFO: [ app_begin ] --START--
INFO: Run Behavior\ReadHtmlCacheBehavior [ RunTime:0.001000s ]
INFO: [ app_begin ] --END-- [ RunTime:0.001000s ]
NOTIC: [8] Undefined index: keyword D:\phpStudy\WWW\vip2dlsqrlacn\wwwroot\Application\Home\Controller\IndexController.class.php 第 9 行.
NOTIC: [8] Undefined index: plan D:\phpStudy\WWW\vip2dlsqrlacn\wwwroot\Application\Home\Controller\IndexController.class.php 第 10 行.
NOTIC: [8] Undefined index: unit D:\phpStudy\WWW\vip2dlsqrlacn\wwwroot\Application\Home\Controller\IndexController.class.php 第 11 行.
SQL: SHOW COLUMNS FROM `info` [ RunTime:0.0070s ]
SQL: SELECT `phone` FROM `info` WHERE ( id = '1' ) LIMIT 1   [ RunTime:0.0000s ]
SQL: SELECT `code` FROM `info` WHERE ( id = '1' ) LIMIT 1   [ RunTime:0.0000s ]
INFO: [ view_parse ] --START--
INFO: [ template_filter ] --START--
INFO: Run Behavior\ContentReplaceBehavior [ RunTime:0.000000s ]
INFO: [ template_filter ] --END-- [ RunTime:0.000000s ]
NOTIC: [8] A session had already been started - ignoring session_start() D:\phpStudy\WWW\vip2dlsqrlacn\wwwroot\Application\Runtime\Cache\Home\2a94b8bda04ff446dcedd42276fc99ee.php 第 1 行.
INFO: Run Behavior\ParseTemplateBehavior [ RunTime:0.018001s ]
INFO: [ view_parse ] --END-- [ RunTime:0.018001s ]
INFO: [ view_filter ] --START--
INFO: Run Behavior\WriteHtmlCacheBehavior [ RunTime:0.000000s ]
INFO: [ view_filter ] --END-- [ RunTime:0.000000s ]
INFO: [ app_end ] --START--
INFO: Run Behavior\ShowPageTraceBehavior [ RunTime:0.002000s ]
INFO: [ app_end ] --END-- [ RunTime:0.002000s ]

[ 2018-11-04T20:55:24+08:00 ] 127.0.0.1 /
INFO: [ app_init ] --START--
INFO: Run Behavior\BuildLiteBehavior [ RunTime:0.000000s ]
INFO: [ app_init ] --END-- [ RunTime:0.000000s ]
INFO: [ app_begin ] --START--
INFO: Run Behavior\ReadHtmlCacheBehavior [ RunTime:0.001000s ]
INFO: [ app_begin ] --END-- [ RunTime:0.001000s ]
NOTIC: [8] Undefined index: keyword D:\phpStudy\WWW\vip2dlsqrlacn\wwwroot\Application\Home\Controller\IndexController.class.php 第 9 行.
NOTIC: [8] Undefined index: plan D:\phpStudy\WWW\vip2dlsqrlacn\wwwroot\Application\Home\Controller\IndexController.class.php 第 10 行.
NOTIC: [8] Undefined index: unit D:\phpStudy\WWW\vip2dlsqrlacn\wwwroot\Application\Home\Controller\IndexController.class.php 第 11 行.
SQL: SHOW COLUMNS FROM `info` [ RunTime:0.0130s ]
SQL: SELECT `phone` FROM `info` WHERE ( id = '1' ) LIMIT 1   [ RunTime:0.0040s ]
SQL: SELECT `code` FROM `info` WHERE ( id = '1' ) LIMIT 1   [ RunTime:0.0020s ]
INFO: [ view_parse ] --START--
INFO: [ template_filter ] --START--
INFO: Run Behavior\ContentReplaceBehavior [ RunTime:0.001000s ]
INFO: [ template_filter ] --END-- [ RunTime:0.001000s ]
NOTIC: [8] A session had already been started - ignoring session_start() D:\phpStudy\WWW\vip2dlsqrlacn\wwwroot\Application\Runtime\Cache\Home\2a94b8bda04ff446dcedd42276fc99ee.php 第 1 行.
INFO: Run Behavior\ParseTemplateBehavior [ RunTime:0.037002s ]
INFO: [ view_parse ] --END-- [ RunTime:0.037002s ]
INFO: [ view_filter ] --START--
INFO: Run Behavior\WriteHtmlCacheBehavior [ RunTime:0.001000s ]
INFO: [ view_filter ] --END-- [ RunTime:0.001000s ]
INFO: [ app_end ] --START--
INFO: Run Behavior\ShowPageTraceBehavior [ RunTime:0.001000s ]
INFO: [ app_end ] --END-- [ RunTime:0.001000s ]

[ 2018-11-04T20:56:49+08:00 ] 127.0.0.1 /
INFO: [ app_init ] --START--
INFO: Run Behavior\BuildLiteBehavior [ RunTime:0.000000s ]
INFO: [ app_init ] --END-- [ RunTime:0.001000s ]
INFO: [ app_begin ] --START--
INFO: Run Behavior\ReadHtmlCacheBehavior [ RunTime:0.001000s ]
INFO: [ app_begin ] --END-- [ RunTime:0.001000s ]
NOTIC: [8] Undefined index: keyword D:\phpStudy\WWW\vip2dlsqrlacn\wwwroot\Application\Home\Controller\IndexController.class.php 第 9 行.
NOTIC: [8] Undefined index: plan D:\phpStudy\WWW\vip2dlsqrlacn\wwwroot\Application\Home\Controller\IndexController.class.php 第 10 行.
NOTIC: [8] Undefined index: unit D:\phpStudy\WWW\vip2dlsqrlacn\wwwroot\Application\Home\Controller\IndexController.class.php 第 11 行.
SQL: SHOW COLUMNS FROM `info` [ RunTime:0.0160s ]
SQL: SELECT `phone` FROM `info` WHERE ( id = '1' ) LIMIT 1   [ RunTime:0.0020s ]
SQL: SELECT `code` FROM `info` WHERE ( id = '1' ) LIMIT 1   [ RunTime:0.0030s ]
INFO: [ view_parse ] --START--
INFO: [ template_filter ] --START--
INFO: Run Behavior\ContentReplaceBehavior [ RunTime:0.001000s ]
INFO: [ template_filter ] --END-- [ RunTime:0.001000s ]
NOTIC: [8] A session had already been started - ignoring session_start() D:\phpStudy\WWW\vip2dlsqrlacn\wwwroot\Application\Runtime\Cache\Home\2a94b8bda04ff446dcedd42276fc99ee.php 第 1 行.
INFO: Run Behavior\ParseTemplateBehavior [ RunTime:0.019001s ]
INFO: [ view_parse ] --END-- [ RunTime:0.019001s ]
INFO: [ view_filter ] --START--
INFO: Run Behavior\WriteHtmlCacheBehavior [ RunTime:0.001000s ]
INFO: [ view_filter ] --END-- [ RunTime:0.001000s ]
INFO: [ app_end ] --START--
INFO: Run Behavior\ShowPageTraceBehavior [ RunTime:0.001000s ]
INFO: [ app_end ] --END-- [ RunTime:0.001000s ]

[ 2018-11-04T20:57:52+08:00 ] 127.0.0.1 /
INFO: [ app_init ] --START--
INFO: Run Behavior\BuildLiteBehavior [ RunTime:0.000000s ]
INFO: [ app_init ] --END-- [ RunTime:0.001000s ]
INFO: [ app_begin ] --START--
INFO: Run Behavior\ReadHtmlCacheBehavior [ RunTime:0.001000s ]
INFO: [ app_begin ] --END-- [ RunTime:0.001000s ]
NOTIC: [8] Undefined index: keyword D:\phpStudy\WWW\vip2dlsqrlacn\wwwroot\Application\Home\Controller\IndexController.class.php 第 9 行.
NOTIC: [8] Undefined index: plan D:\phpStudy\WWW\vip2dlsqrlacn\wwwroot\Application\Home\Controller\IndexController.class.php 第 10 行.
NOTIC: [8] Undefined index: unit D:\phpStudy\WWW\vip2dlsqrlacn\wwwroot\Application\Home\Controller\IndexController.class.php 第 11 行.
SQL: SHOW COLUMNS FROM `info` [ RunTime:0.0120s ]
SQL: SELECT `phone` FROM `info` WHERE ( id = '1' ) LIMIT 1   [ RunTime:0.0020s ]
SQL: SELECT `code` FROM `info` WHERE ( id = '1' ) LIMIT 1   [ RunTime:0.0030s ]
INFO: [ view_parse ] --START--
INFO: [ template_filter ] --START--
INFO: Run Behavior\ContentReplaceBehavior [ RunTime:0.001000s ]
INFO: [ template_filter ] --END-- [ RunTime:0.001000s ]
NOTIC: [8] A session had already been started - ignoring session_start() D:\phpStudy\WWW\vip2dlsqrlacn\wwwroot\Application\Runtime\Cache\Home\2a94b8bda04ff446dcedd42276fc99ee.php 第 1 行.
INFO: Run Behavior\ParseTemplateBehavior [ RunTime:0.022001s ]
INFO: [ view_parse ] --END-- [ RunTime:0.022001s ]
INFO: [ view_filter ] --START--
INFO: Run Behavior\WriteHtmlCacheBehavior [ RunTime:0.000000s ]
INFO: [ view_filter ] --END-- [ RunTime:0.000000s ]
INFO: [ app_end ] --START--
INFO: Run Behavior\ShowPageTraceBehavior [ RunTime:0.000000s ]
INFO: [ app_end ] --END-- [ RunTime:0.001000s ]

[ 2018-11-04T20:57:59+08:00 ] 127.0.0.1 /
INFO: [ app_init ] --START--
INFO: Run Behavior\BuildLiteBehavior [ RunTime:0.000000s ]
INFO: [ app_init ] --END-- [ RunTime:0.001000s ]
INFO: [ app_begin ] --START--
INFO: Run Behavior\ReadHtmlCacheBehavior [ RunTime:0.001000s ]
INFO: [ app_begin ] --END-- [ RunTime:0.001000s ]
NOTIC: [8] Undefined index: keyword D:\phpStudy\WWW\vip2dlsqrlacn\wwwroot\Application\Home\Controller\IndexController.class.php 第 9 行.
NOTIC: [8] Undefined index: plan D:\phpStudy\WWW\vip2dlsqrlacn\wwwroot\Application\Home\Controller\IndexController.class.php 第 10 行.
NOTIC: [8] Undefined index: unit D:\phpStudy\WWW\vip2dlsqrlacn\wwwroot\Application\Home\Controller\IndexController.class.php 第 11 行.
SQL: SHOW COLUMNS FROM `info` [ RunTime:0.0170s ]
SQL: SELECT `phone` FROM `info` WHERE ( id = '1' ) LIMIT 1   [ RunTime:0.0020s ]
SQL: SELECT `code` FROM `info` WHERE ( id = '1' ) LIMIT 1   [ RunTime:0.0020s ]
INFO: [ view_parse ] --START--
INFO: [ template_filter ] --START--
INFO: Run Behavior\ContentReplaceBehavior [ RunTime:0.001000s ]
INFO: [ template_filter ] --END-- [ RunTime:0.001000s ]
NOTIC: [8] A session had already been started - ignoring session_start() D:\phpStudy\WWW\vip2dlsqrlacn\wwwroot\Application\Runtime\Cache\Home\2a94b8bda04ff446dcedd42276fc99ee.php 第 1 行.
INFO: Run Behavior\ParseTemplateBehavior [ RunTime:0.022002s ]
INFO: [ view_parse ] --END-- [ RunTime:0.022002s ]
INFO: [ view_filter ] --START--
INFO: Run Behavior\WriteHtmlCacheBehavior [ RunTime:0.000000s ]
INFO: [ view_filter ] --END-- [ RunTime:0.000000s ]
INFO: [ app_end ] --START--
INFO: Run Behavior\ShowPageTraceBehavior [ RunTime:0.000000s ]
INFO: [ app_end ] --END-- [ RunTime:0.000000s ]

[ 2018-11-04T20:58:27+08:00 ] 127.0.0.1 /
INFO: [ app_init ] --START--
INFO: Run Behavior\BuildLiteBehavior [ RunTime:0.000000s ]
INFO: [ app_init ] --END-- [ RunTime:0.001000s ]
INFO: [ app_begin ] --START--
INFO: Run Behavior\ReadHtmlCacheBehavior [ RunTime:0.001000s ]
INFO: [ app_begin ] --END-- [ RunTime:0.001000s ]
NOTIC: [8] Undefined index: keyword D:\phpStudy\WWW\vip2dlsqrlacn\wwwroot\Application\Home\Controller\IndexController.class.php 第 9 行.
NOTIC: [8] Undefined index: plan D:\phpStudy\WWW\vip2dlsqrlacn\wwwroot\Application\Home\Controller\IndexController.class.php 第 10 行.
NOTIC: [8] Undefined index: unit D:\phpStudy\WWW\vip2dlsqrlacn\wwwroot\Application\Home\Controller\IndexController.class.php 第 11 行.
SQL: SHOW COLUMNS FROM `info` [ RunTime:0.0160s ]
SQL: SELECT `phone` FROM `info` WHERE ( id = '1' ) LIMIT 1   [ RunTime:0.0020s ]
SQL: SELECT `code` FROM `info` WHERE ( id = '1' ) LIMIT 1   [ RunTime:0.0020s ]
INFO: [ view_parse ] --START--
INFO: [ template_filter ] --START--
INFO: Run Behavior\ContentReplaceBehavior [ RunTime:0.000000s ]
INFO: [ template_filter ] --END-- [ RunTime:0.000000s ]
NOTIC: [8] A session had already been started - ignoring session_start() D:\phpStudy\WWW\vip2dlsqrlacn\wwwroot\Application\Runtime\Cache\Home\2a94b8bda04ff446dcedd42276fc99ee.php 第 1 行.
INFO: Run Behavior\ParseTemplateBehavior [ RunTime:0.020001s ]
INFO: [ view_parse ] --END-- [ RunTime:0.020001s ]
INFO: [ view_filter ] --START--
INFO: Run Behavior\WriteHtmlCacheBehavior [ RunTime:0.000000s ]
INFO: [ view_filter ] --END-- [ RunTime:0.000000s ]
INFO: [ app_end ] --START--
INFO: Run Behavior\ShowPageTraceBehavior [ RunTime:0.001000s ]
INFO: [ app_end ] --END-- [ RunTime:0.001000s ]

[ 2018-11-04T20:58:53+08:00 ] 127.0.0.1 /
INFO: [ app_init ] --START--
INFO: Run Behavior\BuildLiteBehavior [ RunTime:0.000000s ]
INFO: [ app_init ] --END-- [ RunTime:0.001000s ]
INFO: [ app_begin ] --START--
INFO: Run Behavior\ReadHtmlCacheBehavior [ RunTime:0.001000s ]
INFO: [ app_begin ] --END-- [ RunTime:0.001000s ]
NOTIC: [8] Undefined index: keyword D:\phpStudy\WWW\vip2dlsqrlacn\wwwroot\Application\Home\Controller\IndexController.class.php 第 9 行.
NOTIC: [8] Undefined index: plan D:\phpStudy\WWW\vip2dlsqrlacn\wwwroot\Application\Home\Controller\IndexController.class.php 第 10 行.
NOTIC: [8] Undefined index: unit D:\phpStudy\WWW\vip2dlsqrlacn\wwwroot\Application\Home\Controller\IndexController.class.php 第 11 行.
SQL: SHOW COLUMNS FROM `info` [ RunTime:0.0080s ]
SQL: SELECT `phone` FROM `info` WHERE ( id = '1' ) LIMIT 1   [ RunTime:0.0010s ]
SQL: SELECT `code` FROM `info` WHERE ( id = '1' ) LIMIT 1   [ RunTime:0.0000s ]
INFO: [ view_parse ] --START--
INFO: [ template_filter ] --START--
INFO: Run Behavior\ContentReplaceBehavior [ RunTime:0.000000s ]
INFO: [ template_filter ] --END-- [ RunTime:0.000000s ]
NOTIC: [8] A session had already been started - ignoring session_start() D:\phpStudy\WWW\vip2dlsqrlacn\wwwroot\Application\Runtime\Cache\Home\2a94b8bda04ff446dcedd42276fc99ee.php 第 1 行.
INFO: Run Behavior\ParseTemplateBehavior [ RunTime:0.019001s ]
INFO: [ view_parse ] --END-- [ RunTime:0.019001s ]
INFO: [ view_filter ] --START--
INFO: Run Behavior\WriteHtmlCacheBehavior [ RunTime:0.001000s ]
INFO: [ view_filter ] --END-- [ RunTime:0.001000s ]
INFO: [ app_end ] --START--
INFO: Run Behavior\ShowPageTraceBehavior [ RunTime:0.002000s ]
INFO: [ app_end ] --END-- [ RunTime:0.002000s ]

[ 2018-11-04T20:58:55+08:00 ] 127.0.0.1 /
INFO: [ app_init ] --START--
INFO: Run Behavior\BuildLiteBehavior [ RunTime:0.000000s ]
INFO: [ app_init ] --END-- [ RunTime:0.000000s ]
INFO: [ app_begin ] --START--
INFO: Run Behavior\ReadHtmlCacheBehavior [ RunTime:0.001000s ]
INFO: [ app_begin ] --END-- [ RunTime:0.001000s ]
NOTIC: [8] Undefined index: keyword D:\phpStudy\WWW\vip2dlsqrlacn\wwwroot\Application\Home\Controller\IndexController.class.php 第 9 行.
NOTIC: [8] Undefined index: plan D:\phpStudy\WWW\vip2dlsqrlacn\wwwroot\Application\Home\Controller\IndexController.class.php 第 10 行.
NOTIC: [8] Undefined index: unit D:\phpStudy\WWW\vip2dlsqrlacn\wwwroot\Application\Home\Controller\IndexController.class.php 第 11 行.
SQL: SHOW COLUMNS FROM `info` [ RunTime:0.0160s ]
SQL: SELECT `phone` FROM `info` WHERE ( id = '1' ) LIMIT 1   [ RunTime:0.0010s ]
SQL: SELECT `code` FROM `info` WHERE ( id = '1' ) LIMIT 1   [ RunTime:0.0010s ]
INFO: [ view_parse ] --START--
INFO: [ template_filter ] --START--
INFO: Run Behavior\ContentReplaceBehavior [ RunTime:0.001000s ]
INFO: [ template_filter ] --END-- [ RunTime:0.001000s ]
NOTIC: [8] A session had already been started - ignoring session_start() D:\phpStudy\WWW\vip2dlsqrlacn\wwwroot\Application\Runtime\Cache\Home\2a94b8bda04ff446dcedd42276fc99ee.php 第 1 行.
INFO: Run Behavior\ParseTemplateBehavior [ RunTime:0.034002s ]
INFO: [ view_parse ] --END-- [ RunTime:0.034002s ]
INFO: [ view_filter ] --START--
INFO: Run Behavior\WriteHtmlCacheBehavior [ RunTime:0.000000s ]
INFO: [ view_filter ] --END-- [ RunTime:0.000000s ]
INFO: [ app_end ] --START--
INFO: Run Behavior\ShowPageTraceBehavior [ RunTime:0.001001s ]
INFO: [ app_end ] --END-- [ RunTime:0.001001s ]

[ 2018-11-04T20:59:04+08:00 ] 127.0.0.1 /
INFO: [ app_init ] --START--
INFO: Run Behavior\BuildLiteBehavior [ RunTime:0.000000s ]
INFO: [ app_init ] --END-- [ RunTime:0.001000s ]
INFO: [ app_begin ] --START--
INFO: Run Behavior\ReadHtmlCacheBehavior [ RunTime:0.001000s ]
INFO: [ app_begin ] --END-- [ RunTime:0.001000s ]
NOTIC: [8] Undefined index: keyword D:\phpStudy\WWW\vip2dlsqrlacn\wwwroot\Application\Home\Controller\IndexController.class.php 第 9 行.
NOTIC: [8] Undefined index: plan D:\phpStudy\WWW\vip2dlsqrlacn\wwwroot\Application\Home\Controller\IndexController.class.php 第 10 行.
NOTIC: [8] Undefined index: unit D:\phpStudy\WWW\vip2dlsqrlacn\wwwroot\Application\Home\Controller\IndexController.class.php 第 11 行.
SQL: SHOW COLUMNS FROM `info` [ RunTime:0.0080s ]
SQL: SELECT `phone` FROM `info` WHERE ( id = '1' ) LIMIT 1   [ RunTime:0.0010s ]
SQL: SELECT `code` FROM `info` WHERE ( id = '1' ) LIMIT 1   [ RunTime:0.0000s ]
INFO: [ view_parse ] --START--
INFO: [ template_filter ] --START--
INFO: Run Behavior\ContentReplaceBehavior [ RunTime:0.001000s ]
INFO: [ template_filter ] --END-- [ RunTime:0.001000s ]
NOTIC: [8] A session had already been started - ignoring session_start() D:\phpStudy\WWW\vip2dlsqrlacn\wwwroot\Application\Runtime\Cache\Home\2a94b8bda04ff446dcedd42276fc99ee.php 第 1 行.
INFO: Run Behavior\ParseTemplateBehavior [ RunTime:0.020001s ]
INFO: [ view_parse ] --END-- [ RunTime:0.020001s ]
INFO: [ view_filter ] --START--
INFO: Run Behavior\WriteHtmlCacheBehavior [ RunTime:0.000000s ]
INFO: [ view_filter ] --END-- [ RunTime:0.000000s ]
INFO: [ app_end ] --START--
INFO: Run Behavior\ShowPageTraceBehavior [ RunTime:0.001000s ]
INFO: [ app_end ] --END-- [ RunTime:0.001000s ]

[ 2018-11-04T22:21:00+08:00 ] 127.0.0.1 /
INFO: [ app_init ] --START--
INFO: Run Behavior\BuildLiteBehavior [ RunTime:0.000000s ]
INFO: [ app_init ] --END-- [ RunTime:0.003000s ]
INFO: [ app_begin ] --START--
INFO: Run Behavior\ReadHtmlCacheBehavior [ RunTime:0.003000s ]
INFO: [ app_begin ] --END-- [ RunTime:0.004000s ]
NOTIC: [8] Undefined index: keyword D:\phpStudy\WWW\vip2dlsqrlacn\wwwroot\Application\Home\Controller\IndexController.class.php 第 9 行.
NOTIC: [8] Undefined index: plan D:\phpStudy\WWW\vip2dlsqrlacn\wwwroot\Application\Home\Controller\IndexController.class.php 第 10 行.
NOTIC: [8] Undefined index: unit D:\phpStudy\WWW\vip2dlsqrlacn\wwwroot\Application\Home\Controller\IndexController.class.php 第 11 行.
SQL: SHOW COLUMNS FROM `info` [ RunTime:0.0410s ]
SQL: SELECT `phone` FROM `info` WHERE ( id = '1' ) LIMIT 1   [ RunTime:0.0060s ]
SQL: SELECT `code` FROM `info` WHERE ( id = '1' ) LIMIT 1   [ RunTime:0.0010s ]
INFO: [ view_parse ] --START--
INFO: [ template_filter ] --START--
INFO: Run Behavior\ContentReplaceBehavior [ RunTime:0.002000s ]
INFO: [ template_filter ] --END-- [ RunTime:0.002000s ]
NOTIC: [8] A session had already been started - ignoring session_start() D:\phpStudy\WWW\vip2dlsqrlacn\wwwroot\Application\Runtime\Cache\Home\2a94b8bda04ff446dcedd42276fc99ee.php 第 1 行.
INFO: Run Behavior\ParseTemplateBehavior [ RunTime:0.048003s ]
INFO: [ view_parse ] --END-- [ RunTime:0.048003s ]
INFO: [ view_filter ] --START--
INFO: Run Behavior\WriteHtmlCacheBehavior [ RunTime:0.000000s ]
INFO: [ view_filter ] --END-- [ RunTime:0.000000s ]
INFO: [ app_end ] --START--
INFO: Run Behavior\ShowPageTraceBehavior [ RunTime:0.001000s ]
INFO: [ app_end ] --END-- [ RunTime:0.001000s ]

[ 2018-11-04T22:21:14+08:00 ] 127.0.0.1 /
INFO: [ app_init ] --START--
INFO: Run Behavior\BuildLiteBehavior [ RunTime:0.000000s ]
INFO: [ app_init ] --END-- [ RunTime:0.001000s ]
INFO: [ app_begin ] --START--
INFO: Run Behavior\ReadHtmlCacheBehavior [ RunTime:0.001000s ]
INFO: [ app_begin ] --END-- [ RunTime:0.004000s ]
NOTIC: [8] Undefined index: keyword D:\phpStudy\WWW\vip2dlsqrlacn\wwwroot\Application\Home\Controller\IndexController.class.php 第 9 行.
NOTIC: [8] Undefined index: plan D:\phpStudy\WWW\vip2dlsqrlacn\wwwroot\Application\Home\Controller\IndexController.class.php 第 10 行.
NOTIC: [8] Undefined index: unit D:\phpStudy\WWW\vip2dlsqrlacn\wwwroot\Application\Home\Controller\IndexController.class.php 第 11 行.
SQL: SHOW COLUMNS FROM `info` [ RunTime:0.0130s ]
SQL: SELECT `phone` FROM `info` WHERE ( id = '1' ) LIMIT 1   [ RunTime:0.0020s ]
SQL: SELECT `code` FROM `info` WHERE ( id = '1' ) LIMIT 1   [ RunTime:0.0010s ]
INFO: [ view_parse ] --START--
INFO: [ template_filter ] --START--
INFO: Run Behavior\ContentReplaceBehavior [ RunTime:0.000000s ]
INFO: [ template_filter ] --END-- [ RunTime:0.000000s ]
NOTIC: [8] A session had already been started - ignoring session_start() D:\phpStudy\WWW\vip2dlsqrlacn\wwwroot\Application\Runtime\Cache\Home\2a94b8bda04ff446dcedd42276fc99ee.php 第 1 行.
INFO: Run Behavior\ParseTemplateBehavior [ RunTime:0.018001s ]
INFO: [ view_parse ] --END-- [ RunTime:0.018001s ]
INFO: [ view_filter ] --START--
INFO: Run Behavior\WriteHtmlCacheBehavior [ RunTime:0.003000s ]
INFO: [ view_filter ] --END-- [ RunTime:0.003000s ]
INFO: [ app_end ] --START--
INFO: Run Behavior\ShowPageTraceBehavior [ RunTime:0.000000s ]
INFO: [ app_end ] --END-- [ RunTime:0.000000s ]

[ 2018-11-04T22:21:26+08:00 ] 127.0.0.1 /
INFO: [ app_init ] --START--
INFO: Run Behavior\BuildLiteBehavior [ RunTime:0.000000s ]
INFO: [ app_init ] --END-- [ RunTime:0.000000s ]
INFO: [ app_begin ] --START--
INFO: Run Behavior\ReadHtmlCacheBehavior [ RunTime:0.001000s ]
INFO: [ app_begin ] --END-- [ RunTime:0.001000s ]
NOTIC: [8] Undefined index: keyword D:\phpStudy\WWW\vip2dlsqrlacn\wwwroot\Application\Home\Controller\IndexController.class.php 第 9 行.
NOTIC: [8] Undefined index: plan D:\phpStudy\WWW\vip2dlsqrlacn\wwwroot\Application\Home\Controller\IndexController.class.php 第 10 行.
NOTIC: [8] Undefined index: unit D:\phpStudy\WWW\vip2dlsqrlacn\wwwroot\Application\Home\Controller\IndexController.class.php 第 11 行.
SQL: SHOW COLUMNS FROM `info` [ RunTime:0.0070s ]
SQL: SELECT `phone` FROM `info` WHERE ( id = '1' ) LIMIT 1   [ RunTime:0.0010s ]
SQL: SELECT `code` FROM `info` WHERE ( id = '1' ) LIMIT 1   [ RunTime:0.0020s ]
INFO: [ view_parse ] --START--
INFO: [ template_filter ] --START--
INFO: Run Behavior\ContentReplaceBehavior [ RunTime:0.001000s ]
INFO: [ template_filter ] --END-- [ RunTime:0.001000s ]
NOTIC: [8] A session had already been started - ignoring session_start() D:\phpStudy\WWW\vip2dlsqrlacn\wwwroot\Application\Runtime\Cache\Home\2a94b8bda04ff446dcedd42276fc99ee.php 第 1 行.
INFO: Run Behavior\ParseTemplateBehavior [ RunTime:0.017001s ]
INFO: [ view_parse ] --END-- [ RunTime:0.017001s ]
INFO: [ view_filter ] --START--
INFO: Run Behavior\WriteHtmlCacheBehavior [ RunTime:0.000000s ]
INFO: [ view_filter ] --END-- [ RunTime:0.000000s ]
INFO: [ app_end ] --START--
INFO: Run Behavior\ShowPageTraceBehavior [ RunTime:0.001000s ]
INFO: [ app_end ] --END-- [ RunTime:0.001000s ]

[ 2018-11-04T22:24:50+08:00 ] 127.0.0.1 /
INFO: [ app_init ] --START--
INFO: Run Behavior\BuildLiteBehavior [ RunTime:0.000000s ]
INFO: [ app_init ] --END-- [ RunTime:0.000000s ]
INFO: [ app_begin ] --START--
INFO: Run Behavior\ReadHtmlCacheBehavior [ RunTime:0.000000s ]
INFO: [ app_begin ] --END-- [ RunTime:0.000000s ]
NOTIC: [8] Undefined index: keyword D:\phpStudy\WWW\vip2dlsqrlacn\wwwroot\Application\Home\Controller\IndexController.class.php 第 9 行.
NOTIC: [8] Undefined index: plan D:\phpStudy\WWW\vip2dlsqrlacn\wwwroot\Application\Home\Controller\IndexController.class.php 第 10 行.
NOTIC: [8] Undefined index: unit D:\phpStudy\WWW\vip2dlsqrlacn\wwwroot\Application\Home\Controller\IndexController.class.php 第 11 行.
SQL: SHOW COLUMNS FROM `info` [ RunTime:0.0150s ]
SQL: SELECT `phone` FROM `info` WHERE ( id = '1' ) LIMIT 1   [ RunTime:0.0010s ]
SQL: SELECT `code` FROM `info` WHERE ( id = '1' ) LIMIT 1   [ RunTime:0.0030s ]
INFO: [ view_parse ] --START--
INFO: [ template_filter ] --START--
INFO: Run Behavior\ContentReplaceBehavior [ RunTime:0.000000s ]
INFO: [ template_filter ] --END-- [ RunTime:0.000000s ]
NOTIC: [8] A session had already been started - ignoring session_start() D:\phpStudy\WWW\vip2dlsqrlacn\wwwroot\Application\Runtime\Cache\Home\2a94b8bda04ff446dcedd42276fc99ee.php 第 1 行.
INFO: Run Behavior\ParseTemplateBehavior [ RunTime:0.023001s ]
INFO: [ view_parse ] --END-- [ RunTime:0.023001s ]
INFO: [ view_filter ] --START--
INFO: Run Behavior\WriteHtmlCacheBehavior [ RunTime:0.000000s ]
INFO: [ view_filter ] --END-- [ RunTime:0.000000s ]
INFO: [ app_end ] --START--
INFO: Run Behavior\ShowPageTraceBehavior [ RunTime:0.001000s ]
INFO: [ app_end ] --END-- [ RunTime:0.001000s ]

[ 2018-11-04T22:26:44+08:00 ] 127.0.0.1 /
INFO: [ app_init ] --START--
INFO: Run Behavior\BuildLiteBehavior [ RunTime:0.000000s ]
INFO: [ app_init ] --END-- [ RunTime:0.000000s ]
INFO: [ app_begin ] --START--
INFO: Run Behavior\ReadHtmlCacheBehavior [ RunTime:0.000000s ]
INFO: [ app_begin ] --END-- [ RunTime:0.000000s ]
NOTIC: [8] Undefined index: keyword D:\phpStudy\WWW\vip2dlsqrlacn\wwwroot\Application\Home\Controller\IndexController.class.php 第 9 行.
NOTIC: [8] Undefined index: plan D:\phpStudy\WWW\vip2dlsqrlacn\wwwroot\Application\Home\Controller\IndexController.class.php 第 10 行.
NOTIC: [8] Undefined index: unit D:\phpStudy\WWW\vip2dlsqrlacn\wwwroot\Application\Home\Controller\IndexController.class.php 第 11 行.
SQL: SHOW COLUMNS FROM `info` [ RunTime:0.0150s ]
SQL: SELECT `phone` FROM `info` WHERE ( id = '1' ) LIMIT 1   [ RunTime:0.0020s ]
SQL: SELECT `code` FROM `info` WHERE ( id = '1' ) LIMIT 1   [ RunTime:0.0020s ]
INFO: [ view_parse ] --START--
INFO: [ template_filter ] --START--
INFO: Run Behavior\ContentReplaceBehavior [ RunTime:0.001000s ]
INFO: [ template_filter ] --END-- [ RunTime:0.001000s ]
NOTIC: [8] A session had already been started - ignoring session_start() D:\phpStudy\WWW\vip2dlsqrlacn\wwwroot\Application\Runtime\Cache\Home\2a94b8bda04ff446dcedd42276fc99ee.php 第 1 行.
INFO: Run Behavior\ParseTemplateBehavior [ RunTime:0.024001s ]
INFO: [ view_parse ] --END-- [ RunTime:0.024001s ]
INFO: [ view_filter ] --START--
INFO: Run Behavior\WriteHtmlCacheBehavior [ RunTime:0.000000s ]
INFO: [ view_filter ] --END-- [ RunTime:0.000000s ]
INFO: [ app_end ] --START--
INFO: Run Behavior\ShowPageTraceBehavior [ RunTime:0.001000s ]
INFO: [ app_end ] --END-- [ RunTime:0.001000s ]

[ 2018-11-04T22:31:58+08:00 ] 127.0.0.1 /
INFO: [ app_init ] --START--
INFO: Run Behavior\BuildLiteBehavior [ RunTime:0.000000s ]
INFO: [ app_init ] --END-- [ RunTime:0.001001s ]
INFO: [ app_begin ] --START--
INFO: Run Behavior\ReadHtmlCacheBehavior [ RunTime:0.002000s ]
INFO: [ app_begin ] --END-- [ RunTime:0.002000s ]
NOTIC: [8] Undefined index: keyword D:\phpStudy\WWW\vip2dlsqrlacn\wwwroot\Application\Home\Controller\IndexController.class.php 第 9 行.
NOTIC: [8] Undefined index: plan D:\phpStudy\WWW\vip2dlsqrlacn\wwwroot\Application\Home\Controller\IndexController.class.php 第 10 行.
NOTIC: [8] Undefined index: unit D:\phpStudy\WWW\vip2dlsqrlacn\wwwroot\Application\Home\Controller\IndexController.class.php 第 11 行.
SQL: SHOW COLUMNS FROM `info` [ RunTime:0.0100s ]
SQL: SELECT `phone` FROM `info` WHERE ( id = '1' ) LIMIT 1   [ RunTime:0.0020s ]
SQL: SELECT `code` FROM `info` WHERE ( id = '1' ) LIMIT 1   [ RunTime:0.0020s ]
INFO: [ view_parse ] --START--
INFO: [ template_filter ] --START--
INFO: Run Behavior\ContentReplaceBehavior [ RunTime:0.001000s ]
INFO: [ template_filter ] --END-- [ RunTime:0.001000s ]
NOTIC: [8] A session had already been started - ignoring session_start() D:\phpStudy\WWW\vip2dlsqrlacn\wwwroot\Application\Runtime\Cache\Home\2a94b8bda04ff446dcedd42276fc99ee.php 第 1 行.
INFO: Run Behavior\ParseTemplateBehavior [ RunTime:0.027001s ]
INFO: [ view_parse ] --END-- [ RunTime:0.027001s ]
INFO: [ view_filter ] --START--
INFO: Run Behavior\WriteHtmlCacheBehavior [ RunTime:0.000000s ]
INFO: [ view_filter ] --END-- [ RunTime:0.000000s ]
INFO: [ app_end ] --START--
INFO: Run Behavior\ShowPageTraceBehavior [ RunTime:0.001000s ]
INFO: [ app_end ] --END-- [ RunTime:0.001000s ]

[ 2018-11-04T22:32:01+08:00 ] 127.0.0.1 /
INFO: [ app_init ] --START--
INFO: Run Behavior\BuildLiteBehavior [ RunTime:0.000000s ]
INFO: [ app_init ] --END-- [ RunTime:0.001000s ]
INFO: [ app_begin ] --START--
INFO: Run Behavior\ReadHtmlCacheBehavior [ RunTime:0.001000s ]
INFO: [ app_begin ] --END-- [ RunTime:0.001000s ]
NOTIC: [8] Undefined index: keyword D:\phpStudy\WWW\vip2dlsqrlacn\wwwroot\Application\Home\Controller\IndexController.class.php 第 9 行.
NOTIC: [8] Undefined index: plan D:\phpStudy\WWW\vip2dlsqrlacn\wwwroot\Application\Home\Controller\IndexController.class.php 第 10 行.
NOTIC: [8] Undefined index: unit D:\phpStudy\WWW\vip2dlsqrlacn\wwwroot\Application\Home\Controller\IndexController.class.php 第 11 行.
SQL: SHOW COLUMNS FROM `info` [ RunTime:0.0120s ]
SQL: SELECT `phone` FROM `info` WHERE ( id = '1' ) LIMIT 1   [ RunTime:0.0010s ]
SQL: SELECT `code` FROM `info` WHERE ( id = '1' ) LIMIT 1   [ RunTime:0.0000s ]
INFO: [ view_parse ] --START--
INFO: [ template_filter ] --START--
INFO: Run Behavior\ContentReplaceBehavior [ RunTime:0.001000s ]
INFO: [ template_filter ] --END-- [ RunTime:0.001000s ]
NOTIC: [8] A session had already been started - ignoring session_start() D:\phpStudy\WWW\vip2dlsqrlacn\wwwroot\Application\Runtime\Cache\Home\2a94b8bda04ff446dcedd42276fc99ee.php 第 1 行.
INFO: Run Behavior\ParseTemplateBehavior [ RunTime:0.017001s ]
INFO: [ view_parse ] --END-- [ RunTime:0.017001s ]
INFO: [ view_filter ] --START--
INFO: Run Behavior\WriteHtmlCacheBehavior [ RunTime:0.000000s ]
INFO: [ view_filter ] --END-- [ RunTime:0.000000s ]
INFO: [ app_end ] --START--
INFO: Run Behavior\ShowPageTraceBehavior [ RunTime:0.000000s ]
INFO: [ app_end ] --END-- [ RunTime:0.000000s ]

[ 2018-11-04T22:33:16+08:00 ] 127.0.0.1 /
INFO: [ app_init ] --START--
INFO: Run Behavior\BuildLiteBehavior [ RunTime:0.000000s ]
INFO: [ app_init ] --END-- [ RunTime:0.001000s ]
INFO: [ app_begin ] --START--
INFO: Run Behavior\ReadHtmlCacheBehavior [ RunTime:0.001000s ]
INFO: [ app_begin ] --END-- [ RunTime:0.001000s ]
NOTIC: [8] Undefined index: keyword D:\phpStudy\WWW\vip2dlsqrlacn\wwwroot\Application\Home\Controller\IndexController.class.php 第 9 行.
NOTIC: [8] Undefined index: plan D:\phpStudy\WWW\vip2dlsqrlacn\wwwroot\Application\Home\Controller\IndexController.class.php 第 10 行.
NOTIC: [8] Undefined index: unit D:\phpStudy\WWW\vip2dlsqrlacn\wwwroot\Application\Home\Controller\IndexController.class.php 第 11 行.
SQL: SHOW COLUMNS FROM `info` [ RunTime:0.0060s ]
SQL: SELECT `phone` FROM `info` WHERE ( id = '1' ) LIMIT 1   [ RunTime:0.0010s ]
SQL: SELECT `code` FROM `info` WHERE ( id = '1' ) LIMIT 1   [ RunTime:0.0000s ]
INFO: [ view_parse ] --START--
INFO: [ template_filter ] --START--
INFO: Run Behavior\ContentReplaceBehavior [ RunTime:0.000000s ]
INFO: [ template_filter ] --END-- [ RunTime:0.000000s ]
NOTIC: [8] A session had already been started - ignoring session_start() D:\phpStudy\WWW\vip2dlsqrlacn\wwwroot\Application\Runtime\Cache\Home\2a94b8bda04ff446dcedd42276fc99ee.php 第 1 行.
INFO: Run Behavior\ParseTemplateBehavior [ RunTime:0.028002s ]
INFO: [ view_parse ] --END-- [ RunTime:0.030002s ]
INFO: [ view_filter ] --START--
INFO: Run Behavior\WriteHtmlCacheBehavior [ RunTime:0.000000s ]
INFO: [ view_filter ] --END-- [ RunTime:0.000000s ]
INFO: [ app_end ] --START--
INFO: Run Behavior\ShowPageTraceBehavior [ RunTime:0.002000s ]
INFO: [ app_end ] --END-- [ RunTime:0.002000s ]

[ 2018-11-04T22:34:11+08:00 ] 127.0.0.1 /
INFO: [ app_init ] --START--
INFO: Run Behavior\BuildLiteBehavior [ RunTime:0.000000s ]
INFO: [ app_init ] --END-- [ RunTime:0.001000s ]
INFO: [ app_begin ] --START--
INFO: Run Behavior\ReadHtmlCacheBehavior [ RunTime:0.001000s ]
INFO: [ app_begin ] --END-- [ RunTime:0.001000s ]
NOTIC: [8] Undefined index: keyword D:\phpStudy\WWW\vip2dlsqrlacn\wwwroot\Application\Home\Controller\IndexController.class.php 第 9 行.
NOTIC: [8] Undefined index: plan D:\phpStudy\WWW\vip2dlsqrlacn\wwwroot\Application\Home\Controller\IndexController.class.php 第 10 行.
NOTIC: [8] Undefined index: unit D:\phpStudy\WWW\vip2dlsqrlacn\wwwroot\Application\Home\Controller\IndexController.class.php 第 11 行.
SQL: SHOW COLUMNS FROM `info` [ RunTime:0.0210s ]
SQL: SELECT `phone` FROM `info` WHERE ( id = '1' ) LIMIT 1   [ RunTime:0.0010s ]
SQL: SELECT `code` FROM `info` WHERE ( id = '1' ) LIMIT 1   [ RunTime:0.0010s ]
INFO: [ view_parse ] --START--
INFO: [ template_filter ] --START--
INFO: Run Behavior\ContentReplaceBehavior [ RunTime:0.001000s ]
INFO: [ template_filter ] --END-- [ RunTime:0.001000s ]
NOTIC: [8] A session had already been started - ignoring session_start() D:\phpStudy\WWW\vip2dlsqrlacn\wwwroot\Application\Runtime\Cache\Home\2a94b8bda04ff446dcedd42276fc99ee.php 第 1 行.
INFO: Run Behavior\ParseTemplateBehavior [ RunTime:0.018001s ]
INFO: [ view_parse ] --END-- [ RunTime:0.019001s ]
INFO: [ view_filter ] --START--
INFO: Run Behavior\WriteHtmlCacheBehavior [ RunTime:0.000000s ]
INFO: [ view_filter ] --END-- [ RunTime:0.000000s ]
INFO: [ app_end ] --START--
INFO: Run Behavior\ShowPageTraceBehavior [ RunTime:0.000000s ]
INFO: [ app_end ] --END-- [ RunTime:0.000000s ]

[ 2018-11-04T22:34:27+08:00 ] 127.0.0.1 /
INFO: [ app_init ] --START--
INFO: Run Behavior\BuildLiteBehavior [ RunTime:0.000000s ]
INFO: [ app_init ] --END-- [ RunTime:0.000000s ]
INFO: [ app_begin ] --START--
INFO: Run Behavior\ReadHtmlCacheBehavior [ RunTime:0.000000s ]
INFO: [ app_begin ] --END-- [ RunTime:0.000000s ]
NOTIC: [8] Undefined index: keyword D:\phpStudy\WWW\vip2dlsqrlacn\wwwroot\Application\Home\Controller\IndexController.class.php 第 9 行.
NOTIC: [8] Undefined index: plan D:\phpStudy\WWW\vip2dlsqrlacn\wwwroot\Application\Home\Controller\IndexController.class.php 第 10 行.
NOTIC: [8] Undefined index: unit D:\phpStudy\WWW\vip2dlsqrlacn\wwwroot\Application\Home\Controller\IndexController.class.php 第 11 行.
SQL: SHOW COLUMNS FROM `info` [ RunTime:0.0170s ]
SQL: SELECT `phone` FROM `info` WHERE ( id = '1' ) LIMIT 1   [ RunTime:0.0010s ]
SQL: SELECT `code` FROM `info` WHERE ( id = '1' ) LIMIT 1   [ RunTime:0.0010s ]
INFO: [ view_parse ] --START--
INFO: [ template_filter ] --START--
INFO: Run Behavior\ContentReplaceBehavior [ RunTime:0.000000s ]
INFO: [ template_filter ] --END-- [ RunTime:0.000000s ]
NOTIC: [8] A session had already been started - ignoring session_start() D:\phpStudy\WWW\vip2dlsqrlacn\wwwroot\Application\Runtime\Cache\Home\2a94b8bda04ff446dcedd42276fc99ee.php 第 1 行.
INFO: Run Behavior\ParseTemplateBehavior [ RunTime:0.019001s ]
INFO: [ view_parse ] --END-- [ RunTime:0.019001s ]
INFO: [ view_filter ] --START--
INFO: Run Behavior\WriteHtmlCacheBehavior [ RunTime:0.000000s ]
INFO: [ view_filter ] --END-- [ RunTime:0.000000s ]
INFO: [ app_end ] --START--
INFO: Run Behavior\ShowPageTraceBehavior [ RunTime:0.000000s ]
INFO: [ app_end ] --END-- [ RunTime:0.001000s ]

[ 2018-11-04T22:35:10+08:00 ] 127.0.0.1 /
INFO: [ app_init ] --START--
INFO: Run Behavior\BuildLiteBehavior [ RunTime:0.000000s ]
INFO: [ app_init ] --END-- [ RunTime:0.001000s ]
INFO: [ app_begin ] --START--
INFO: Run Behavior\ReadHtmlCacheBehavior [ RunTime:0.001000s ]
INFO: [ app_begin ] --END-- [ RunTime:0.001000s ]
NOTIC: [8] Undefined index: keyword D:\phpStudy\WWW\vip2dlsqrlacn\wwwroot\Application\Home\Controller\IndexController.class.php 第 9 行.
NOTIC: [8] Undefined index: plan D:\phpStudy\WWW\vip2dlsqrlacn\wwwroot\Application\Home\Controller\IndexController.class.php 第 10 行.
NOTIC: [8] Undefined index: unit D:\phpStudy\WWW\vip2dlsqrlacn\wwwroot\Application\Home\Controller\IndexController.class.php 第 11 行.
SQL: SHOW COLUMNS FROM `info` [ RunTime:0.0130s ]
SQL: SELECT `phone` FROM `info` WHERE ( id = '1' ) LIMIT 1   [ RunTime:0.0020s ]
SQL: SELECT `code` FROM `info` WHERE ( id = '1' ) LIMIT 1   [ RunTime:0.0050s ]
INFO: [ view_parse ] --START--
INFO: [ template_filter ] --START--
INFO: Run Behavior\ContentReplaceBehavior [ RunTime:0.000000s ]
INFO: [ template_filter ] --END-- [ RunTime:0.000000s ]
NOTIC: [8] A session had already been started - ignoring session_start() D:\phpStudy\WWW\vip2dlsqrlacn\wwwroot\Application\Runtime\Cache\Home\2a94b8bda04ff446dcedd42276fc99ee.php 第 1 行.
INFO: Run Behavior\ParseTemplateBehavior [ RunTime:0.024001s ]
INFO: [ view_parse ] --END-- [ RunTime:0.024001s ]
INFO: [ view_filter ] --START--
INFO: Run Behavior\WriteHtmlCacheBehavior [ RunTime:0.000000s ]
INFO: [ view_filter ] --END-- [ RunTime:0.000000s ]
INFO: [ app_end ] --START--
INFO: Run Behavior\ShowPageTraceBehavior [ RunTime:0.002001s ]
INFO: [ app_end ] --END-- [ RunTime:0.002001s ]

[ 2018-11-04T22:35:52+08:00 ] 127.0.0.1 /
INFO: [ app_init ] --START--
INFO: Run Behavior\BuildLiteBehavior [ RunTime:0.000000s ]
INFO: [ app_init ] --END-- [ RunTime:0.001000s ]
INFO: [ app_begin ] --START--
INFO: Run Behavior\ReadHtmlCacheBehavior [ RunTime:0.001000s ]
INFO: [ app_begin ] --END-- [ RunTime:0.001000s ]
NOTIC: [8] Undefined index: keyword D:\phpStudy\WWW\vip2dlsqrlacn\wwwroot\Application\Home\Controller\IndexController.class.php 第 9 行.
NOTIC: [8] Undefined index: plan D:\phpStudy\WWW\vip2dlsqrlacn\wwwroot\Application\Home\Controller\IndexController.class.php 第 10 行.
NOTIC: [8] Undefined index: unit D:\phpStudy\WWW\vip2dlsqrlacn\wwwroot\Application\Home\Controller\IndexController.class.php 第 11 行.
SQL: SHOW COLUMNS FROM `info` [ RunTime:0.0090s ]
SQL: SELECT `phone` FROM `info` WHERE ( id = '1' ) LIMIT 1   [ RunTime:0.0040s ]
SQL: SELECT `code` FROM `info` WHERE ( id = '1' ) LIMIT 1   [ RunTime:0.0010s ]
INFO: [ view_parse ] --START--
INFO: [ template_filter ] --START--
INFO: Run Behavior\ContentReplaceBehavior [ RunTime:0.000000s ]
INFO: [ template_filter ] --END-- [ RunTime:0.000000s ]
NOTIC: [8] A session had already been started - ignoring session_start() D:\phpStudy\WWW\vip2dlsqrlacn\wwwroot\Application\Runtime\Cache\Home\2a94b8bda04ff446dcedd42276fc99ee.php 第 1 行.
INFO: Run Behavior\ParseTemplateBehavior [ RunTime:0.018001s ]
INFO: [ view_parse ] --END-- [ RunTime:0.018001s ]
INFO: [ view_filter ] --START--
INFO: Run Behavior\WriteHtmlCacheBehavior [ RunTime:0.000000s ]
INFO: [ view_filter ] --END-- [ RunTime:0.000000s ]
INFO: [ app_end ] --START--
INFO: Run Behavior\ShowPageTraceBehavior [ RunTime:0.001000s ]
INFO: [ app_end ] --END-- [ RunTime:0.001000s ]

[ 2018-11-04T22:46:07+08:00 ] 127.0.0.1 /
INFO: [ app_init ] --START--
INFO: Run Behavior\BuildLiteBehavior [ RunTime:0.000000s ]
INFO: [ app_init ] --END-- [ RunTime:0.001000s ]
INFO: [ app_begin ] --START--
INFO: Run Behavior\ReadHtmlCacheBehavior [ RunTime:0.001000s ]
INFO: [ app_begin ] --END-- [ RunTime:0.001000s ]
NOTIC: [8] Undefined index: keyword D:\phpStudy\WWW\vip2dlsqrlacn\wwwroot\Application\Home\Controller\IndexController.class.php 第 9 行.
NOTIC: [8] Undefined index: plan D:\phpStudy\WWW\vip2dlsqrlacn\wwwroot\Application\Home\Controller\IndexController.class.php 第 10 行.
NOTIC: [8] Undefined index: unit D:\phpStudy\WWW\vip2dlsqrlacn\wwwroot\Application\Home\Controller\IndexController.class.php 第 11 行.
SQL: SHOW COLUMNS FROM `info` [ RunTime:0.0140s ]
SQL: SELECT `phone` FROM `info` WHERE ( id = '1' ) LIMIT 1   [ RunTime:0.0010s ]
SQL: SELECT `code` FROM `info` WHERE ( id = '1' ) LIMIT 1   [ RunTime:0.0020s ]
INFO: [ view_parse ] --START--
INFO: [ template_filter ] --START--
INFO: Run Behavior\ContentReplaceBehavior [ RunTime:0.000000s ]
INFO: [ template_filter ] --END-- [ RunTime:0.000000s ]
NOTIC: [8] A session had already been started - ignoring session_start() D:\phpStudy\WWW\vip2dlsqrlacn\wwwroot\Application\Runtime\Cache\Home\2a94b8bda04ff446dcedd42276fc99ee.php 第 1 行.
INFO: Run Behavior\ParseTemplateBehavior [ RunTime:0.015001s ]
INFO: [ view_parse ] --END-- [ RunTime:0.015001s ]
INFO: [ view_filter ] --START--
INFO: Run Behavior\WriteHtmlCacheBehavior [ RunTime:0.000000s ]
INFO: [ view_filter ] --END-- [ RunTime:0.000000s ]
INFO: [ app_end ] --START--
INFO: Run Behavior\ShowPageTraceBehavior [ RunTime:0.002000s ]
INFO: [ app_end ] --END-- [ RunTime:0.002000s ]

[ 2018-11-04T22:48:18+08:00 ] 127.0.0.1 /
INFO: [ app_init ] --START--
INFO: Run Behavior\BuildLiteBehavior [ RunTime:0.000000s ]
INFO: [ app_init ] --END-- [ RunTime:0.000000s ]
INFO: [ app_begin ] --START--
INFO: Run Behavior\ReadHtmlCacheBehavior [ RunTime:0.001000s ]
INFO: [ app_begin ] --END-- [ RunTime:0.001000s ]
NOTIC: [8] Undefined index: keyword D:\phpStudy\WWW\vip2dlsqrlacn\wwwroot\Application\Home\Controller\IndexController.class.php 第 9 行.
NOTIC: [8] Undefined index: plan D:\phpStudy\WWW\vip2dlsqrlacn\wwwroot\Application\Home\Controller\IndexController.class.php 第 10 行.
NOTIC: [8] Undefined index: unit D:\phpStudy\WWW\vip2dlsqrlacn\wwwroot\Application\Home\Controller\IndexController.class.php 第 11 行.
SQL: SHOW COLUMNS FROM `info` [ RunTime:0.0080s ]
SQL: SELECT `phone` FROM `info` WHERE ( id = '1' ) LIMIT 1   [ RunTime:0.0010s ]
SQL: SELECT `code` FROM `info` WHERE ( id = '1' ) LIMIT 1   [ RunTime:0.0010s ]
INFO: [ view_parse ] --START--
INFO: [ template_filter ] --START--
INFO: Run Behavior\ContentReplaceBehavior [ RunTime:0.000000s ]
INFO: [ template_filter ] --END-- [ RunTime:0.000000s ]
NOTIC: [8] A session had already been started - ignoring session_start() D:\phpStudy\WWW\vip2dlsqrlacn\wwwroot\Application\Runtime\Cache\Home\2a94b8bda04ff446dcedd42276fc99ee.php 第 1 行.
NOTIC: [8] Undefined index: keyword D:\phpStudy\WWW\vip2dlsqrlacn\wwwroot\Application\Runtime\Cache\Home\2a94b8bda04ff446dcedd42276fc99ee.php 第 799 行.
NOTIC: [8] Undefined index: plan D:\phpStudy\WWW\vip2dlsqrlacn\wwwroot\Application\Runtime\Cache\Home\2a94b8bda04ff446dcedd42276fc99ee.php 第 800 行.
NOTIC: [8] Undefined index: unit D:\phpStudy\WWW\vip2dlsqrlacn\wwwroot\Application\Runtime\Cache\Home\2a94b8bda04ff446dcedd42276fc99ee.php 第 801 行.
INFO: Run Behavior\ParseTemplateBehavior [ RunTime:0.030002s ]
INFO: [ view_parse ] --END-- [ RunTime:0.030002s ]
INFO: [ view_filter ] --START--
INFO: Run Behavior\WriteHtmlCacheBehavior [ RunTime:0.001000s ]
INFO: [ view_filter ] --END-- [ RunTime:0.001000s ]
INFO: [ app_end ] --START--
INFO: Run Behavior\ShowPageTraceBehavior [ RunTime:0.002000s ]
INFO: [ app_end ] --END-- [ RunTime:0.002000s ]

[ 2018-11-04T22:48:43+08:00 ] 127.0.0.1 /
INFO: [ app_init ] --START--
INFO: Run Behavior\BuildLiteBehavior [ RunTime:0.000000s ]
INFO: [ app_init ] --END-- [ RunTime:0.001000s ]
INFO: [ app_begin ] --START--
INFO: Run Behavior\ReadHtmlCacheBehavior [ RunTime:0.001000s ]
INFO: [ app_begin ] --END-- [ RunTime:0.002000s ]
NOTIC: [8] Undefined index: keyword D:\phpStudy\WWW\vip2dlsqrlacn\wwwroot\Application\Home\Controller\IndexController.class.php 第 9 行.
NOTIC: [8] Undefined index: plan D:\phpStudy\WWW\vip2dlsqrlacn\wwwroot\Application\Home\Controller\IndexController.class.php 第 10 行.
NOTIC: [8] Undefined index: unit D:\phpStudy\WWW\vip2dlsqrlacn\wwwroot\Application\Home\Controller\IndexController.class.php 第 11 行.
SQL: SHOW COLUMNS FROM `info` [ RunTime:0.0090s ]
SQL: SELECT `phone` FROM `info` WHERE ( id = '1' ) LIMIT 1   [ RunTime:0.0010s ]
SQL: SELECT `code` FROM `info` WHERE ( id = '1' ) LIMIT 1   [ RunTime:0.0010s ]
INFO: [ view_parse ] --START--
INFO: [ template_filter ] --START--
INFO: Run Behavior\ContentReplaceBehavior [ RunTime:0.000000s ]
INFO: [ template_filter ] --END-- [ RunTime:0.000000s ]
NOTIC: [8] A session had already been started - ignoring session_start() D:\phpStudy\WWW\vip2dlsqrlacn\wwwroot\Application\Runtime\Cache\Home\2a94b8bda04ff446dcedd42276fc99ee.php 第 1 行.
NOTIC: [8] Undefined index: keyword D:\phpStudy\WWW\vip2dlsqrlacn\wwwroot\Application\Runtime\Cache\Home\2a94b8bda04ff446dcedd42276fc99ee.php 第 799 行.
NOTIC: [8] Undefined index: plan D:\phpStudy\WWW\vip2dlsqrlacn\wwwroot\Application\Runtime\Cache\Home\2a94b8bda04ff446dcedd42276fc99ee.php 第 800 行.
NOTIC: [8] Undefined index: unit D:\phpStudy\WWW\vip2dlsqrlacn\wwwroot\Application\Runtime\Cache\Home\2a94b8bda04ff446dcedd42276fc99ee.php 第 801 行.
INFO: Run Behavior\ParseTemplateBehavior [ RunTime:0.015000s ]
INFO: [ view_parse ] --END-- [ RunTime:0.015000s ]
INFO: [ view_filter ] --START--
INFO: Run Behavior\WriteHtmlCacheBehavior [ RunTime:0.000000s ]
INFO: [ view_filter ] --END-- [ RunTime:0.000000s ]
INFO: [ app_end ] --START--
INFO: Run Behavior\ShowPageTraceBehavior [ RunTime:0.000000s ]
INFO: [ app_end ] --END-- [ RunTime:0.000000s ]

[ 2018-11-04T22:48:56+08:00 ] 127.0.0.1 /
INFO: [ app_init ] --START--
INFO: Run Behavior\BuildLiteBehavior [ RunTime:0.000000s ]
INFO: [ app_init ] --END-- [ RunTime:0.000000s ]
INFO: [ app_begin ] --START--
INFO: Run Behavior\ReadHtmlCacheBehavior [ RunTime:0.000000s ]
INFO: [ app_begin ] --END-- [ RunTime:0.000000s ]
NOTIC: [8] Undefined index: keyword D:\phpStudy\WWW\vip2dlsqrlacn\wwwroot\Application\Home\Controller\IndexController.class.php 第 9 行.
NOTIC: [8] Undefined index: plan D:\phpStudy\WWW\vip2dlsqrlacn\wwwroot\Application\Home\Controller\IndexController.class.php 第 10 行.
NOTIC: [8] Undefined index: unit D:\phpStudy\WWW\vip2dlsqrlacn\wwwroot\Application\Home\Controller\IndexController.class.php 第 11 行.
SQL: SHOW COLUMNS FROM `info` [ RunTime:0.0120s ]
SQL: SELECT `phone` FROM `info` WHERE ( id = '1' ) LIMIT 1   [ RunTime:0.0020s ]
SQL: SELECT `code` FROM `info` WHERE ( id = '1' ) LIMIT 1   [ RunTime:0.0020s ]
INFO: [ view_parse ] --START--
INFO: [ template_filter ] --START--
INFO: Run Behavior\ContentReplaceBehavior [ RunTime:0.000000s ]
INFO: [ template_filter ] --END-- [ RunTime:0.000000s ]
NOTIC: [8] A session had already been started - ignoring session_start() D:\phpStudy\WWW\vip2dlsqrlacn\wwwroot\Application\Runtime\Cache\Home\2a94b8bda04ff446dcedd42276fc99ee.php 第 1 行.
NOTIC: [8] Undefined index: keyword D:\phpStudy\WWW\vip2dlsqrlacn\wwwroot\Application\Runtime\Cache\Home\2a94b8bda04ff446dcedd42276fc99ee.php 第 799 行.
NOTIC: [8] Undefined index: plan D:\phpStudy\WWW\vip2dlsqrlacn\wwwroot\Application\Runtime\Cache\Home\2a94b8bda04ff446dcedd42276fc99ee.php 第 800 行.
NOTIC: [8] Undefined index: unit D:\phpStudy\WWW\vip2dlsqrlacn\wwwroot\Application\Runtime\Cache\Home\2a94b8bda04ff446dcedd42276fc99ee.php 第 801 行.
INFO: Run Behavior\ParseTemplateBehavior [ RunTime:0.046003s ]
INFO: [ view_parse ] --END-- [ RunTime:0.046003s ]
INFO: [ view_filter ] --START--
INFO: Run Behavior\WriteHtmlCacheBehavior [ RunTime:0.001000s ]
INFO: [ view_filter ] --END-- [ RunTime:0.001000s ]
INFO: [ app_end ] --START--
INFO: Run Behavior\ShowPageTraceBehavior [ RunTime:0.001000s ]
INFO: [ app_end ] --END-- [ RunTime:0.002000s ]

[ 2018-11-04T22:52:39+08:00 ] 127.0.0.1 /
INFO: [ app_init ] --START--
INFO: Run Behavior\BuildLiteBehavior [ RunTime:0.000000s ]
INFO: [ app_init ] --END-- [ RunTime:0.002000s ]
INFO: [ app_begin ] --START--
INFO: Run Behavior\ReadHtmlCacheBehavior [ RunTime:0.001000s ]
INFO: [ app_begin ] --END-- [ RunTime:0.001000s ]
NOTIC: [8] Undefined index: keyword D:\phpStudy\WWW\vip2dlsqrlacn\wwwroot\Application\Home\Controller\IndexController.class.php 第 9 行.
NOTIC: [8] Undefined index: plan D:\phpStudy\WWW\vip2dlsqrlacn\wwwroot\Application\Home\Controller\IndexController.class.php 第 10 行.
NOTIC: [8] Undefined index: unit D:\phpStudy\WWW\vip2dlsqrlacn\wwwroot\Application\Home\Controller\IndexController.class.php 第 11 行.
SQL: SHOW COLUMNS FROM `info` [ RunTime:0.0060s ]
SQL: SELECT `phone` FROM `info` WHERE ( id = '1' ) LIMIT 1   [ RunTime:0.0010s ]
SQL: SELECT `code` FROM `info` WHERE ( id = '1' ) LIMIT 1   [ RunTime:0.0010s ]
INFO: [ view_parse ] --START--
INFO: [ template_filter ] --START--
INFO: Run Behavior\ContentReplaceBehavior [ RunTime:0.001000s ]
INFO: [ template_filter ] --END-- [ RunTime:0.001000s ]
NOTIC: [8] A session had already been started - ignoring session_start() D:\phpStudy\WWW\vip2dlsqrlacn\wwwroot\Application\Runtime\Cache\Home\2a94b8bda04ff446dcedd42276fc99ee.php 第 1 行.
NOTIC: [8] Undefined index: keyword D:\phpStudy\WWW\vip2dlsqrlacn\wwwroot\Application\Runtime\Cache\Home\2a94b8bda04ff446dcedd42276fc99ee.php 第 812 行.
NOTIC: [8] Undefined index: plan D:\phpStudy\WWW\vip2dlsqrlacn\wwwroot\Application\Runtime\Cache\Home\2a94b8bda04ff446dcedd42276fc99ee.php 第 813 行.
NOTIC: [8] Undefined index: unit D:\phpStudy\WWW\vip2dlsqrlacn\wwwroot\Application\Runtime\Cache\Home\2a94b8bda04ff446dcedd42276fc99ee.php 第 814 行.
INFO: Run Behavior\ParseTemplateBehavior [ RunTime:0.020001s ]
INFO: [ view_parse ] --END-- [ RunTime:0.020001s ]
INFO: [ view_filter ] --START--
INFO: Run Behavior\WriteHtmlCacheBehavior [ RunTime:0.000000s ]
INFO: [ view_filter ] --END-- [ RunTime:0.001000s ]
INFO: [ app_end ] --START--
INFO: Run Behavior\ShowPageTraceBehavior [ RunTime:0.001000s ]
INFO: [ app_end ] --END-- [ RunTime:0.001000s ]

[ 2018-11-04T22:53:29+08:00 ] 127.0.0.1 /
INFO: [ app_init ] --START--
INFO: Run Behavior\BuildLiteBehavior [ RunTime:0.000000s ]
INFO: [ app_init ] --END-- [ RunTime:0.000000s ]
INFO: [ app_begin ] --START--
INFO: Run Behavior\ReadHtmlCacheBehavior [ RunTime:0.001000s ]
INFO: [ app_begin ] --END-- [ RunTime:0.001000s ]
NOTIC: [8] Undefined index: keyword D:\phpStudy\WWW\vip2dlsqrlacn\wwwroot\Application\Home\Controller\IndexController.class.php 第 9 行.
NOTIC: [8] Undefined index: plan D:\phpStudy\WWW\vip2dlsqrlacn\wwwroot\Application\Home\Controller\IndexController.class.php 第 10 行.
NOTIC: [8] Undefined index: unit D:\phpStudy\WWW\vip2dlsqrlacn\wwwroot\Application\Home\Controller\IndexController.class.php 第 11 行.
SQL: SHOW COLUMNS FROM `info` [ RunTime:0.0090s ]
SQL: SELECT `phone` FROM `info` WHERE ( id = '1' ) LIMIT 1   [ RunTime:0.0010s ]
SQL: SELECT `code` FROM `info` WHERE ( id = '1' ) LIMIT 1   [ RunTime:0.0010s ]
INFO: [ view_parse ] --START--
INFO: [ template_filter ] --START--
INFO: Run Behavior\ContentReplaceBehavior [ RunTime:0.001001s ]
INFO: [ template_filter ] --END-- [ RunTime:0.001001s ]
NOTIC: [8] A session had already been started - ignoring session_start() D:\phpStudy\WWW\vip2dlsqrlacn\wwwroot\Application\Runtime\Cache\Home\2a94b8bda04ff446dcedd42276fc99ee.php 第 1 行.
NOTIC: [8] Undefined index: keyword D:\phpStudy\WWW\vip2dlsqrlacn\wwwroot\Application\Runtime\Cache\Home\2a94b8bda04ff446dcedd42276fc99ee.php 第 809 行.
NOTIC: [8] Undefined index: plan D:\phpStudy\WWW\vip2dlsqrlacn\wwwroot\Application\Runtime\Cache\Home\2a94b8bda04ff446dcedd42276fc99ee.php 第 810 行.
NOTIC: [8] Undefined index: unit D:\phpStudy\WWW\vip2dlsqrlacn\wwwroot\Application\Runtime\Cache\Home\2a94b8bda04ff446dcedd42276fc99ee.php 第 811 行.
INFO: Run Behavior\ParseTemplateBehavior [ RunTime:0.015001s ]
INFO: [ view_parse ] --END-- [ RunTime:0.015001s ]
INFO: [ view_filter ] --START--
INFO: Run Behavior\WriteHtmlCacheBehavior [ RunTime:0.000000s ]
INFO: [ view_filter ] --END-- [ RunTime:0.000000s ]
INFO: [ app_end ] --START--
INFO: Run Behavior\ShowPageTraceBehavior [ RunTime:0.000000s ]
INFO: [ app_end ] --END-- [ RunTime:0.000000s ]

[ 2018-11-04T22:54:12+08:00 ] 127.0.0.1 /
INFO: [ app_init ] --START--
INFO: Run Behavior\BuildLiteBehavior [ RunTime:0.000000s ]
INFO: [ app_init ] --END-- [ RunTime:0.001000s ]
INFO: [ app_begin ] --START--
INFO: Run Behavior\ReadHtmlCacheBehavior [ RunTime:0.000000s ]
INFO: [ app_begin ] --END-- [ RunTime:0.000000s ]
NOTIC: [8] Undefined index: keyword D:\phpStudy\WWW\vip2dlsqrlacn\wwwroot\Application\Home\Controller\IndexController.class.php 第 9 行.
NOTIC: [8] Undefined index: plan D:\phpStudy\WWW\vip2dlsqrlacn\wwwroot\Application\Home\Controller\IndexController.class.php 第 10 行.
NOTIC: [8] Undefined index: unit D:\phpStudy\WWW\vip2dlsqrlacn\wwwroot\Application\Home\Controller\IndexController.class.php 第 11 行.
SQL: SHOW COLUMNS FROM `info` [ RunTime:0.0200s ]
SQL: SELECT `phone` FROM `info` WHERE ( id = '1' ) LIMIT 1   [ RunTime:0.0030s ]
SQL: SELECT `code` FROM `info` WHERE ( id = '1' ) LIMIT 1   [ RunTime:0.0020s ]
INFO: [ view_parse ] --START--
INFO: [ template_filter ] --START--
INFO: Run Behavior\ContentReplaceBehavior [ RunTime:0.001000s ]
INFO: [ template_filter ] --END-- [ RunTime:0.001000s ]
NOTIC: [8] A session had already been started - ignoring session_start() D:\phpStudy\WWW\vip2dlsqrlacn\wwwroot\Application\Runtime\Cache\Home\2a94b8bda04ff446dcedd42276fc99ee.php 第 1 行.
NOTIC: [8] Undefined index: keyword D:\phpStudy\WWW\vip2dlsqrlacn\wwwroot\Application\Runtime\Cache\Home\2a94b8bda04ff446dcedd42276fc99ee.php 第 809 行.
NOTIC: [8] Undefined index: plan D:\phpStudy\WWW\vip2dlsqrlacn\wwwroot\Application\Runtime\Cache\Home\2a94b8bda04ff446dcedd42276fc99ee.php 第 810 行.
NOTIC: [8] Undefined index: unit D:\phpStudy\WWW\vip2dlsqrlacn\wwwroot\Application\Runtime\Cache\Home\2a94b8bda04ff446dcedd42276fc99ee.php 第 811 行.
INFO: Run Behavior\ParseTemplateBehavior [ RunTime:0.017001s ]
INFO: [ view_parse ] --END-- [ RunTime:0.017001s ]
INFO: [ view_filter ] --START--
INFO: Run Behavior\WriteHtmlCacheBehavior [ RunTime:0.001000s ]
INFO: [ view_filter ] --END-- [ RunTime:0.001000s ]
INFO: [ app_end ] --START--
INFO: Run Behavior\ShowPageTraceBehavior [ RunTime:0.000000s ]
INFO: [ app_end ] --END-- [ RunTime:0.001000s ]

[ 2018-11-04T22:54:31+08:00 ] 127.0.0.1 /
INFO: [ app_init ] --START--
INFO: Run Behavior\BuildLiteBehavior [ RunTime:0.000000s ]
INFO: [ app_init ] --END-- [ RunTime:0.001000s ]
INFO: [ app_begin ] --START--
INFO: Run Behavior\ReadHtmlCacheBehavior [ RunTime:0.000000s ]
INFO: [ app_begin ] --END-- [ RunTime:0.000000s ]
NOTIC: [8] Undefined index: keyword D:\phpStudy\WWW\vip2dlsqrlacn\wwwroot\Application\Home\Controller\IndexController.class.php 第 9 行.
NOTIC: [8] Undefined index: plan D:\phpStudy\WWW\vip2dlsqrlacn\wwwroot\Application\Home\Controller\IndexController.class.php 第 10 行.
NOTIC: [8] Undefined index: unit D:\phpStudy\WWW\vip2dlsqrlacn\wwwroot\Application\Home\Controller\IndexController.class.php 第 11 行.
SQL: SHOW COLUMNS FROM `info` [ RunTime:0.0130s ]
SQL: SELECT `phone` FROM `info` WHERE ( id = '1' ) LIMIT 1   [ RunTime:0.0000s ]
SQL: SELECT `code` FROM `info` WHERE ( id = '1' ) LIMIT 1   [ RunTime:0.0010s ]
INFO: [ view_parse ] --START--
INFO: [ template_filter ] --START--
INFO: Run Behavior\ContentReplaceBehavior [ RunTime:0.002000s ]
INFO: [ template_filter ] --END-- [ RunTime:0.002000s ]
NOTIC: [8] A session had already been started - ignoring session_start() D:\phpStudy\WWW\vip2dlsqrlacn\wwwroot\Application\Runtime\Cache\Home\2a94b8bda04ff446dcedd42276fc99ee.php 第 1 行.
NOTIC: [8] Undefined index: keyword D:\phpStudy\WWW\vip2dlsqrlacn\wwwroot\Application\Runtime\Cache\Home\2a94b8bda04ff446dcedd42276fc99ee.php 第 809 行.
NOTIC: [8] Undefined index: plan D:\phpStudy\WWW\vip2dlsqrlacn\wwwroot\Application\Runtime\Cache\Home\2a94b8bda04ff446dcedd42276fc99ee.php 第 810 行.
NOTIC: [8] Undefined index: unit D:\phpStudy\WWW\vip2dlsqrlacn\wwwroot\Application\Runtime\Cache\Home\2a94b8bda04ff446dcedd42276fc99ee.php 第 811 行.
INFO: Run Behavior\ParseTemplateBehavior [ RunTime:0.022002s ]
INFO: [ view_parse ] --END-- [ RunTime:0.022002s ]
INFO: [ view_filter ] --START--
INFO: Run Behavior\WriteHtmlCacheBehavior [ RunTime:0.000000s ]
INFO: [ view_filter ] --END-- [ RunTime:0.000000s ]
INFO: [ app_end ] --START--
INFO: Run Behavior\ShowPageTraceBehavior [ RunTime:0.000000s ]
INFO: [ app_end ] --END-- [ RunTime:0.001000s ]

[ 2018-11-04T22:59:06+08:00 ] 127.0.0.1 /
INFO: [ app_init ] --START--
INFO: Run Behavior\BuildLiteBehavior [ RunTime:0.000000s ]
INFO: [ app_init ] --END-- [ RunTime:0.000000s ]
INFO: [ app_begin ] --START--
INFO: Run Behavior\ReadHtmlCacheBehavior [ RunTime:0.001000s ]
INFO: [ app_begin ] --END-- [ RunTime:0.001000s ]
NOTIC: [8] Undefined index: keyword D:\phpStudy\WWW\vip2dlsqrlacn\wwwroot\Application\Home\Controller\IndexController.class.php 第 9 行.
NOTIC: [8] Undefined index: plan D:\phpStudy\WWW\vip2dlsqrlacn\wwwroot\Application\Home\Controller\IndexController.class.php 第 10 行.
NOTIC: [8] Undefined index: unit D:\phpStudy\WWW\vip2dlsqrlacn\wwwroot\Application\Home\Controller\IndexController.class.php 第 11 行.
SQL: SHOW COLUMNS FROM `info` [ RunTime:0.0110s ]
SQL: SELECT `phone` FROM `info` WHERE ( id = '1' ) LIMIT 1   [ RunTime:0.0010s ]
SQL: SELECT `code` FROM `info` WHERE ( id = '1' ) LIMIT 1   [ RunTime:0.0010s ]
INFO: [ view_parse ] --START--
INFO: [ template_filter ] --START--
INFO: Run Behavior\ContentReplaceBehavior [ RunTime:0.001000s ]
INFO: [ template_filter ] --END-- [ RunTime:0.001000s ]
NOTIC: [8] A session had already been started - ignoring session_start() D:\phpStudy\WWW\vip2dlsqrlacn\wwwroot\Application\Runtime\Cache\Home\2a94b8bda04ff446dcedd42276fc99ee.php 第 1 行.
NOTIC: [8] Undefined index: keyword D:\phpStudy\WWW\vip2dlsqrlacn\wwwroot\Application\Runtime\Cache\Home\2a94b8bda04ff446dcedd42276fc99ee.php 第 810 行.
NOTIC: [8] Undefined index: plan D:\phpStudy\WWW\vip2dlsqrlacn\wwwroot\Application\Runtime\Cache\Home\2a94b8bda04ff446dcedd42276fc99ee.php 第 811 行.
NOTIC: [8] Undefined index: unit D:\phpStudy\WWW\vip2dlsqrlacn\wwwroot\Application\Runtime\Cache\Home\2a94b8bda04ff446dcedd42276fc99ee.php 第 812 行.
INFO: Run Behavior\ParseTemplateBehavior [ RunTime:0.018001s ]
INFO: [ view_parse ] --END-- [ RunTime:0.018001s ]
INFO: [ view_filter ] --START--
INFO: Run Behavior\WriteHtmlCacheBehavior [ RunTime:0.001001s ]
INFO: [ view_filter ] --END-- [ RunTime:0.001001s ]
INFO: [ app_end ] --START--
INFO: Run Behavior\ShowPageTraceBehavior [ RunTime:0.001000s ]
INFO: [ app_end ] --END-- [ RunTime:0.001000s ]

[ 2018-11-04T22:59:12+08:00 ] 127.0.0.1 /
INFO: [ app_init ] --START--
INFO: Run Behavior\BuildLiteBehavior [ RunTime:0.000000s ]
INFO: [ app_init ] --END-- [ RunTime:0.001000s ]
INFO: [ app_begin ] --START--
INFO: Run Behavior\ReadHtmlCacheBehavior [ RunTime:0.000000s ]
INFO: [ app_begin ] --END-- [ RunTime:0.001000s ]
NOTIC: [8] Undefined index: keyword D:\phpStudy\WWW\vip2dlsqrlacn\wwwroot\Application\Home\Controller\IndexController.class.php 第 9 行.
NOTIC: [8] Undefined index: plan D:\phpStudy\WWW\vip2dlsqrlacn\wwwroot\Application\Home\Controller\IndexController.class.php 第 10 行.
NOTIC: [8] Undefined index: unit D:\phpStudy\WWW\vip2dlsqrlacn\wwwroot\Application\Home\Controller\IndexController.class.php 第 11 行.
SQL: SHOW COLUMNS FROM `info` [ RunTime:0.0130s ]
SQL: SELECT `phone` FROM `info` WHERE ( id = '1' ) LIMIT 1   [ RunTime:0.0020s ]
SQL: SELECT `code` FROM `info` WHERE ( id = '1' ) LIMIT 1   [ RunTime:0.0010s ]
INFO: [ view_parse ] --START--
INFO: [ template_filter ] --START--
INFO: Run Behavior\ContentReplaceBehavior [ RunTime:0.000000s ]
INFO: [ template_filter ] --END-- [ RunTime:0.001000s ]
NOTIC: [8] A session had already been started - ignoring session_start() D:\phpStudy\WWW\vip2dlsqrlacn\wwwroot\Application\Runtime\Cache\Home\2a94b8bda04ff446dcedd42276fc99ee.php 第 1 行.
NOTIC: [8] Undefined index: keyword D:\phpStudy\WWW\vip2dlsqrlacn\wwwroot\Application\Runtime\Cache\Home\2a94b8bda04ff446dcedd42276fc99ee.php 第 810 行.
NOTIC: [8] Undefined index: plan D:\phpStudy\WWW\vip2dlsqrlacn\wwwroot\Application\Runtime\Cache\Home\2a94b8bda04ff446dcedd42276fc99ee.php 第 811 行.
NOTIC: [8] Undefined index: unit D:\phpStudy\WWW\vip2dlsqrlacn\wwwroot\Application\Runtime\Cache\Home\2a94b8bda04ff446dcedd42276fc99ee.php 第 812 行.
INFO: Run Behavior\ParseTemplateBehavior [ RunTime:0.021002s ]
INFO: [ view_parse ] --END-- [ RunTime:0.021002s ]
INFO: [ view_filter ] --START--
INFO: Run Behavior\WriteHtmlCacheBehavior [ RunTime:0.001000s ]
INFO: [ view_filter ] --END-- [ RunTime:0.001000s ]
INFO: [ app_end ] --START--
INFO: Run Behavior\ShowPageTraceBehavior [ RunTime:0.001000s ]
INFO: [ app_end ] --END-- [ RunTime:0.001000s ]

[ 2018-11-04T22:59:54+08:00 ] 127.0.0.1 /
INFO: [ app_init ] --START--
INFO: Run Behavior\BuildLiteBehavior [ RunTime:0.000000s ]
INFO: [ app_init ] --END-- [ RunTime:0.001000s ]
INFO: [ app_begin ] --START--
INFO: Run Behavior\ReadHtmlCacheBehavior [ RunTime:0.004000s ]
INFO: [ app_begin ] --END-- [ RunTime:0.005000s ]
NOTIC: [8] Undefined index: keyword D:\phpStudy\WWW\vip2dlsqrlacn\wwwroot\Application\Home\Controller\IndexController.class.php 第 9 行.
NOTIC: [8] Undefined index: plan D:\phpStudy\WWW\vip2dlsqrlacn\wwwroot\Application\Home\Controller\IndexController.class.php 第 10 行.
NOTIC: [8] Undefined index: unit D:\phpStudy\WWW\vip2dlsqrlacn\wwwroot\Application\Home\Controller\IndexController.class.php 第 11 行.
SQL: SHOW COLUMNS FROM `info` [ RunTime:0.0120s ]
SQL: SELECT `phone` FROM `info` WHERE ( id = '1' ) LIMIT 1   [ RunTime:0.0010s ]
SQL: SELECT `code` FROM `info` WHERE ( id = '1' ) LIMIT 1   [ RunTime:0.0000s ]
INFO: [ view_parse ] --START--
INFO: [ template_filter ] --START--
INFO: Run Behavior\ContentReplaceBehavior [ RunTime:0.000000s ]
INFO: [ template_filter ] --END-- [ RunTime:0.000000s ]
NOTIC: [8] A session had already been started - ignoring session_start() D:\phpStudy\WWW\vip2dlsqrlacn\wwwroot\Application\Runtime\Cache\Home\2a94b8bda04ff446dcedd42276fc99ee.php 第 1 行.
NOTIC: [8] Undefined index: keyword D:\phpStudy\WWW\vip2dlsqrlacn\wwwroot\Application\Runtime\Cache\Home\2a94b8bda04ff446dcedd42276fc99ee.php 第 809 行.
NOTIC: [8] Undefined index: plan D:\phpStudy\WWW\vip2dlsqrlacn\wwwroot\Application\Runtime\Cache\Home\2a94b8bda04ff446dcedd42276fc99ee.php 第 810 行.
NOTIC: [8] Undefined index: unit D:\phpStudy\WWW\vip2dlsqrlacn\wwwroot\Application\Runtime\Cache\Home\2a94b8bda04ff446dcedd42276fc99ee.php 第 811 行.
INFO: Run Behavior\ParseTemplateBehavior [ RunTime:0.017001s ]
INFO: [ view_parse ] --END-- [ RunTime:0.017001s ]
INFO: [ view_filter ] --START--
INFO: Run Behavior\WriteHtmlCacheBehavior [ RunTime:0.000000s ]
INFO: [ view_filter ] --END-- [ RunTime:0.000000s ]
INFO: [ app_end ] --START--
INFO: Run Behavior\ShowPageTraceBehavior [ RunTime:0.001000s ]
INFO: [ app_end ] --END-- [ RunTime:0.001000s ]

[ 2018-11-04T23:01:44+08:00 ] 127.0.0.1 /
INFO: [ app_init ] --START--
INFO: Run Behavior\BuildLiteBehavior [ RunTime:0.000000s ]
INFO: [ app_init ] --END-- [ RunTime:0.001000s ]
INFO: [ app_begin ] --START--
INFO: Run Behavior\ReadHtmlCacheBehavior [ RunTime:0.000000s ]
INFO: [ app_begin ] --END-- [ RunTime:0.000000s ]
NOTIC: [8] Undefined index: keyword D:\phpStudy\WWW\vip2dlsqrlacn\wwwroot\Application\Home\Controller\IndexController.class.php 第 9 行.
NOTIC: [8] Undefined index: plan D:\phpStudy\WWW\vip2dlsqrlacn\wwwroot\Application\Home\Controller\IndexController.class.php 第 10 行.
NOTIC: [8] Undefined index: unit D:\phpStudy\WWW\vip2dlsqrlacn\wwwroot\Application\Home\Controller\IndexController.class.php 第 11 行.
SQL: SHOW COLUMNS FROM `info` [ RunTime:0.0070s ]
SQL: SELECT `phone` FROM `info` WHERE ( id = '1' ) LIMIT 1   [ RunTime:0.0010s ]
SQL: SELECT `code` FROM `info` WHERE ( id = '1' ) LIMIT 1   [ RunTime:0.0000s ]
INFO: [ view_parse ] --START--
INFO: [ template_filter ] --START--
INFO: Run Behavior\ContentReplaceBehavior [ RunTime:0.000000s ]
INFO: [ template_filter ] --END-- [ RunTime:0.000000s ]
NOTIC: [8] A session had already been started - ignoring session_start() D:\phpStudy\WWW\vip2dlsqrlacn\wwwroot\Application\Runtime\Cache\Home\2a94b8bda04ff446dcedd42276fc99ee.php 第 1 行.
NOTIC: [8] Undefined index: keyword D:\phpStudy\WWW\vip2dlsqrlacn\wwwroot\Application\Runtime\Cache\Home\2a94b8bda04ff446dcedd42276fc99ee.php 第 809 行.
NOTIC: [8] Undefined index: plan D:\phpStudy\WWW\vip2dlsqrlacn\wwwroot\Application\Runtime\Cache\Home\2a94b8bda04ff446dcedd42276fc99ee.php 第 810 行.
NOTIC: [8] Undefined index: unit D:\phpStudy\WWW\vip2dlsqrlacn\wwwroot\Application\Runtime\Cache\Home\2a94b8bda04ff446dcedd42276fc99ee.php 第 811 行.
INFO: Run Behavior\ParseTemplateBehavior [ RunTime:0.019001s ]
INFO: [ view_parse ] --END-- [ RunTime:0.019001s ]
INFO: [ view_filter ] --START--
INFO: Run Behavior\WriteHtmlCacheBehavior [ RunTime:0.000000s ]
INFO: [ view_filter ] --END-- [ RunTime:0.000000s ]
INFO: [ app_end ] --START--
INFO: Run Behavior\ShowPageTraceBehavior [ RunTime:0.001000s ]
INFO: [ app_end ] --END-- [ RunTime:0.001000s ]

[ 2018-11-04T23:01:45+08:00 ] 127.0.0.1 /
INFO: [ app_init ] --START--
INFO: Run Behavior\BuildLiteBehavior [ RunTime:0.000000s ]
INFO: [ app_init ] --END-- [ RunTime:0.000000s ]
INFO: [ app_begin ] --START--
INFO: Run Behavior\ReadHtmlCacheBehavior [ RunTime:0.001001s ]
INFO: [ app_begin ] --END-- [ RunTime:0.001001s ]
NOTIC: [8] Undefined index: keyword D:\phpStudy\WWW\vip2dlsqrlacn\wwwroot\Application\Home\Controller\IndexController.class.php 第 9 行.
NOTIC: [8] Undefined index: plan D:\phpStudy\WWW\vip2dlsqrlacn\wwwroot\Application\Home\Controller\IndexController.class.php 第 10 行.
NOTIC: [8] Undefined index: unit D:\phpStudy\WWW\vip2dlsqrlacn\wwwroot\Application\Home\Controller\IndexController.class.php 第 11 行.
SQL: SHOW COLUMNS FROM `info` [ RunTime:0.0140s ]
SQL: SELECT `phone` FROM `info` WHERE ( id = '1' ) LIMIT 1   [ RunTime:0.0020s ]
SQL: SELECT `code` FROM `info` WHERE ( id = '1' ) LIMIT 1   [ RunTime:0.0020s ]
INFO: [ view_parse ] --START--
INFO: [ template_filter ] --START--
INFO: Run Behavior\ContentReplaceBehavior [ RunTime:0.000000s ]
INFO: [ template_filter ] --END-- [ RunTime:0.000000s ]
NOTIC: [8] A session had already been started - ignoring session_start() D:\phpStudy\WWW\vip2dlsqrlacn\wwwroot\Application\Runtime\Cache\Home\2a94b8bda04ff446dcedd42276fc99ee.php 第 1 行.
NOTIC: [8] Undefined index: keyword D:\phpStudy\WWW\vip2dlsqrlacn\wwwroot\Application\Runtime\Cache\Home\2a94b8bda04ff446dcedd42276fc99ee.php 第 809 行.
NOTIC: [8] Undefined index: plan D:\phpStudy\WWW\vip2dlsqrlacn\wwwroot\Application\Runtime\Cache\Home\2a94b8bda04ff446dcedd42276fc99ee.php 第 810 行.
NOTIC: [8] Undefined index: unit D:\phpStudy\WWW\vip2dlsqrlacn\wwwroot\Application\Runtime\Cache\Home\2a94b8bda04ff446dcedd42276fc99ee.php 第 811 行.
INFO: Run Behavior\ParseTemplateBehavior [ RunTime:0.025002s ]
INFO: [ view_parse ] --END-- [ RunTime:0.025002s ]
INFO: [ view_filter ] --START--
INFO: Run Behavior\WriteHtmlCacheBehavior [ RunTime:0.001000s ]
INFO: [ view_filter ] --END-- [ RunTime:0.001000s ]
INFO: [ app_end ] --START--
INFO: Run Behavior\ShowPageTraceBehavior [ RunTime:0.000000s ]
INFO: [ app_end ] --END-- [ RunTime:0.000000s ]

[ 2018-11-04T23:02:40+08:00 ] 127.0.0.1 /
INFO: [ app_init ] --START--
INFO: Run Behavior\BuildLiteBehavior [ RunTime:0.000000s ]
INFO: [ app_init ] --END-- [ RunTime:0.001000s ]
INFO: [ app_begin ] --START--
INFO: Run Behavior\ReadHtmlCacheBehavior [ RunTime:0.000000s ]
INFO: [ app_begin ] --END-- [ RunTime:0.001000s ]
NOTIC: [8] Undefined index: keyword D:\phpStudy\WWW\vip2dlsqrlacn\wwwroot\Application\Home\Controller\IndexController.class.php 第 9 行.
NOTIC: [8] Undefined index: plan D:\phpStudy\WWW\vip2dlsqrlacn\wwwroot\Application\Home\Controller\IndexController.class.php 第 10 行.
NOTIC: [8] Undefined index: unit D:\phpStudy\WWW\vip2dlsqrlacn\wwwroot\Application\Home\Controller\IndexController.class.php 第 11 行.
SQL: SHOW COLUMNS FROM `info` [ RunTime:0.0080s ]
SQL: SELECT `phone` FROM `info` WHERE ( id = '1' ) LIMIT 1   [ RunTime:0.0010s ]
SQL: SELECT `code` FROM `info` WHERE ( id = '1' ) LIMIT 1   [ RunTime:0.0010s ]
INFO: [ view_parse ] --START--
INFO: [ template_filter ] --START--
INFO: Run Behavior\ContentReplaceBehavior [ RunTime:0.000000s ]
INFO: [ template_filter ] --END-- [ RunTime:0.000000s ]
NOTIC: [8] A session had already been started - ignoring session_start() D:\phpStudy\WWW\vip2dlsqrlacn\wwwroot\Application\Runtime\Cache\Home\2a94b8bda04ff446dcedd42276fc99ee.php 第 1 行.
NOTIC: [8] Undefined index: keyword D:\phpStudy\WWW\vip2dlsqrlacn\wwwroot\Application\Runtime\Cache\Home\2a94b8bda04ff446dcedd42276fc99ee.php 第 809 行.
NOTIC: [8] Undefined index: plan D:\phpStudy\WWW\vip2dlsqrlacn\wwwroot\Application\Runtime\Cache\Home\2a94b8bda04ff446dcedd42276fc99ee.php 第 810 行.
NOTIC: [8] Undefined index: unit D:\phpStudy\WWW\vip2dlsqrlacn\wwwroot\Application\Runtime\Cache\Home\2a94b8bda04ff446dcedd42276fc99ee.php 第 811 行.
INFO: Run Behavior\ParseTemplateBehavior [ RunTime:0.016001s ]
INFO: [ view_parse ] --END-- [ RunTime:0.016001s ]
INFO: [ view_filter ] --START--
INFO: Run Behavior\WriteHtmlCacheBehavior [ RunTime:0.000000s ]
INFO: [ view_filter ] --END-- [ RunTime:0.000000s ]
INFO: [ app_end ] --START--
INFO: Run Behavior\ShowPageTraceBehavior [ RunTime:0.000000s ]
INFO: [ app_end ] --END-- [ RunTime:0.001000s ]

[ 2018-11-04T23:05:34+08:00 ] 127.0.0.1 /
INFO: [ app_init ] --START--
INFO: Run Behavior\BuildLiteBehavior [ RunTime:0.000000s ]
INFO: [ app_init ] --END-- [ RunTime:0.000000s ]
INFO: [ app_begin ] --START--
INFO: Run Behavior\ReadHtmlCacheBehavior [ RunTime:0.000000s ]
INFO: [ app_begin ] --END-- [ RunTime:0.000000s ]
NOTIC: [8] Undefined index: keyword D:\phpStudy\WWW\vip2dlsqrlacn\wwwroot\Application\Home\Controller\IndexController.class.php 第 9 行.
NOTIC: [8] Undefined index: plan D:\phpStudy\WWW\vip2dlsqrlacn\wwwroot\Application\Home\Controller\IndexController.class.php 第 10 行.
NOTIC: [8] Undefined index: unit D:\phpStudy\WWW\vip2dlsqrlacn\wwwroot\Application\Home\Controller\IndexController.class.php 第 11 行.
SQL: SHOW COLUMNS FROM `info` [ RunTime:0.0180s ]
SQL: SELECT `phone` FROM `info` WHERE ( id = '1' ) LIMIT 1   [ RunTime:0.0020s ]
SQL: SELECT `code` FROM `info` WHERE ( id = '1' ) LIMIT 1   [ RunTime:0.0020s ]
INFO: [ view_parse ] --START--
INFO: [ template_filter ] --START--
INFO: Run Behavior\ContentReplaceBehavior [ RunTime:0.000000s ]
INFO: [ template_filter ] --END-- [ RunTime:0.000000s ]
NOTIC: [8] A session had already been started - ignoring session_start() D:\phpStudy\WWW\vip2dlsqrlacn\wwwroot\Application\Runtime\Cache\Home\2a94b8bda04ff446dcedd42276fc99ee.php 第 1 行.
NOTIC: [8] Undefined index: keyword D:\phpStudy\WWW\vip2dlsqrlacn\wwwroot\Application\Runtime\Cache\Home\2a94b8bda04ff446dcedd42276fc99ee.php 第 816 行.
NOTIC: [8] Undefined index: plan D:\phpStudy\WWW\vip2dlsqrlacn\wwwroot\Application\Runtime\Cache\Home\2a94b8bda04ff446dcedd42276fc99ee.php 第 817 行.
NOTIC: [8] Undefined index: unit D:\phpStudy\WWW\vip2dlsqrlacn\wwwroot\Application\Runtime\Cache\Home\2a94b8bda04ff446dcedd42276fc99ee.php 第 818 行.
INFO: Run Behavior\ParseTemplateBehavior [ RunTime:0.016001s ]
INFO: [ view_parse ] --END-- [ RunTime:0.016001s ]
INFO: [ view_filter ] --START--
INFO: Run Behavior\WriteHtmlCacheBehavior [ RunTime:0.000000s ]
INFO: [ view_filter ] --END-- [ RunTime:0.000000s ]
INFO: [ app_end ] --START--
INFO: Run Behavior\ShowPageTraceBehavior [ RunTime:0.000000s ]
INFO: [ app_end ] --END-- [ RunTime:0.000000s ]

[ 2018-11-04T23:06:11+08:00 ] 127.0.0.1 /
INFO: [ app_init ] --START--
INFO: Run Behavior\BuildLiteBehavior [ RunTime:0.000000s ]
INFO: [ app_init ] --END-- [ RunTime:0.001000s ]
INFO: [ app_begin ] --START--
INFO: Run Behavior\ReadHtmlCacheBehavior [ RunTime:0.001000s ]
INFO: [ app_begin ] --END-- [ RunTime:0.001000s ]
NOTIC: [8] Undefined index: keyword D:\phpStudy\WWW\vip2dlsqrlacn\wwwroot\Application\Home\Controller\IndexController.class.php 第 9 行.
NOTIC: [8] Undefined index: plan D:\phpStudy\WWW\vip2dlsqrlacn\wwwroot\Application\Home\Controller\IndexController.class.php 第 10 行.
NOTIC: [8] Undefined index: unit D:\phpStudy\WWW\vip2dlsqrlacn\wwwroot\Application\Home\Controller\IndexController.class.php 第 11 行.
SQL: SHOW COLUMNS FROM `info` [ RunTime:0.0130s ]
SQL: SELECT `phone` FROM `info` WHERE ( id = '1' ) LIMIT 1   [ RunTime:0.0040s ]
SQL: SELECT `code` FROM `info` WHERE ( id = '1' ) LIMIT 1   [ RunTime:0.0010s ]
INFO: [ view_parse ] --START--
INFO: [ template_filter ] --START--
INFO: Run Behavior\ContentReplaceBehavior [ RunTime:0.001000s ]
INFO: [ template_filter ] --END-- [ RunTime:0.001000s ]
NOTIC: [8] A session had already been started - ignoring session_start() D:\phpStudy\WWW\vip2dlsqrlacn\wwwroot\Application\Runtime\Cache\Home\2a94b8bda04ff446dcedd42276fc99ee.php 第 1 行.
NOTIC: [8] Undefined index: keyword D:\phpStudy\WWW\vip2dlsqrlacn\wwwroot\Application\Runtime\Cache\Home\2a94b8bda04ff446dcedd42276fc99ee.php 第 816 行.
NOTIC: [8] Undefined index: plan D:\phpStudy\WWW\vip2dlsqrlacn\wwwroot\Application\Runtime\Cache\Home\2a94b8bda04ff446dcedd42276fc99ee.php 第 817 行.
NOTIC: [8] Undefined index: unit D:\phpStudy\WWW\vip2dlsqrlacn\wwwroot\Application\Runtime\Cache\Home\2a94b8bda04ff446dcedd42276fc99ee.php 第 818 行.
INFO: Run Behavior\ParseTemplateBehavior [ RunTime:0.024001s ]
INFO: [ view_parse ] --END-- [ RunTime:0.024001s ]
INFO: [ view_filter ] --START--
INFO: Run Behavior\WriteHtmlCacheBehavior [ RunTime:0.001000s ]
INFO: [ view_filter ] --END-- [ RunTime:0.001000s ]
INFO: [ app_end ] --START--
INFO: Run Behavior\ShowPageTraceBehavior [ RunTime:0.001001s ]
INFO: [ app_end ] --END-- [ RunTime:0.001001s ]

[ 2018-11-04T23:08:02+08:00 ] 127.0.0.1 /
INFO: [ app_init ] --START--
INFO: Run Behavior\BuildLiteBehavior [ RunTime:0.000000s ]
INFO: [ app_init ] --END-- [ RunTime:0.000000s ]
INFO: [ app_begin ] --START--
INFO: Run Behavior\ReadHtmlCacheBehavior [ RunTime:0.001000s ]
INFO: [ app_begin ] --END-- [ RunTime:0.001000s ]
NOTIC: [8] Undefined index: keyword D:\phpStudy\WWW\vip2dlsqrlacn\wwwroot\Application\Home\Controller\IndexController.class.php 第 9 行.
NOTIC: [8] Undefined index: plan D:\phpStudy\WWW\vip2dlsqrlacn\wwwroot\Application\Home\Controller\IndexController.class.php 第 10 行.
NOTIC: [8] Undefined index: unit D:\phpStudy\WWW\vip2dlsqrlacn\wwwroot\Application\Home\Controller\IndexController.class.php 第 11 行.
SQL: SHOW COLUMNS FROM `info` [ RunTime:0.0200s ]
SQL: SELECT `phone` FROM `info` WHERE ( id = '1' ) LIMIT 1   [ RunTime:0.0020s ]
SQL: SELECT `code` FROM `info` WHERE ( id = '1' ) LIMIT 1   [ RunTime:0.0020s ]
INFO: [ view_parse ] --START--
INFO: [ template_filter ] --START--
INFO: Run Behavior\ContentReplaceBehavior [ RunTime:0.001000s ]
INFO: [ template_filter ] --END-- [ RunTime:0.001000s ]
NOTIC: [8] A session had already been started - ignoring session_start() D:\phpStudy\WWW\vip2dlsqrlacn\wwwroot\Application\Runtime\Cache\Home\2a94b8bda04ff446dcedd42276fc99ee.php 第 1 行.
NOTIC: [8] Undefined index: keyword D:\phpStudy\WWW\vip2dlsqrlacn\wwwroot\Application\Runtime\Cache\Home\2a94b8bda04ff446dcedd42276fc99ee.php 第 816 行.
NOTIC: [8] Undefined index: plan D:\phpStudy\WWW\vip2dlsqrlacn\wwwroot\Application\Runtime\Cache\Home\2a94b8bda04ff446dcedd42276fc99ee.php 第 817 行.
NOTIC: [8] Undefined index: unit D:\phpStudy\WWW\vip2dlsqrlacn\wwwroot\Application\Runtime\Cache\Home\2a94b8bda04ff446dcedd42276fc99ee.php 第 818 行.
INFO: Run Behavior\ParseTemplateBehavior [ RunTime:0.032002s ]
INFO: [ view_parse ] --END-- [ RunTime:0.032002s ]
INFO: [ view_filter ] --START--
INFO: Run Behavior\WriteHtmlCacheBehavior [ RunTime:0.000000s ]
INFO: [ view_filter ] --END-- [ RunTime:0.000000s ]
INFO: [ app_end ] --START--
INFO: Run Behavior\ShowPageTraceBehavior [ RunTime:0.001000s ]
INFO: [ app_end ] --END-- [ RunTime:0.001000s ]

[ 2018-11-04T23:08:34+08:00 ] 127.0.0.1 /
INFO: [ app_init ] --START--
INFO: Run Behavior\BuildLiteBehavior [ RunTime:0.000000s ]
INFO: [ app_init ] --END-- [ RunTime:0.001000s ]
INFO: [ app_begin ] --START--
INFO: Run Behavior\ReadHtmlCacheBehavior [ RunTime:0.001000s ]
INFO: [ app_begin ] --END-- [ RunTime:0.001000s ]
NOTIC: [8] Undefined index: keyword D:\phpStudy\WWW\vip2dlsqrlacn\wwwroot\Application\Home\Controller\IndexController.class.php 第 9 行.
NOTIC: [8] Undefined index: plan D:\phpStudy\WWW\vip2dlsqrlacn\wwwroot\Application\Home\Controller\IndexController.class.php 第 10 行.
NOTIC: [8] Undefined index: unit D:\phpStudy\WWW\vip2dlsqrlacn\wwwroot\Application\Home\Controller\IndexController.class.php 第 11 行.
SQL: SHOW COLUMNS FROM `info` [ RunTime:0.0140s ]
SQL: SELECT `phone` FROM `info` WHERE ( id = '1' ) LIMIT 1   [ RunTime:0.0020s ]
SQL: SELECT `code` FROM `info` WHERE ( id = '1' ) LIMIT 1   [ RunTime:0.0010s ]
INFO: [ view_parse ] --START--
INFO: [ template_filter ] --START--
INFO: Run Behavior\ContentReplaceBehavior [ RunTime:0.001000s ]
INFO: [ template_filter ] --END-- [ RunTime:0.001000s ]
NOTIC: [8] A session had already been started - ignoring session_start() D:\phpStudy\WWW\vip2dlsqrlacn\wwwroot\Application\Runtime\Cache\Home\2a94b8bda04ff446dcedd42276fc99ee.php 第 1 行.
NOTIC: [8] Undefined index: keyword D:\phpStudy\WWW\vip2dlsqrlacn\wwwroot\Application\Runtime\Cache\Home\2a94b8bda04ff446dcedd42276fc99ee.php 第 816 行.
NOTIC: [8] Undefined index: plan D:\phpStudy\WWW\vip2dlsqrlacn\wwwroot\Application\Runtime\Cache\Home\2a94b8bda04ff446dcedd42276fc99ee.php 第 817 行.
NOTIC: [8] Undefined index: unit D:\phpStudy\WWW\vip2dlsqrlacn\wwwroot\Application\Runtime\Cache\Home\2a94b8bda04ff446dcedd42276fc99ee.php 第 818 行.
INFO: Run Behavior\ParseTemplateBehavior [ RunTime:0.019001s ]
INFO: [ view_parse ] --END-- [ RunTime:0.019001s ]
INFO: [ view_filter ] --START--
INFO: Run Behavior\WriteHtmlCacheBehavior [ RunTime:0.000000s ]
INFO: [ view_filter ] --END-- [ RunTime:0.000000s ]
INFO: [ app_end ] --START--
INFO: Run Behavior\ShowPageTraceBehavior [ RunTime:0.001000s ]
INFO: [ app_end ] --END-- [ RunTime:0.001000s ]

[ 2018-11-04T23:09:06+08:00 ] 127.0.0.1 /
INFO: [ app_init ] --START--
INFO: Run Behavior\BuildLiteBehavior [ RunTime:0.000000s ]
INFO: [ app_init ] --END-- [ RunTime:0.001000s ]
INFO: [ app_begin ] --START--
INFO: Run Behavior\ReadHtmlCacheBehavior [ RunTime:0.000000s ]
INFO: [ app_begin ] --END-- [ RunTime:0.000000s ]
NOTIC: [8] Undefined index: keyword D:\phpStudy\WWW\vip2dlsqrlacn\wwwroot\Application\Home\Controller\IndexController.class.php 第 9 行.
NOTIC: [8] Undefined index: plan D:\phpStudy\WWW\vip2dlsqrlacn\wwwroot\Application\Home\Controller\IndexController.class.php 第 10 行.
NOTIC: [8] Undefined index: unit D:\phpStudy\WWW\vip2dlsqrlacn\wwwroot\Application\Home\Controller\IndexController.class.php 第 11 行.
SQL: SHOW COLUMNS FROM `info` [ RunTime:0.0050s ]
SQL: SELECT `phone` FROM `info` WHERE ( id = '1' ) LIMIT 1   [ RunTime:0.0010s ]
SQL: SELECT `code` FROM `info` WHERE ( id = '1' ) LIMIT 1   [ RunTime:0.0010s ]
INFO: [ view_parse ] --START--
INFO: [ template_filter ] --START--
INFO: Run Behavior\ContentReplaceBehavior [ RunTime:0.000000s ]
INFO: [ template_filter ] --END-- [ RunTime:0.000000s ]
NOTIC: [8] A session had already been started - ignoring session_start() D:\phpStudy\WWW\vip2dlsqrlacn\wwwroot\Application\Runtime\Cache\Home\2a94b8bda04ff446dcedd42276fc99ee.php 第 1 行.
NOTIC: [8] Undefined index: keyword D:\phpStudy\WWW\vip2dlsqrlacn\wwwroot\Application\Runtime\Cache\Home\2a94b8bda04ff446dcedd42276fc99ee.php 第 816 行.
NOTIC: [8] Undefined index: plan D:\phpStudy\WWW\vip2dlsqrlacn\wwwroot\Application\Runtime\Cache\Home\2a94b8bda04ff446dcedd42276fc99ee.php 第 817 行.
NOTIC: [8] Undefined index: unit D:\phpStudy\WWW\vip2dlsqrlacn\wwwroot\Application\Runtime\Cache\Home\2a94b8bda04ff446dcedd42276fc99ee.php 第 818 行.
INFO: Run Behavior\ParseTemplateBehavior [ RunTime:0.016001s ]
INFO: [ view_parse ] --END-- [ RunTime:0.016001s ]
INFO: [ view_filter ] --START--
INFO: Run Behavior\WriteHtmlCacheBehavior [ RunTime:0.000000s ]
INFO: [ view_filter ] --END-- [ RunTime:0.000000s ]
INFO: [ app_end ] --START--
INFO: Run Behavior\ShowPageTraceBehavior [ RunTime:0.000000s ]
INFO: [ app_end ] --END-- [ RunTime:0.000000s ]

[ 2018-11-04T23:09:55+08:00 ] 127.0.0.1 /
INFO: [ app_init ] --START--
INFO: Run Behavior\BuildLiteBehavior [ RunTime:0.000000s ]
INFO: [ app_init ] --END-- [ RunTime:0.000000s ]
INFO: [ app_begin ] --START--
INFO: Run Behavior\ReadHtmlCacheBehavior [ RunTime:0.000000s ]
INFO: [ app_begin ] --END-- [ RunTime:0.000000s ]
NOTIC: [8] Undefined index: keyword D:\phpStudy\WWW\vip2dlsqrlacn\wwwroot\Application\Home\Controller\IndexController.class.php 第 9 行.
NOTIC: [8] Undefined index: plan D:\phpStudy\WWW\vip2dlsqrlacn\wwwroot\Application\Home\Controller\IndexController.class.php 第 10 行.
NOTIC: [8] Undefined index: unit D:\phpStudy\WWW\vip2dlsqrlacn\wwwroot\Application\Home\Controller\IndexController.class.php 第 11 行.
SQL: SHOW COLUMNS FROM `info` [ RunTime:0.0080s ]
SQL: SELECT `phone` FROM `info` WHERE ( id = '1' ) LIMIT 1   [ RunTime:0.0010s ]
SQL: SELECT `code` FROM `info` WHERE ( id = '1' ) LIMIT 1   [ RunTime:0.0010s ]
INFO: [ view_parse ] --START--
INFO: [ template_filter ] --START--
INFO: Run Behavior\ContentReplaceBehavior [ RunTime:0.001000s ]
INFO: [ template_filter ] --END-- [ RunTime:0.001000s ]
NOTIC: [8] A session had already been started - ignoring session_start() D:\phpStudy\WWW\vip2dlsqrlacn\wwwroot\Application\Runtime\Cache\Home\2a94b8bda04ff446dcedd42276fc99ee.php 第 1 行.
NOTIC: [8] Undefined index: keyword D:\phpStudy\WWW\vip2dlsqrlacn\wwwroot\Application\Runtime\Cache\Home\2a94b8bda04ff446dcedd42276fc99ee.php 第 816 行.
NOTIC: [8] Undefined index: plan D:\phpStudy\WWW\vip2dlsqrlacn\wwwroot\Application\Runtime\Cache\Home\2a94b8bda04ff446dcedd42276fc99ee.php 第 817 行.
NOTIC: [8] Undefined index: unit D:\phpStudy\WWW\vip2dlsqrlacn\wwwroot\Application\Runtime\Cache\Home\2a94b8bda04ff446dcedd42276fc99ee.php 第 818 行.
INFO: Run Behavior\ParseTemplateBehavior [ RunTime:0.027002s ]
INFO: [ view_parse ] --END-- [ RunTime:0.027002s ]
INFO: [ view_filter ] --START--
INFO: Run Behavior\WriteHtmlCacheBehavior [ RunTime:0.000000s ]
INFO: [ view_filter ] --END-- [ RunTime:0.000000s ]
INFO: [ app_end ] --START--
INFO: Run Behavior\ShowPageTraceBehavior [ RunTime:0.001000s ]
INFO: [ app_end ] --END-- [ RunTime:0.001000s ]

[ 2018-11-04T23:11:41+08:00 ] 127.0.0.1 /
INFO: [ app_init ] --START--
INFO: Run Behavior\BuildLiteBehavior [ RunTime:0.000000s ]
INFO: [ app_init ] --END-- [ RunTime:0.000000s ]
INFO: [ app_begin ] --START--
INFO: Run Behavior\ReadHtmlCacheBehavior [ RunTime:0.000000s ]
INFO: [ app_begin ] --END-- [ RunTime:0.000000s ]
NOTIC: [8] Undefined index: keyword D:\phpStudy\WWW\vip2dlsqrlacn\wwwroot\Application\Home\Controller\IndexController.class.php 第 9 行.
NOTIC: [8] Undefined index: plan D:\phpStudy\WWW\vip2dlsqrlacn\wwwroot\Application\Home\Controller\IndexController.class.php 第 10 行.
NOTIC: [8] Undefined index: unit D:\phpStudy\WWW\vip2dlsqrlacn\wwwroot\Application\Home\Controller\IndexController.class.php 第 11 行.
SQL: SHOW COLUMNS FROM `info` [ RunTime:0.0070s ]
SQL: SELECT `phone` FROM `info` WHERE ( id = '1' ) LIMIT 1   [ RunTime:0.0010s ]
SQL: SELECT `code` FROM `info` WHERE ( id = '1' ) LIMIT 1   [ RunTime:0.0000s ]
INFO: [ view_parse ] --START--
INFO: [ template_filter ] --START--
INFO: Run Behavior\ContentReplaceBehavior [ RunTime:0.000000s ]
INFO: [ template_filter ] --END-- [ RunTime:0.001000s ]
NOTIC: [8] A session had already been started - ignoring session_start() D:\phpStudy\WWW\vip2dlsqrlacn\wwwroot\Application\Runtime\Cache\Home\2a94b8bda04ff446dcedd42276fc99ee.php 第 1 行.
NOTIC: [8] Undefined index: keyword D:\phpStudy\WWW\vip2dlsqrlacn\wwwroot\Application\Runtime\Cache\Home\2a94b8bda04ff446dcedd42276fc99ee.php 第 816 行.
NOTIC: [8] Undefined index: plan D:\phpStudy\WWW\vip2dlsqrlacn\wwwroot\Application\Runtime\Cache\Home\2a94b8bda04ff446dcedd42276fc99ee.php 第 817 行.
NOTIC: [8] Undefined index: unit D:\phpStudy\WWW\vip2dlsqrlacn\wwwroot\Application\Runtime\Cache\Home\2a94b8bda04ff446dcedd42276fc99ee.php 第 818 行.
INFO: Run Behavior\ParseTemplateBehavior [ RunTime:0.017001s ]
INFO: [ view_parse ] --END-- [ RunTime:0.017001s ]
INFO: [ view_filter ] --START--
INFO: Run Behavior\WriteHtmlCacheBehavior [ RunTime:0.000000s ]
INFO: [ view_filter ] --END-- [ RunTime:0.000000s ]
INFO: [ app_end ] --START--
INFO: Run Behavior\ShowPageTraceBehavior [ RunTime:0.001000s ]
INFO: [ app_end ] --END-- [ RunTime:0.001000s ]

[ 2018-11-04T23:34:41+08:00 ] 127.0.0.1 /
INFO: [ app_init ] --START--
INFO: Run Behavior\BuildLiteBehavior [ RunTime:0.000000s ]
INFO: [ app_init ] --END-- [ RunTime:0.001000s ]
INFO: [ app_begin ] --START--
INFO: Run Behavior\ReadHtmlCacheBehavior [ RunTime:0.000000s ]
INFO: [ app_begin ] --END-- [ RunTime:0.001000s ]
NOTIC: [8] Undefined index: keyword D:\phpStudy\WWW\vip2dlsqrlacn\wwwroot\Application\Home\Controller\IndexController.class.php 第 9 行.
NOTIC: [8] Undefined index: plan D:\phpStudy\WWW\vip2dlsqrlacn\wwwroot\Application\Home\Controller\IndexController.class.php 第 10 行.
NOTIC: [8] Undefined index: unit D:\phpStudy\WWW\vip2dlsqrlacn\wwwroot\Application\Home\Controller\IndexController.class.php 第 11 行.
SQL: SHOW COLUMNS FROM `info` [ RunTime:0.0050s ]
SQL: SELECT `phone` FROM `info` WHERE ( id = '1' ) LIMIT 1   [ RunTime:0.0000s ]
SQL: SELECT `code` FROM `info` WHERE ( id = '1' ) LIMIT 1   [ RunTime:0.0000s ]
INFO: [ view_parse ] --START--
INFO: [ template_filter ] --START--
INFO: Run Behavior\ContentReplaceBehavior [ RunTime:0.000000s ]
INFO: [ template_filter ] --END-- [ RunTime:0.000000s ]
NOTIC: [8] A session had already been started - ignoring session_start() D:\phpStudy\WWW\vip2dlsqrlacn\wwwroot\Application\Runtime\Cache\Home\2a94b8bda04ff446dcedd42276fc99ee.php 第 1 行.
NOTIC: [8] Undefined index: keyword D:\phpStudy\WWW\vip2dlsqrlacn\wwwroot\Application\Runtime\Cache\Home\2a94b8bda04ff446dcedd42276fc99ee.php 第 816 行.
NOTIC: [8] Undefined index: plan D:\phpStudy\WWW\vip2dlsqrlacn\wwwroot\Application\Runtime\Cache\Home\2a94b8bda04ff446dcedd42276fc99ee.php 第 817 行.
NOTIC: [8] Undefined index: unit D:\phpStudy\WWW\vip2dlsqrlacn\wwwroot\Application\Runtime\Cache\Home\2a94b8bda04ff446dcedd42276fc99ee.php 第 818 行.
INFO: Run Behavior\ParseTemplateBehavior [ RunTime:0.022002s ]
INFO: [ view_parse ] --END-- [ RunTime:0.022002s ]
INFO: [ view_filter ] --START--
INFO: Run Behavior\WriteHtmlCacheBehavior [ RunTime:0.001000s ]
INFO: [ view_filter ] --END-- [ RunTime:0.001000s ]
INFO: [ app_end ] --START--
INFO: Run Behavior\ShowPageTraceBehavior [ RunTime:0.002000s ]
INFO: [ app_end ] --END-- [ RunTime:0.002000s ]

[ 2018-11-04T23:41:56+08:00 ] 127.0.0.1 /
INFO: [ app_init ] --START--
INFO: Run Behavior\BuildLiteBehavior [ RunTime:0.000000s ]
INFO: [ app_init ] --END-- [ RunTime:0.000000s ]
INFO: [ app_begin ] --START--
INFO: Run Behavior\ReadHtmlCacheBehavior [ RunTime:0.001000s ]
INFO: [ app_begin ] --END-- [ RunTime:0.001000s ]
NOTIC: [8] Undefined index: keyword D:\phpStudy\WWW\vip2dlsqrlacn\wwwroot\Application\Home\Controller\IndexController.class.php 第 9 行.
NOTIC: [8] Undefined index: plan D:\phpStudy\WWW\vip2dlsqrlacn\wwwroot\Application\Home\Controller\IndexController.class.php 第 10 行.
NOTIC: [8] Undefined index: unit D:\phpStudy\WWW\vip2dlsqrlacn\wwwroot\Application\Home\Controller\IndexController.class.php 第 11 行.
ERR: SQLSTATE[42000] [1049] Unknown database 'jiu'

[ 2018-11-04T23:42:00+08:00 ] 127.0.0.1 /
INFO: [ app_init ] --START--
INFO: Run Behavior\BuildLiteBehavior [ RunTime:0.001000s ]
INFO: [ app_init ] --END-- [ RunTime:0.001000s ]
INFO: [ app_begin ] --START--
INFO: Run Behavior\ReadHtmlCacheBehavior [ RunTime:0.001000s ]
INFO: [ app_begin ] --END-- [ RunTime:0.001000s ]
NOTIC: [8] Undefined index: keyword D:\phpStudy\WWW\vip2dlsqrlacn\wwwroot\Application\Home\Controller\IndexController.class.php 第 9 行.
NOTIC: [8] Undefined index: plan D:\phpStudy\WWW\vip2dlsqrlacn\wwwroot\Application\Home\Controller\IndexController.class.php 第 10 行.
NOTIC: [8] Undefined index: unit D:\phpStudy\WWW\vip2dlsqrlacn\wwwroot\Application\Home\Controller\IndexController.class.php 第 11 行.
ERR: SQLSTATE[42000] [1049] Unknown database 'jiu'

