[ 2018-11-05T10:05:59+08:00 ] 127.0.0.1 /
INFO: [ app_init ] --START--
INFO: Run Behavior\BuildLiteBehavior [ RunTime:0.000014s ]
INFO: [ app_init ] --END-- [ RunTime:0.000418s ]
INFO: [ app_begin ] --START--
INFO: Run Behavior\ReadHtmlCacheBehavior [ RunTime:0.000947s ]
INFO: [ app_begin ] --END-- [ RunTime:0.001024s ]
NOTIC: [8] Undefined index: keyword C:\phpStudy\PHPTutorial\WWW\php-admin\wwwroot\Application\Home\Controller\IndexController.class.php 第 9 行.
NOTIC: [8] Undefined index: plan C:\phpStudy\PHPTutorial\WWW\php-admin\wwwroot\Application\Home\Controller\IndexController.class.php 第 10 行.
NOTIC: [8] Undefined index: unit C:\phpStudy\PHPTutorial\WWW\php-admin\wwwroot\Application\Home\Controller\IndexController.class.php 第 11 行.
SQL: SHOW COLUMNS FROM `info` [ RunTime:0.0032s ]
SQL: SELECT `phone` FROM `info` WHERE ( id = '1' ) LIMIT 1   [ RunTime:0.0005s ]
SQL: SELECT `code` FROM `info` WHERE ( id = '1' ) LIMIT 1   [ RunTime:0.0004s ]
INFO: [ view_parse ] --START--
INFO: [ template_filter ] --START--
INFO: Run Behavior\ContentReplaceBehavior [ RunTime:0.000424s ]
INFO: [ template_filter ] --END-- [ RunTime:0.000482s ]
NOTIC: [8] A session had already been started - ignoring session_start() C:\phpStudy\PHPTutorial\WWW\php-admin\wwwroot\Application\Runtime\Cache\Home\2a94b8bda04ff446dcedd42276fc99ee.php 第 1 行.
NOTIC: [8] Undefined index: keyword C:\phpStudy\PHPTutorial\WWW\php-admin\wwwroot\Application\Runtime\Cache\Home\2a94b8bda04ff446dcedd42276fc99ee.php 第 815 行.
NOTIC: [8] Undefined index: plan C:\phpStudy\PHPTutorial\WWW\php-admin\wwwroot\Application\Runtime\Cache\Home\2a94b8bda04ff446dcedd42276fc99ee.php 第 816 行.
NOTIC: [8] Undefined index: unit C:\phpStudy\PHPTutorial\WWW\php-admin\wwwroot\Application\Runtime\Cache\Home\2a94b8bda04ff446dcedd42276fc99ee.php 第 817 行.
INFO: Run Behavior\ParseTemplateBehavior [ RunTime:0.014628s ]
INFO: [ view_parse ] --END-- [ RunTime:0.014680s ]
INFO: [ view_filter ] --START--
INFO: Run Behavior\WriteHtmlCacheBehavior [ RunTime:0.000836s ]
INFO: [ view_filter ] --END-- [ RunTime:0.000876s ]
INFO: [ app_end ] --START--
INFO: Run Behavior\ShowPageTraceBehavior [ RunTime:0.000974s ]
INFO: [ app_end ] --END-- [ RunTime:0.001025s ]

[ 2018-11-05T10:06:21+08:00 ] 127.0.0.1 /
INFO: [ app_init ] --START--
INFO: Run Behavior\BuildLiteBehavior [ RunTime:0.000015s ]
INFO: [ app_init ] --END-- [ RunTime:0.000472s ]
INFO: [ app_begin ] --START--
INFO: Run Behavior\ReadHtmlCacheBehavior [ RunTime:0.000870s ]
INFO: [ app_begin ] --END-- [ RunTime:0.000922s ]
NOTIC: [8] Undefined index: keyword C:\phpStudy\PHPTutorial\WWW\php-admin\wwwroot\Application\Home\Controller\IndexController.class.php 第 9 行.
NOTIC: [8] Undefined index: plan C:\phpStudy\PHPTutorial\WWW\php-admin\wwwroot\Application\Home\Controller\IndexController.class.php 第 10 行.
NOTIC: [8] Undefined index: unit C:\phpStudy\PHPTutorial\WWW\php-admin\wwwroot\Application\Home\Controller\IndexController.class.php 第 11 行.
SQL: SHOW COLUMNS FROM `info` [ RunTime:0.0034s ]
SQL: SELECT `phone` FROM `info` WHERE ( id = '1' ) LIMIT 1   [ RunTime:0.0003s ]
SQL: SELECT `code` FROM `info` WHERE ( id = '1' ) LIMIT 1   [ RunTime:0.0003s ]
INFO: [ view_parse ] --START--
INFO: [ template_filter ] --START--
INFO: Run Behavior\ContentReplaceBehavior [ RunTime:0.000363s ]
INFO: [ template_filter ] --END-- [ RunTime:0.000415s ]
NOTIC: [8] A session had already been started - ignoring session_start() C:\phpStudy\PHPTutorial\WWW\php-admin\wwwroot\Application\Runtime\Cache\Home\2a94b8bda04ff446dcedd42276fc99ee.php 第 1 行.
NOTIC: [8] Undefined index: keyword C:\phpStudy\PHPTutorial\WWW\php-admin\wwwroot\Application\Runtime\Cache\Home\2a94b8bda04ff446dcedd42276fc99ee.php 第 815 行.
NOTIC: [8] Undefined index: plan C:\phpStudy\PHPTutorial\WWW\php-admin\wwwroot\Application\Runtime\Cache\Home\2a94b8bda04ff446dcedd42276fc99ee.php 第 816 行.
NOTIC: [8] Undefined index: unit C:\phpStudy\PHPTutorial\WWW\php-admin\wwwroot\Application\Runtime\Cache\Home\2a94b8bda04ff446dcedd42276fc99ee.php 第 817 行.
INFO: Run Behavior\ParseTemplateBehavior [ RunTime:0.014905s ]
INFO: [ view_parse ] --END-- [ RunTime:0.014955s ]
INFO: [ view_filter ] --START--
INFO: Run Behavior\WriteHtmlCacheBehavior [ RunTime:0.000648s ]
INFO: [ view_filter ] --END-- [ RunTime:0.000683s ]
INFO: [ app_end ] --START--
INFO: Run Behavior\ShowPageTraceBehavior [ RunTime:0.001083s ]
INFO: [ app_end ] --END-- [ RunTime:0.001172s ]

[ 2018-11-05T10:10:43+08:00 ] 127.0.0.1 /
INFO: [ app_init ] --START--
INFO: Run Behavior\BuildLiteBehavior [ RunTime:0.000016s ]
INFO: [ app_init ] --END-- [ RunTime:0.000522s ]
INFO: [ app_begin ] --START--
INFO: Run Behavior\ReadHtmlCacheBehavior [ RunTime:0.000823s ]
INFO: [ app_begin ] --END-- [ RunTime:0.000873s ]
NOTIC: [8] Undefined index: keyword C:\phpStudy\PHPTutorial\WWW\php-admin\wwwroot\Application\Home\Controller\IndexController.class.php 第 9 行.
NOTIC: [8] Undefined index: plan C:\phpStudy\PHPTutorial\WWW\php-admin\wwwroot\Application\Home\Controller\IndexController.class.php 第 10 行.
NOTIC: [8] Undefined index: unit C:\phpStudy\PHPTutorial\WWW\php-admin\wwwroot\Application\Home\Controller\IndexController.class.php 第 11 行.
SQL: SHOW COLUMNS FROM `info` [ RunTime:0.0045s ]
SQL: SELECT `phone` FROM `info` WHERE ( id = '1' ) LIMIT 1   [ RunTime:0.0004s ]
SQL: SELECT `code` FROM `info` WHERE ( id = '1' ) LIMIT 1   [ RunTime:0.0003s ]
INFO: [ view_parse ] --START--
INFO: [ template_filter ] --START--
INFO: Run Behavior\ContentReplaceBehavior [ RunTime:0.000547s ]
INFO: [ template_filter ] --END-- [ RunTime:0.000617s ]

[ 2018-11-05T10:11:27+08:00 ] 127.0.0.1 /
INFO: [ app_init ] --START--
INFO: Run Behavior\BuildLiteBehavior [ RunTime:0.000013s ]
INFO: [ app_init ] --END-- [ RunTime:0.000539s ]
INFO: [ app_begin ] --START--
INFO: Run Behavior\ReadHtmlCacheBehavior [ RunTime:0.000873s ]
INFO: [ app_begin ] --END-- [ RunTime:0.000934s ]
NOTIC: [8] Undefined index: keyword C:\phpStudy\PHPTutorial\WWW\php-admin\wwwroot\Application\Home\Controller\IndexController.class.php 第 9 行.
NOTIC: [8] Undefined index: plan C:\phpStudy\PHPTutorial\WWW\php-admin\wwwroot\Application\Home\Controller\IndexController.class.php 第 10 行.
NOTIC: [8] Undefined index: unit C:\phpStudy\PHPTutorial\WWW\php-admin\wwwroot\Application\Home\Controller\IndexController.class.php 第 11 行.
SQL: SHOW COLUMNS FROM `info` [ RunTime:0.0038s ]
SQL: SELECT `phone` FROM `info` WHERE ( id = '1' ) LIMIT 1   [ RunTime:0.0004s ]
SQL: SELECT `code` FROM `info` WHERE ( id = '1' ) LIMIT 1   [ RunTime:0.0002s ]
INFO: [ view_parse ] --START--
INFO: [ template_filter ] --START--
INFO: Run Behavior\ContentReplaceBehavior [ RunTime:0.000366s ]
INFO: [ template_filter ] --END-- [ RunTime:0.000421s ]

[ 2018-11-05T10:11:29+08:00 ] 127.0.0.1 /
INFO: [ app_init ] --START--
INFO: Run Behavior\BuildLiteBehavior [ RunTime:0.000048s ]
INFO: [ app_init ] --END-- [ RunTime:0.000583s ]
INFO: [ app_begin ] --START--
INFO: Run Behavior\ReadHtmlCacheBehavior [ RunTime:0.000633s ]
INFO: [ app_begin ] --END-- [ RunTime:0.000684s ]
NOTIC: [8] Undefined index: keyword C:\phpStudy\PHPTutorial\WWW\php-admin\wwwroot\Application\Home\Controller\IndexController.class.php 第 9 行.
NOTIC: [8] Undefined index: plan C:\phpStudy\PHPTutorial\WWW\php-admin\wwwroot\Application\Home\Controller\IndexController.class.php 第 10 行.
NOTIC: [8] Undefined index: unit C:\phpStudy\PHPTutorial\WWW\php-admin\wwwroot\Application\Home\Controller\IndexController.class.php 第 11 行.
SQL: SHOW COLUMNS FROM `info` [ RunTime:0.0052s ]
SQL: SELECT `phone` FROM `info` WHERE ( id = '1' ) LIMIT 1   [ RunTime:0.0005s ]
SQL: SELECT `code` FROM `info` WHERE ( id = '1' ) LIMIT 1   [ RunTime:0.0003s ]
INFO: [ view_parse ] --START--
INFO: [ template_filter ] --START--
INFO: Run Behavior\ContentReplaceBehavior [ RunTime:0.000340s ]
INFO: [ template_filter ] --END-- [ RunTime:0.000414s ]

[ 2018-11-05T10:11:29+08:00 ] 127.0.0.1 /
INFO: [ app_init ] --START--
INFO: Run Behavior\BuildLiteBehavior [ RunTime:0.000014s ]
INFO: [ app_init ] --END-- [ RunTime:0.000415s ]
INFO: [ app_begin ] --START--
INFO: Run Behavior\ReadHtmlCacheBehavior [ RunTime:0.000618s ]
INFO: [ app_begin ] --END-- [ RunTime:0.000661s ]
NOTIC: [8] Undefined index: keyword C:\phpStudy\PHPTutorial\WWW\php-admin\wwwroot\Application\Home\Controller\IndexController.class.php 第 9 行.
NOTIC: [8] Undefined index: plan C:\phpStudy\PHPTutorial\WWW\php-admin\wwwroot\Application\Home\Controller\IndexController.class.php 第 10 行.
NOTIC: [8] Undefined index: unit C:\phpStudy\PHPTutorial\WWW\php-admin\wwwroot\Application\Home\Controller\IndexController.class.php 第 11 行.
SQL: SHOW COLUMNS FROM `info` [ RunTime:0.0039s ]
SQL: SELECT `phone` FROM `info` WHERE ( id = '1' ) LIMIT 1   [ RunTime:0.0004s ]
SQL: SELECT `code` FROM `info` WHERE ( id = '1' ) LIMIT 1   [ RunTime:0.0003s ]
INFO: [ view_parse ] --START--
INFO: [ template_filter ] --START--
INFO: Run Behavior\ContentReplaceBehavior [ RunTime:0.000381s ]
INFO: [ template_filter ] --END-- [ RunTime:0.000522s ]

[ 2018-11-05T10:11:39+08:00 ] 127.0.0.1 /
INFO: [ app_init ] --START--
INFO: Run Behavior\BuildLiteBehavior [ RunTime:0.000015s ]
INFO: [ app_init ] --END-- [ RunTime:0.000528s ]
INFO: [ app_begin ] --START--
INFO: Run Behavior\ReadHtmlCacheBehavior [ RunTime:0.000874s ]
INFO: [ app_begin ] --END-- [ RunTime:0.000930s ]
NOTIC: [8] Undefined index: keyword C:\phpStudy\PHPTutorial\WWW\php-admin\wwwroot\Application\Home\Controller\IndexController.class.php 第 9 行.
NOTIC: [8] Undefined index: plan C:\phpStudy\PHPTutorial\WWW\php-admin\wwwroot\Application\Home\Controller\IndexController.class.php 第 10 行.
NOTIC: [8] Undefined index: unit C:\phpStudy\PHPTutorial\WWW\php-admin\wwwroot\Application\Home\Controller\IndexController.class.php 第 11 行.
SQL: SHOW COLUMNS FROM `info` [ RunTime:0.0040s ]
SQL: SELECT `phone` FROM `info` WHERE ( id = '1' ) LIMIT 1   [ RunTime:0.0004s ]
SQL: SELECT `code` FROM `info` WHERE ( id = '1' ) LIMIT 1   [ RunTime:0.0003s ]
INFO: [ view_parse ] --START--
INFO: [ template_filter ] --START--
INFO: Run Behavior\ContentReplaceBehavior [ RunTime:0.000321s ]
INFO: [ template_filter ] --END-- [ RunTime:0.000363s ]
NOTIC: [8] A session had already been started - ignoring session_start() C:\phpStudy\PHPTutorial\WWW\php-admin\wwwroot\Application\Runtime\Cache\Home\2a94b8bda04ff446dcedd42276fc99ee.php 第 1 行.
NOTIC: [8] Undefined index: keyword C:\phpStudy\PHPTutorial\WWW\php-admin\wwwroot\Application\Runtime\Cache\Home\2a94b8bda04ff446dcedd42276fc99ee.php 第 815 行.
NOTIC: [8] Undefined index: plan C:\phpStudy\PHPTutorial\WWW\php-admin\wwwroot\Application\Runtime\Cache\Home\2a94b8bda04ff446dcedd42276fc99ee.php 第 816 行.
NOTIC: [8] Undefined index: unit C:\phpStudy\PHPTutorial\WWW\php-admin\wwwroot\Application\Runtime\Cache\Home\2a94b8bda04ff446dcedd42276fc99ee.php 第 817 行.
INFO: Run Behavior\ParseTemplateBehavior [ RunTime:0.015315s ]
INFO: [ view_parse ] --END-- [ RunTime:0.015407s ]
INFO: [ view_filter ] --START--
INFO: Run Behavior\WriteHtmlCacheBehavior [ RunTime:0.000794s ]
INFO: [ view_filter ] --END-- [ RunTime:0.000824s ]
INFO: [ app_end ] --START--
INFO: Run Behavior\ShowPageTraceBehavior [ RunTime:0.001504s ]
INFO: [ app_end ] --END-- [ RunTime:0.001563s ]

[ 2018-11-05T10:12:17+08:00 ] 127.0.0.1 /
INFO: [ app_init ] --START--
INFO: Run Behavior\BuildLiteBehavior [ RunTime:0.000013s ]
INFO: [ app_init ] --END-- [ RunTime:0.000426s ]
INFO: [ app_begin ] --START--
INFO: Run Behavior\ReadHtmlCacheBehavior [ RunTime:0.001131s ]
INFO: [ app_begin ] --END-- [ RunTime:0.001190s ]
NOTIC: [8] Undefined index: keyword C:\phpStudy\PHPTutorial\WWW\php-admin\wwwroot\Application\Home\Controller\IndexController.class.php 第 9 行.
NOTIC: [8] Undefined index: plan C:\phpStudy\PHPTutorial\WWW\php-admin\wwwroot\Application\Home\Controller\IndexController.class.php 第 10 行.
NOTIC: [8] Undefined index: unit C:\phpStudy\PHPTutorial\WWW\php-admin\wwwroot\Application\Home\Controller\IndexController.class.php 第 11 行.
SQL: SHOW COLUMNS FROM `info` [ RunTime:0.0038s ]
SQL: SELECT `phone` FROM `info` WHERE ( id = '1' ) LIMIT 1   [ RunTime:0.0003s ]
SQL: SELECT `code` FROM `info` WHERE ( id = '1' ) LIMIT 1   [ RunTime:0.0003s ]
INFO: [ view_parse ] --START--
INFO: [ template_filter ] --START--
INFO: Run Behavior\ContentReplaceBehavior [ RunTime:0.000345s ]
INFO: [ template_filter ] --END-- [ RunTime:0.000395s ]

[ 2018-11-05T10:13:07+08:00 ] 127.0.0.1 /
INFO: [ app_init ] --START--
INFO: Run Behavior\BuildLiteBehavior [ RunTime:0.000015s ]
INFO: [ app_init ] --END-- [ RunTime:0.000462s ]
INFO: [ app_begin ] --START--
INFO: Run Behavior\ReadHtmlCacheBehavior [ RunTime:0.000623s ]
INFO: [ app_begin ] --END-- [ RunTime:0.000673s ]
NOTIC: [8] Undefined index: keyword C:\phpStudy\PHPTutorial\WWW\php-admin\wwwroot\Application\Home\Controller\IndexController.class.php 第 9 行.
NOTIC: [8] Undefined index: plan C:\phpStudy\PHPTutorial\WWW\php-admin\wwwroot\Application\Home\Controller\IndexController.class.php 第 10 行.
NOTIC: [8] Undefined index: unit C:\phpStudy\PHPTutorial\WWW\php-admin\wwwroot\Application\Home\Controller\IndexController.class.php 第 11 行.
SQL: SHOW COLUMNS FROM `info` [ RunTime:0.0035s ]
SQL: SELECT `phone` FROM `info` WHERE ( id = '1' ) LIMIT 1   [ RunTime:0.0004s ]
SQL: SELECT `code` FROM `info` WHERE ( id = '1' ) LIMIT 1   [ RunTime:0.0002s ]
INFO: [ view_parse ] --START--
INFO: [ template_filter ] --START--
INFO: Run Behavior\ContentReplaceBehavior [ RunTime:0.000349s ]
INFO: [ template_filter ] --END-- [ RunTime:0.000401s ]
NOTIC: [8] A session had already been started - ignoring session_start() C:\phpStudy\PHPTutorial\WWW\php-admin\wwwroot\Application\Runtime\Cache\Home\2a94b8bda04ff446dcedd42276fc99ee.php 第 1 行.
NOTIC: [8] Undefined index: keyword C:\phpStudy\PHPTutorial\WWW\php-admin\wwwroot\Application\Runtime\Cache\Home\2a94b8bda04ff446dcedd42276fc99ee.php 第 815 行.
NOTIC: [8] Undefined index: plan C:\phpStudy\PHPTutorial\WWW\php-admin\wwwroot\Application\Runtime\Cache\Home\2a94b8bda04ff446dcedd42276fc99ee.php 第 816 行.
NOTIC: [8] Undefined index: unit C:\phpStudy\PHPTutorial\WWW\php-admin\wwwroot\Application\Runtime\Cache\Home\2a94b8bda04ff446dcedd42276fc99ee.php 第 817 行.
INFO: Run Behavior\ParseTemplateBehavior [ RunTime:0.014432s ]
INFO: [ view_parse ] --END-- [ RunTime:0.014484s ]
INFO: [ view_filter ] --START--
INFO: Run Behavior\WriteHtmlCacheBehavior [ RunTime:0.001252s ]
INFO: [ view_filter ] --END-- [ RunTime:0.001297s ]
INFO: [ app_end ] --START--
INFO: Run Behavior\ShowPageTraceBehavior [ RunTime:0.002110s ]
INFO: [ app_end ] --END-- [ RunTime:0.002195s ]

[ 2018-11-05T10:14:00+08:00 ] 127.0.0.1 /add
INFO: [ app_init ] --START--
INFO: Run Behavior\BuildLiteBehavior [ RunTime:0.000015s ]
INFO: [ app_init ] --END-- [ RunTime:0.000519s ]
INFO: [ app_begin ] --START--
INFO: Run Behavior\ReadHtmlCacheBehavior [ RunTime:0.000866s ]
INFO: [ app_begin ] --END-- [ RunTime:0.000921s ]
NOTIC: [8] Undefined index: keyword C:\phpStudy\PHPTutorial\WWW\php-admin\wwwroot\Application\Home\Controller\IndexController.class.php 第 9 行.
NOTIC: [8] Undefined index: plan C:\phpStudy\PHPTutorial\WWW\php-admin\wwwroot\Application\Home\Controller\IndexController.class.php 第 10 行.
NOTIC: [8] Undefined index: unit C:\phpStudy\PHPTutorial\WWW\php-admin\wwwroot\Application\Home\Controller\IndexController.class.php 第 11 行.
INFO: [ app_end ] --START--
INFO: Run Behavior\ShowPageTraceBehavior [ RunTime:0.000944s ]
INFO: [ app_end ] --END-- [ RunTime:0.000996s ]

[ 2018-11-05T10:23:49+08:00 ] 127.0.0.1 /
INFO: [ app_init ] --START--
INFO: Run Behavior\BuildLiteBehavior [ RunTime:0.000016s ]
INFO: [ app_init ] --END-- [ RunTime:0.000560s ]
INFO: [ app_begin ] --START--
INFO: Run Behavior\ReadHtmlCacheBehavior [ RunTime:0.001152s ]
INFO: [ app_begin ] --END-- [ RunTime:0.001218s ]
NOTIC: [8] Undefined index: keyword C:\phpStudy\PHPTutorial\WWW\php-admin\wwwroot\Application\Home\Controller\IndexController.class.php 第 9 行.
NOTIC: [8] Undefined index: plan C:\phpStudy\PHPTutorial\WWW\php-admin\wwwroot\Application\Home\Controller\IndexController.class.php 第 10 行.
NOTIC: [8] Undefined index: unit C:\phpStudy\PHPTutorial\WWW\php-admin\wwwroot\Application\Home\Controller\IndexController.class.php 第 11 行.
SQL: SHOW COLUMNS FROM `info` [ RunTime:0.0032s ]
SQL: SELECT `phone` FROM `info` WHERE ( id = '1' ) LIMIT 1   [ RunTime:0.0003s ]
SQL: SELECT `code` FROM `info` WHERE ( id = '1' ) LIMIT 1   [ RunTime:0.0002s ]
INFO: [ view_parse ] --START--
INFO: [ template_filter ] --START--
INFO: Run Behavior\ContentReplaceBehavior [ RunTime:0.000346s ]
INFO: [ template_filter ] --END-- [ RunTime:0.000398s ]
NOTIC: [8] A session had already been started - ignoring session_start() C:\phpStudy\PHPTutorial\WWW\php-admin\wwwroot\Application\Runtime\Cache\Home\2a94b8bda04ff446dcedd42276fc99ee.php 第 1 行.
NOTIC: [8] Undefined index: keyword C:\phpStudy\PHPTutorial\WWW\php-admin\wwwroot\Application\Runtime\Cache\Home\2a94b8bda04ff446dcedd42276fc99ee.php 第 815 行.
NOTIC: [8] Undefined index: plan C:\phpStudy\PHPTutorial\WWW\php-admin\wwwroot\Application\Runtime\Cache\Home\2a94b8bda04ff446dcedd42276fc99ee.php 第 816 行.
NOTIC: [8] Undefined index: unit C:\phpStudy\PHPTutorial\WWW\php-admin\wwwroot\Application\Runtime\Cache\Home\2a94b8bda04ff446dcedd42276fc99ee.php 第 817 行.
INFO: Run Behavior\ParseTemplateBehavior [ RunTime:0.014375s ]
INFO: [ view_parse ] --END-- [ RunTime:0.014427s ]
INFO: [ view_filter ] --START--
INFO: Run Behavior\WriteHtmlCacheBehavior [ RunTime:0.000654s ]
INFO: [ view_filter ] --END-- [ RunTime:0.000689s ]
INFO: [ app_end ] --START--
INFO: Run Behavior\ShowPageTraceBehavior [ RunTime:0.000938s ]
INFO: [ app_end ] --END-- [ RunTime:0.000988s ]

[ 2018-11-05T10:29:45+08:00 ] 127.0.0.1 /add
INFO: [ app_init ] --START--
INFO: Run Behavior\BuildLiteBehavior [ RunTime:0.000014s ]
INFO: [ app_init ] --END-- [ RunTime:0.000561s ]
INFO: [ app_begin ] --START--
INFO: Run Behavior\ReadHtmlCacheBehavior [ RunTime:0.000811s ]
INFO: [ app_begin ] --END-- [ RunTime:0.000881s ]
NOTIC: [8] Undefined index: keyword C:\phpStudy\PHPTutorial\WWW\php-admin\wwwroot\Application\Home\Controller\IndexController.class.php 第 9 行.
NOTIC: [8] Undefined index: plan C:\phpStudy\PHPTutorial\WWW\php-admin\wwwroot\Application\Home\Controller\IndexController.class.php 第 10 行.
NOTIC: [8] Undefined index: unit C:\phpStudy\PHPTutorial\WWW\php-admin\wwwroot\Application\Home\Controller\IndexController.class.php 第 11 行.
NOTIC: [2] Missing argument 1 for I(), called in C:\phpStudy\PHPTutorial\WWW\php-admin\wwwroot\Application\Home\Controller\IndexController.class.php on line 37 and defined C:\phpStudy\PHPTutorial\WWW\php-admin\wwwroot\ThinkPHP\Common\functions.php 第 271 行.
NOTIC: [8] Undefined variable: name C:\phpStudy\PHPTutorial\WWW\php-admin\wwwroot\ThinkPHP\Common\functions.php 第 273 行.
NOTIC: [8] Undefined variable: name C:\phpStudy\PHPTutorial\WWW\php-admin\wwwroot\ThinkPHP\Common\functions.php 第 278 行.
NOTIC: [8] Undefined variable: name C:\phpStudy\PHPTutorial\WWW\php-admin\wwwroot\ThinkPHP\Common\functions.php 第 339 行.

[ 2018-11-05T10:31:19+08:00 ] 127.0.0.1 /add
INFO: [ app_init ] --START--
INFO: Run Behavior\BuildLiteBehavior [ RunTime:0.000013s ]
INFO: [ app_init ] --END-- [ RunTime:0.000667s ]
INFO: [ app_begin ] --START--
INFO: Run Behavior\ReadHtmlCacheBehavior [ RunTime:0.001088s ]
INFO: [ app_begin ] --END-- [ RunTime:0.001138s ]
NOTIC: [8] Undefined index: keyword C:\phpStudy\PHPTutorial\WWW\php-admin\wwwroot\Application\Home\Controller\IndexController.class.php 第 9 行.
NOTIC: [8] Undefined index: plan C:\phpStudy\PHPTutorial\WWW\php-admin\wwwroot\Application\Home\Controller\IndexController.class.php 第 10 行.
NOTIC: [8] Undefined index: unit C:\phpStudy\PHPTutorial\WWW\php-admin\wwwroot\Application\Home\Controller\IndexController.class.php 第 11 行.

[ 2018-11-05T10:31:21+08:00 ] 127.0.0.1 /add
INFO: [ app_init ] --START--
INFO: Run Behavior\BuildLiteBehavior [ RunTime:0.000015s ]
INFO: [ app_init ] --END-- [ RunTime:0.000520s ]
INFO: [ app_begin ] --START--
INFO: Run Behavior\ReadHtmlCacheBehavior [ RunTime:0.000847s ]
INFO: [ app_begin ] --END-- [ RunTime:0.000904s ]
NOTIC: [8] Undefined index: keyword C:\phpStudy\PHPTutorial\WWW\php-admin\wwwroot\Application\Home\Controller\IndexController.class.php 第 9 行.
NOTIC: [8] Undefined index: plan C:\phpStudy\PHPTutorial\WWW\php-admin\wwwroot\Application\Home\Controller\IndexController.class.php 第 10 行.
NOTIC: [8] Undefined index: unit C:\phpStudy\PHPTutorial\WWW\php-admin\wwwroot\Application\Home\Controller\IndexController.class.php 第 11 行.

[ 2018-11-05T10:39:46+08:00 ] 127.0.0.1 /add
INFO: [ app_init ] --START--
INFO: Run Behavior\BuildLiteBehavior [ RunTime:0.000012s ]
INFO: [ app_init ] --END-- [ RunTime:0.000504s ]
INFO: [ app_begin ] --START--
INFO: Run Behavior\ReadHtmlCacheBehavior [ RunTime:0.000848s ]
INFO: [ app_begin ] --END-- [ RunTime:0.000889s ]
NOTIC: [8] Undefined index: keyword C:\phpStudy\PHPTutorial\WWW\php-admin\wwwroot\Application\Home\Controller\IndexController.class.php 第 9 行.
NOTIC: [8] Undefined index: plan C:\phpStudy\PHPTutorial\WWW\php-admin\wwwroot\Application\Home\Controller\IndexController.class.php 第 10 行.
NOTIC: [8] Undefined index: unit C:\phpStudy\PHPTutorial\WWW\php-admin\wwwroot\Application\Home\Controller\IndexController.class.php 第 11 行.

[ 2018-11-05T10:39:47+08:00 ] 127.0.0.1 /add
INFO: [ app_init ] --START--
INFO: Run Behavior\BuildLiteBehavior [ RunTime:0.000013s ]
INFO: [ app_init ] --END-- [ RunTime:0.000837s ]
INFO: [ app_begin ] --START--
INFO: Run Behavior\ReadHtmlCacheBehavior [ RunTime:0.001145s ]
INFO: [ app_begin ] --END-- [ RunTime:0.001242s ]
NOTIC: [8] Undefined index: keyword C:\phpStudy\PHPTutorial\WWW\php-admin\wwwroot\Application\Home\Controller\IndexController.class.php 第 9 行.
NOTIC: [8] Undefined index: plan C:\phpStudy\PHPTutorial\WWW\php-admin\wwwroot\Application\Home\Controller\IndexController.class.php 第 10 行.
NOTIC: [8] Undefined index: unit C:\phpStudy\PHPTutorial\WWW\php-admin\wwwroot\Application\Home\Controller\IndexController.class.php 第 11 行.

[ 2018-11-05T10:39:48+08:00 ] 127.0.0.1 /index.php
INFO: [ app_init ] --START--
INFO: Run Behavior\BuildLiteBehavior [ RunTime:0.000014s ]
INFO: [ app_init ] --END-- [ RunTime:0.000511s ]
INFO: [ app_begin ] --START--
INFO: Run Behavior\ReadHtmlCacheBehavior [ RunTime:0.000907s ]
INFO: [ app_begin ] --END-- [ RunTime:0.000963s ]
NOTIC: [8] Undefined index: keyword C:\phpStudy\PHPTutorial\WWW\php-admin\wwwroot\Application\Home\Controller\IndexController.class.php 第 9 行.
NOTIC: [8] Undefined index: plan C:\phpStudy\PHPTutorial\WWW\php-admin\wwwroot\Application\Home\Controller\IndexController.class.php 第 10 行.
NOTIC: [8] Undefined index: unit C:\phpStudy\PHPTutorial\WWW\php-admin\wwwroot\Application\Home\Controller\IndexController.class.php 第 11 行.
SQL: SHOW COLUMNS FROM `info` [ RunTime:0.0044s ]
SQL: SELECT `phone` FROM `info` WHERE ( id = '1' ) LIMIT 1   [ RunTime:0.0003s ]
SQL: SELECT `code` FROM `info` WHERE ( id = '1' ) LIMIT 1   [ RunTime:0.0002s ]
INFO: [ view_parse ] --START--
INFO: [ template_filter ] --START--
INFO: Run Behavior\ContentReplaceBehavior [ RunTime:0.000336s ]
INFO: [ template_filter ] --END-- [ RunTime:0.000378s ]
NOTIC: [8] A session had already been started - ignoring session_start() C:\phpStudy\PHPTutorial\WWW\php-admin\wwwroot\Application\Runtime\Cache\Home\2a94b8bda04ff446dcedd42276fc99ee.php 第 1 行.
NOTIC: [8] Undefined index: keyword C:\phpStudy\PHPTutorial\WWW\php-admin\wwwroot\Application\Runtime\Cache\Home\2a94b8bda04ff446dcedd42276fc99ee.php 第 815 行.
NOTIC: [8] Undefined index: plan C:\phpStudy\PHPTutorial\WWW\php-admin\wwwroot\Application\Runtime\Cache\Home\2a94b8bda04ff446dcedd42276fc99ee.php 第 816 行.
NOTIC: [8] Undefined index: unit C:\phpStudy\PHPTutorial\WWW\php-admin\wwwroot\Application\Runtime\Cache\Home\2a94b8bda04ff446dcedd42276fc99ee.php 第 817 行.
INFO: Run Behavior\ParseTemplateBehavior [ RunTime:0.015762s ]
INFO: [ view_parse ] --END-- [ RunTime:0.015799s ]
INFO: [ view_filter ] --START--
INFO: Run Behavior\WriteHtmlCacheBehavior [ RunTime:0.000682s ]
INFO: [ view_filter ] --END-- [ RunTime:0.000716s ]
INFO: [ app_end ] --START--
INFO: Run Behavior\ShowPageTraceBehavior [ RunTime:0.000819s ]
INFO: [ app_end ] --END-- [ RunTime:0.000856s ]

[ 2018-11-05T10:40:15+08:00 ] 127.0.0.1 /
INFO: [ app_init ] --START--
INFO: Run Behavior\BuildLiteBehavior [ RunTime:0.000012s ]
INFO: [ app_init ] --END-- [ RunTime:0.000540s ]
INFO: [ app_begin ] --START--
INFO: Run Behavior\ReadHtmlCacheBehavior [ RunTime:0.000795s ]
INFO: [ app_begin ] --END-- [ RunTime:0.000835s ]
NOTIC: [8] Undefined index: keyword C:\phpStudy\PHPTutorial\WWW\php-admin\wwwroot\Application\Home\Controller\IndexController.class.php 第 9 行.
NOTIC: [8] Undefined index: plan C:\phpStudy\PHPTutorial\WWW\php-admin\wwwroot\Application\Home\Controller\IndexController.class.php 第 10 行.
NOTIC: [8] Undefined index: unit C:\phpStudy\PHPTutorial\WWW\php-admin\wwwroot\Application\Home\Controller\IndexController.class.php 第 11 行.
SQL: SHOW COLUMNS FROM `info` [ RunTime:0.0041s ]
SQL: SELECT `phone` FROM `info` WHERE ( id = '1' ) LIMIT 1   [ RunTime:0.0003s ]
SQL: SELECT `code` FROM `info` WHERE ( id = '1' ) LIMIT 1   [ RunTime:0.0009s ]
INFO: [ view_parse ] --START--
INFO: [ template_filter ] --START--
INFO: Run Behavior\ContentReplaceBehavior [ RunTime:0.000328s ]
INFO: [ template_filter ] --END-- [ RunTime:0.000373s ]
NOTIC: [8] A session had already been started - ignoring session_start() C:\phpStudy\PHPTutorial\WWW\php-admin\wwwroot\Application\Runtime\Cache\Home\2a94b8bda04ff446dcedd42276fc99ee.php 第 1 行.
NOTIC: [8] Undefined index: keyword C:\phpStudy\PHPTutorial\WWW\php-admin\wwwroot\Application\Runtime\Cache\Home\2a94b8bda04ff446dcedd42276fc99ee.php 第 815 行.
NOTIC: [8] Undefined index: plan C:\phpStudy\PHPTutorial\WWW\php-admin\wwwroot\Application\Runtime\Cache\Home\2a94b8bda04ff446dcedd42276fc99ee.php 第 816 行.
NOTIC: [8] Undefined index: unit C:\phpStudy\PHPTutorial\WWW\php-admin\wwwroot\Application\Runtime\Cache\Home\2a94b8bda04ff446dcedd42276fc99ee.php 第 817 行.
INFO: Run Behavior\ParseTemplateBehavior [ RunTime:0.013455s ]
INFO: [ view_parse ] --END-- [ RunTime:0.013533s ]
INFO: [ view_filter ] --START--
INFO: Run Behavior\WriteHtmlCacheBehavior [ RunTime:0.000631s ]
INFO: [ view_filter ] --END-- [ RunTime:0.000666s ]
INFO: [ app_end ] --START--
INFO: Run Behavior\ShowPageTraceBehavior [ RunTime:0.001136s ]
INFO: [ app_end ] --END-- [ RunTime:0.001187s ]

[ 2018-11-05T10:41:16+08:00 ] 127.0.0.1 /add
INFO: [ app_init ] --START--
INFO: Run Behavior\BuildLiteBehavior [ RunTime:0.000013s ]
INFO: [ app_init ] --END-- [ RunTime:0.000512s ]
INFO: [ app_begin ] --START--
INFO: Run Behavior\ReadHtmlCacheBehavior [ RunTime:0.000835s ]
INFO: [ app_begin ] --END-- [ RunTime:0.000881s ]
NOTIC: [8] Undefined index: keyword C:\phpStudy\PHPTutorial\WWW\php-admin\wwwroot\Application\Home\Controller\IndexController.class.php 第 9 行.
NOTIC: [8] Undefined index: plan C:\phpStudy\PHPTutorial\WWW\php-admin\wwwroot\Application\Home\Controller\IndexController.class.php 第 10 行.
NOTIC: [8] Undefined index: unit C:\phpStudy\PHPTutorial\WWW\php-admin\wwwroot\Application\Home\Controller\IndexController.class.php 第 11 行.
INFO: [ app_end ] --START--
INFO: Run Behavior\ShowPageTraceBehavior [ RunTime:0.000762s ]
INFO: [ app_end ] --END-- [ RunTime:0.000800s ]

[ 2018-11-05T10:44:58+08:00 ] 127.0.0.1 /add
INFO: [ app_init ] --START--
INFO: Run Behavior\BuildLiteBehavior [ RunTime:0.000016s ]
INFO: [ app_init ] --END-- [ RunTime:0.000472s ]
INFO: [ app_begin ] --START--
INFO: Run Behavior\ReadHtmlCacheBehavior [ RunTime:0.000877s ]
INFO: [ app_begin ] --END-- [ RunTime:0.000939s ]
NOTIC: [8] Undefined index: keyword C:\phpStudy\PHPTutorial\WWW\php-admin\wwwroot\Application\Home\Controller\IndexController.class.php 第 9 行.
NOTIC: [8] Undefined index: plan C:\phpStudy\PHPTutorial\WWW\php-admin\wwwroot\Application\Home\Controller\IndexController.class.php 第 10 行.
NOTIC: [8] Undefined index: unit C:\phpStudy\PHPTutorial\WWW\php-admin\wwwroot\Application\Home\Controller\IndexController.class.php 第 11 行.
INFO: [ app_end ] --START--
INFO: Run Behavior\ShowPageTraceBehavior [ RunTime:0.000917s ]
INFO: [ app_end ] --END-- [ RunTime:0.000990s ]

[ 2018-11-05T10:45:17+08:00 ] 127.0.0.1 /add
INFO: [ app_init ] --START--
INFO: Run Behavior\BuildLiteBehavior [ RunTime:0.000014s ]
INFO: [ app_init ] --END-- [ RunTime:0.000517s ]
INFO: [ app_begin ] --START--
INFO: Run Behavior\ReadHtmlCacheBehavior [ RunTime:0.000883s ]
INFO: [ app_begin ] --END-- [ RunTime:0.000960s ]
NOTIC: [8] Undefined index: keyword C:\phpStudy\PHPTutorial\WWW\php-admin\wwwroot\Application\Home\Controller\IndexController.class.php 第 9 行.
NOTIC: [8] Undefined index: plan C:\phpStudy\PHPTutorial\WWW\php-admin\wwwroot\Application\Home\Controller\IndexController.class.php 第 10 行.
NOTIC: [8] Undefined index: unit C:\phpStudy\PHPTutorial\WWW\php-admin\wwwroot\Application\Home\Controller\IndexController.class.php 第 11 行.
INFO: [ app_end ] --START--
INFO: Run Behavior\ShowPageTraceBehavior [ RunTime:0.000849s ]
INFO: [ app_end ] --END-- [ RunTime:0.000893s ]

[ 2018-11-05T10:45:33+08:00 ] 127.0.0.1 /add
INFO: [ app_init ] --START--
INFO: Run Behavior\BuildLiteBehavior [ RunTime:0.000014s ]
INFO: [ app_init ] --END-- [ RunTime:0.000478s ]
INFO: [ app_begin ] --START--
INFO: Run Behavior\ReadHtmlCacheBehavior [ RunTime:0.000896s ]
INFO: [ app_begin ] --END-- [ RunTime:0.000968s ]
NOTIC: [8] Undefined index: keyword C:\phpStudy\PHPTutorial\WWW\php-admin\wwwroot\Application\Home\Controller\IndexController.class.php 第 9 行.
NOTIC: [8] Undefined index: plan C:\phpStudy\PHPTutorial\WWW\php-admin\wwwroot\Application\Home\Controller\IndexController.class.php 第 10 行.
NOTIC: [8] Undefined index: unit C:\phpStudy\PHPTutorial\WWW\php-admin\wwwroot\Application\Home\Controller\IndexController.class.php 第 11 行.
INFO: [ app_end ] --START--
INFO: Run Behavior\ShowPageTraceBehavior [ RunTime:0.001110s ]
INFO: [ app_end ] --END-- [ RunTime:0.001179s ]

